                        .module PWM_CON.C
                        .area text(rom, con, rel)
 0000                   .dbfile E:\DMAVR-~3\PWM_CON\PWM_CON.C
 0000                   .dbfile F:\PROGRA~1\iccavr\include\delay.h
 0000                   .dbfunc e delay_1us _delay_1us fV
                        .even
 0000           _delay_1us::
 0000                   .dbline -1
 0000                   .dbline 9
 0000           ; //********************************************************************
 0000           ; /*函 数 名：delay_us
 0000           ; 建立日期：2010年1月28日
 0000           ; 编译环境：ICCAVR7.16A
 0000           ; 函数作用：微秒级的延时程序
 0000           ; 说    明：7.3728M晶振下
 0000           ; ********************************************************************/
 0000           ; void delay_1us(void)                 //1us延时函数，不能连续调用， 
 0000           ; { 
 0000                   .dbline 10
 0000           ;    asm("nop");                       //1时钟周期
 0000 0000              nop
 0002                   .dbline 11
 0002           ;    asm("nop");
 0002 0000              nop
 0004                   .dbline 12
 0004           ;    asm("nop");
 0004 0000              nop
 0006                   .dbline 13
 0006           ;    asm("nop");
 0006 0000              nop
 0008                   .dbline 14
 0008           ;    asm("nop");                       //1T
 0008 0000              nop
 000A                   .dbline 15
 000A           ;    asm("nop");
 000A 0000              nop
 000C                   .dbline -2
 000C           L1:
 000C                   .dbline 0 ; func end
 000C 0895              ret
 000E                   .dbend
 000E                   .dbfunc e delay_3us _delay_3us fV
                        .even
 000E           _delay_3us::
 000E                   .dbline -1
 000E                   .dbline 19
 000E           ; 
 000E           ; }
 000E           ; void delay_3us(void)                 //3us延时函数,,可重复调用不影响精度
 000E           ; { 
 000E                   .dbline 21
 000E           ;    
 000E           ;    asm("nop");
 000E 0000              nop
 0010                   .dbline 22
 0010           ;    asm("nop");
 0010 0000              nop
 0012                   .dbline 23
 0012           ;    asm("nop");                       
 0012 0000              nop
 0014                   .dbline 24
 0014           ;    asm("nop");
 0014 0000              nop
 0016                   .dbline 25
 0016           ;    asm("nop");
 0016 0000              nop
 0018                   .dbline 26
 0018           ;    asm("nop");
 0018 0000              nop
 001A                   .dbline 27
 001A           ;    asm("nop");                       
 001A 0000              nop
 001C                   .dbline 28
 001C           ;    asm("nop");
 001C 0000              nop
 001E                   .dbline 29
 001E           ;    asm("nop");
 001E 0000              nop
 0020                   .dbline 30
 0020           ;    asm("nop");
 0020 0000              nop
 0022                   .dbline 31
 0022           ;    asm("nop");                       
 0022 0000              nop
 0024                   .dbline 32
 0024           ;    asm("nop");
 0024 0000              nop
 0026                   .dbline 33
 0026           ;    asm("nop");
 0026 0000              nop
 0028                   .dbline 34
 0028           ;    asm("nop");
 0028 0000              nop
 002A                   .dbline 35
 002A           ;    asm("nop");                       
 002A 0000              nop
 002C                   .dbline 36
 002C           ;    asm("nop");
 002C 0000              nop
 002E                   .dbline 37
 002E           ;    asm("nop");
 002E 0000              nop
 0030                   .dbline 38
 0030           ;    asm("nop");
 0030 0000              nop
 0032                   .dbline 39
 0032           ;    asm("nop");
 0032 0000              nop
 0034                   .dbline 40
 0034           ;    asm("nop");
 0034 0000              nop
 0036                   .dbline 41
 0036           ;    asm("nop");                       
 0036 0000              nop
 0038                   .dbline -2
 0038           L2:
 0038                   .dbline 0 ; func end
 0038 0895              ret
 003A                   .dbend
 003A                   .dbfunc e delay_10us _delay_10us fV
                        .even
 003A           _delay_10us::
 003A                   .dbline -1
 003A                   .dbline 45
 003A           ; } 
 003A           ; 
 003A           ; void delay_10us(void)                 //10us延时函数,,可重复调用不影响精度
 003A           ; {
 003A                   .dbline 46
 003A           ;    delay_3us();
 003A E9DF              xcall _delay_3us
 003C                   .dbline 47
 003C           ;    delay_3us(); 
 003C E8DF              xcall _delay_3us
 003E                   .dbline 48
 003E           ;    delay_3us();  
 003E                   .dbline -2
 003E           L3:
 003E                   .dbline 0 ; func end
 003E E7CF              xjmp _delay_3us
 0040                   .dbend
 0040                   .dbfunc e delay_50us _delay_50us fV
                        .even
 0040           _delay_50us::
 0040                   .dbline -1
 0040                   .dbline 52
 0040           ; }
 0040           ;   
 0040           ; void delay_50us(void)                 //48us延时函数,,可重复调用不影响精度
 0040           ; { 
 0040                   .dbline 53
 0040           ;    delay_10us();
 0040 FCDF              xcall _delay_10us
 0042                   .dbline 54
 0042           ;    delay_10us(); 
 0042 FBDF              xcall _delay_10us
 0044                   .dbline 55
 0044           ;    delay_10us();
 0044 FADF              xcall _delay_10us
 0046                   .dbline 56
 0046           ;    delay_10us();
 0046                   .dbline -2
 0046           L4:
 0046                   .dbline 0 ; func end
 0046 F9CF              xjmp _delay_10us
 0048                   .dbend
 0048                   .dbfunc e delay_100us _delay_100us fV
                        .even
 0048           _delay_100us::
 0048                   .dbline -1
 0048                   .dbline 59
 0048           ; }
 0048           ; void delay_100us(void)     //exactly 98us延时函数,,可重复调用不影响精度
 0048           ; {
 0048                   .dbline 60
 0048           ;  delay_50us();
 0048 FBDF              xcall _delay_50us
 004A                   .dbline 61
 004A           ;  delay_50us();
 004A                   .dbline -2
 004A           L5:
 004A                   .dbline 0 ; func end
 004A FACF              xjmp _delay_50us
 004C                   .dbend
 004C                   .dbfunc e delay_n100us _delay_n100us fV
 004C           ;         n100us -> R20
                        .even
 004C           _delay_n100us::
 004C 4A93              st -y,R20
 004E 402F              mov R20,R16
 0050                   .dbline -1
 0050                   .dbline 64
 0050           ; }
 0050           ; void delay_n100us(unsigned char n100us)
 0050           ; {
 0050 01C0              xjmp L8
 0052           L7:
 0052                   .dbline 66
 0052           ;  while(n100us--)                          
 0052           ;  delay_100us();
 0052 FADF              xcall _delay_100us
 0054           L8:
 0054                   .dbline 65
 0054 242E              mov R2,R20
 0056 3324              clr R3
 0058 4150              subi R20,1
 005A 2220              tst R2
 005C D1F7              brne L7
 005E           X0:
 005E                   .dbline -2
 005E           L6:
 005E                   .dbline 0 ; func end
 005E 4991              ld R20,y+
 0060 0895              ret
 0062                   .dbsym r n100us 20 c
 0062                   .dbend
 0062                   .dbfunc e delay_1ms _delay_1ms fV
                        .even
 0062           _delay_1ms::
 0062                   .dbline -1
 0062                   .dbline 78
 0062           ; }
 0062           ; /*delay_n100us(2)        250us
 0062           ; delay_n100us(3)          360us
 0062           ; delay_n100us(4)          470us
 0062           ; delay_n100us(5)          580us
 0062           ; delay_n100us(6)          690us
 0062           ; delay_n100us(7)       800us
 0062           ; delay_n100us(8)          900us              主要是由于函数声明及while,,,大概6us
 0062           ; 
 0062           ; */
 0062           ; void delay_1ms()
 0062           ; {
 0062                   .dbline 79
 0062           ;  delay_100us();
 0062 F2DF              xcall _delay_100us
 0064                   .dbline 80
 0064           ;  delay_100us();
 0064 F1DF              xcall _delay_100us
 0066                   .dbline 81
 0066           ;  delay_100us();
 0066 F0DF              xcall _delay_100us
 0068                   .dbline 82
 0068           ;  delay_100us();
 0068 EFDF              xcall _delay_100us
 006A                   .dbline 83
 006A           ;  delay_100us();
 006A EEDF              xcall _delay_100us
 006C                   .dbline 84
 006C           ;  delay_100us();
 006C EDDF              xcall _delay_100us
 006E                   .dbline 85
 006E           ;  delay_100us();
 006E ECDF              xcall _delay_100us
 0070                   .dbline 86
 0070           ;  delay_100us();
 0070 EBDF              xcall _delay_100us
 0072                   .dbline 87
 0072           ;  delay_100us();
 0072 EADF              xcall _delay_100us
 0074                   .dbline 88
 0074           ;  delay_100us();
 0074                   .dbline -2
 0074           L10:
 0074                   .dbline 0 ; func end
 0074 E9CF              xjmp _delay_100us
 0076                   .dbend
 0076                   .dbfunc e delay_nms _delay_nms fV
 0076           ;            nms -> R20,R21
                        .even
 0076           _delay_nms::
 0076 4A93              st -y,R20
 0078 5A93              st -y,R21
 007A A801              movw R20,R16
 007C                   .dbline -1
 007C                   .dbline 98
 007C           ; }
 007C           ; /********************************************************************
 007C           ; 函 数 名：Delay_ms
 007C           ; 建立日期：2010年1月28日
 007C           ; 修改日期：
 007C           ; 函数作用：毫秒级的精确延时程序
 007C           ; 说    明：
 007C           ; ********************************************************************/
 007C           ; void delay_nms(unsigned int nms)
 007C           ; {
 007C 01C0              xjmp L13
 007E           L12:
 007E                   .dbline 100
 007E           ;  while(nms--) 
 007E           ;  delay_1ms();
 007E F1DF              xcall _delay_1ms
 0080           L13:
 0080                   .dbline 99
 0080 1A01              movw R2,R20
 0082 4150              subi R20,1
 0084 5040              sbci R21,0
 0086 2220              tst R2
 0088 D1F7              brne L12
 008A 3320              tst R3
 008C C1F7              brne L12
 008E           X1:
 008E                   .dbline -2
 008E           L11:
 008E                   .dbline 0 ; func end
 008E 5991              ld R21,y+
 0090 4991              ld R20,y+
 0092 0895              ret
 0094                   .dbsym r nms 20 i
 0094                   .dbend
 0094                   .dbfunc e delay_ns _delay_ns fV
 0094           ;             ns -> R20
                        .even
 0094           _delay_ns::
 0094 4A93              st -y,R20
 0096 402F              mov R20,R16
 0098                   .dbline -1
 0098                   .dbline 103
 0098           ; }
 0098           ; void delay_ns(unsigned char ns)
 0098           ; {
 0098 03C0              xjmp L17
 009A           L16:
 009A                   .dbline 105
 009A           ;  while(ns--) 
 009A           ;  delay_nms(1000);
 009A 08EE              ldi R16,1000
 009C 13E0              ldi R17,3
 009E EBDF              xcall _delay_nms
 00A0           L17:
 00A0                   .dbline 104
 00A0 242E              mov R2,R20
 00A2 3324              clr R3
 00A4 4150              subi R20,1
 00A6 2220              tst R2
 00A8 C1F7              brne L16
 00AA           X2:
 00AA                   .dbline -2
 00AA           L15:
 00AA                   .dbline 0 ; func end
 00AA 4991              ld R20,y+
 00AC 0895              ret
 00AE                   .dbsym r ns 20 c
 00AE                   .dbend
                        .area data(ram, con, rel)
 0000                   .dbfile F:\PROGRA~1\iccavr\include\delay.h
 0000           _auc_SinParam::
 0000                   .blkb 2
                        .area idata
 0000 8086              .byte 128,134
                        .area data(ram, con, rel)
 0002                   .dbfile F:\PROGRA~1\iccavr\include\delay.h
 0002                   .blkb 2
                        .area idata
 0002 8C93              .byte 140,147
                        .area data(ram, con, rel)
 0004                   .dbfile F:\PROGRA~1\iccavr\include\delay.h
 0004                   .blkb 2
                        .area idata
 0004 999F              .byte 153,159
                        .area data(ram, con, rel)
 0006                   .dbfile F:\PROGRA~1\iccavr\include\delay.h
 0006                   .blkb 2
                        .area idata
 0006 A5AB              .byte 165,171
                        .area data(ram, con, rel)
 0008                   .dbfile F:\PROGRA~1\iccavr\include\delay.h
 0008                   .blkb 2
                        .area idata
 0008 B1B6              .byte 177,182
                        .area data(ram, con, rel)
 000A                   .dbfile F:\PROGRA~1\iccavr\include\delay.h
 000A                   .blkb 2
                        .area idata
 000A BCC1              .byte 188,193
                        .area data(ram, con, rel)
 000C                   .dbfile F:\PROGRA~1\iccavr\include\delay.h
 000C                   .blkb 2
                        .area idata
 000C C6CC              .byte 198,204
                        .area data(ram, con, rel)
 000E                   .dbfile F:\PROGRA~1\iccavr\include\delay.h
 000E                   .blkb 2
                        .area idata
 000E D0D5              .byte 208,213
                        .area data(ram, con, rel)
 0010                   .dbfile F:\PROGRA~1\iccavr\include\delay.h
 0010                   .blkb 2
                        .area idata
 0010 DADE              .byte 218,222
                        .area data(ram, con, rel)
 0012                   .dbfile F:\PROGRA~1\iccavr\include\delay.h
 0012                   .blkb 2
                        .area idata
 0012 E2E6              .byte 226,230
                        .area data(ram, con, rel)
 0014                   .dbfile F:\PROGRA~1\iccavr\include\delay.h
 0014                   .blkb 2
                        .area idata
 0014 E9ED              .byte 233,237
                        .area data(ram, con, rel)
 0016                   .dbfile F:\PROGRA~1\iccavr\include\delay.h
 0016                   .blkb 2
                        .area idata
 0016 F0F2              .byte 240,242
                        .area data(ram, con, rel)
 0018                   .dbfile F:\PROGRA~1\iccavr\include\delay.h
 0018                   .blkb 2
                        .area idata
 0018 F5F7              .byte 245,247
                        .area data(ram, con, rel)
 001A                   .dbfile F:\PROGRA~1\iccavr\include\delay.h
 001A                   .blkb 2
                        .area idata
 001A F9FB              .byte 249,251
                        .area data(ram, con, rel)
 001C                   .dbfile F:\PROGRA~1\iccavr\include\delay.h
 001C                   .blkb 2
                        .area idata
 001C FCFD              .byte 252,253
                        .area data(ram, con, rel)
 001E                   .dbfile F:\PROGRA~1\iccavr\include\delay.h
 001E                   .blkb 2
                        .area idata
 001E FEFE              .byte 254,254
                        .area data(ram, con, rel)
 0020                   .dbfile F:\PROGRA~1\iccavr\include\delay.h
 0020                   .blkb 2
                        .area idata
 0020 FEFE              .byte 254,254
                        .area data(ram, con, rel)
 0022                   .dbfile F:\PROGRA~1\iccavr\include\delay.h
 0022                   .blkb 2
                        .area idata
 0022 FDFC              .byte 253,252
                        .area data(ram, con, rel)
 0024                   .dbfile F:\PROGRA~1\iccavr\include\delay.h
 0024                   .blkb 2
                        .area idata
 0024 FBFA              .byte 251,250
                        .area data(ram, con, rel)
 0026                   .dbfile F:\PROGRA~1\iccavr\include\delay.h
 0026                   .blkb 2
                        .area idata
 0026 F8F6              .byte 248,246
                        .area data(ram, con, rel)
 0028                   .dbfile F:\PROGRA~1\iccavr\include\delay.h
 0028                   .blkb 2
                        .area idata
 0028 F4F1              .byte 244,241
                        .area data(ram, con, rel)
 002A                   .dbfile F:\PROGRA~1\iccavr\include\delay.h
 002A                   .blkb 2
                        .area idata
 002A EEEB              .byte 238,235
                        .area data(ram, con, rel)
 002C                   .dbfile F:\PROGRA~1\iccavr\include\delay.h
 002C                   .blkb 2
                        .area idata
 002C E8E4              .byte 232,228
                        .area data(ram, con, rel)
 002E                   .dbfile F:\PROGRA~1\iccavr\include\delay.h
 002E                   .blkb 2
                        .area idata
 002E E0DC              .byte 224,220
                        .area data(ram, con, rel)
 0030                   .dbfile F:\PROGRA~1\iccavr\include\delay.h
 0030                   .blkb 2
                        .area idata
 0030 D7D3              .byte 215,211
                        .area data(ram, con, rel)
 0032                   .dbfile F:\PROGRA~1\iccavr\include\delay.h
 0032                   .blkb 2
                        .area idata
 0032 CEC9              .byte 206,201
                        .area data(ram, con, rel)
 0034                   .dbfile F:\PROGRA~1\iccavr\include\delay.h
 0034                   .blkb 2
                        .area idata
 0034 C4BF              .byte 196,191
                        .area data(ram, con, rel)
 0036                   .dbfile F:\PROGRA~1\iccavr\include\delay.h
 0036                   .blkb 2
                        .area idata
 0036 B9B3              .byte 185,179
                        .area data(ram, con, rel)
 0038                   .dbfile F:\PROGRA~1\iccavr\include\delay.h
 0038                   .blkb 2
                        .area idata
 0038 AEA8              .byte 174,168
                        .area data(ram, con, rel)
 003A                   .dbfile F:\PROGRA~1\iccavr\include\delay.h
 003A                   .blkb 2
                        .area idata
 003A A29C              .byte 162,156
                        .area data(ram, con, rel)
 003C                   .dbfile F:\PROGRA~1\iccavr\include\delay.h
 003C                   .blkb 2
                        .area idata
 003C 9690              .byte 150,144
                        .area data(ram, con, rel)
 003E                   .dbfile F:\PROGRA~1\iccavr\include\delay.h
 003E                   .blkb 2
                        .area idata
 003E 8983              .byte 137,131
                        .area data(ram, con, rel)
 0040                   .dbfile F:\PROGRA~1\iccavr\include\delay.h
 0040                   .blkb 2
                        .area idata
 0040 7D77              .byte 125,'w
                        .area data(ram, con, rel)
 0042                   .dbfile F:\PROGRA~1\iccavr\include\delay.h
 0042                   .blkb 2
                        .area idata
 0042 706A              .byte 'p,'j
                        .area data(ram, con, rel)
 0044                   .dbfile F:\PROGRA~1\iccavr\include\delay.h
 0044                   .blkb 2
                        .area idata
 0044 645E              .byte 'd,94
                        .area data(ram, con, rel)
 0046                   .dbfile F:\PROGRA~1\iccavr\include\delay.h
 0046                   .blkb 2
                        .area idata
 0046 5852              .byte 'X,'R
                        .area data(ram, con, rel)
 0048                   .dbfile F:\PROGRA~1\iccavr\include\delay.h
 0048                   .blkb 2
                        .area idata
 0048 4D47              .byte 'M,'G
                        .area data(ram, con, rel)
 004A                   .dbfile F:\PROGRA~1\iccavr\include\delay.h
 004A                   .blkb 2
                        .area idata
 004A 413C              .byte 'A,60
                        .area data(ram, con, rel)
 004C                   .dbfile F:\PROGRA~1\iccavr\include\delay.h
 004C                   .blkb 2
                        .area idata
 004C 3732              .byte 55,50
                        .area data(ram, con, rel)
 004E                   .dbfile F:\PROGRA~1\iccavr\include\delay.h
 004E                   .blkb 2
                        .area idata
 004E 2D29              .byte 45,41
                        .area data(ram, con, rel)
 0050                   .dbfile F:\PROGRA~1\iccavr\include\delay.h
 0050                   .blkb 2
                        .area idata
 0050 2420              .byte 36,32
                        .area data(ram, con, rel)
 0052                   .dbfile F:\PROGRA~1\iccavr\include\delay.h
 0052                   .blkb 2
                        .area idata
 0052 1C18              .byte 28,24
                        .area data(ram, con, rel)
 0054                   .dbfile F:\PROGRA~1\iccavr\include\delay.h
 0054                   .blkb 2
                        .area idata
 0054 1512              .byte 21,18
                        .area data(ram, con, rel)
 0056                   .dbfile F:\PROGRA~1\iccavr\include\delay.h
 0056                   .blkb 2
                        .area idata
 0056 0F0C              .byte 15,12
                        .area data(ram, con, rel)
 0058                   .dbfile F:\PROGRA~1\iccavr\include\delay.h
 0058                   .blkb 2
                        .area idata
 0058 0A08              .byte 10,8
                        .area data(ram, con, rel)
 005A                   .dbfile F:\PROGRA~1\iccavr\include\delay.h
 005A                   .blkb 2
                        .area idata
 005A 0605              .byte 6,5
                        .area data(ram, con, rel)
 005C                   .dbfile F:\PROGRA~1\iccavr\include\delay.h
 005C                   .blkb 2
                        .area idata
 005C 0403              .byte 4,3
                        .area data(ram, con, rel)
 005E                   .dbfile F:\PROGRA~1\iccavr\include\delay.h
 005E                   .blkb 2
                        .area idata
 005E 0202              .byte 2,2
                        .area data(ram, con, rel)
 0060                   .dbfile F:\PROGRA~1\iccavr\include\delay.h
 0060                   .blkb 2
                        .area idata
 0060 0202              .byte 2,2
                        .area data(ram, con, rel)
 0062                   .dbfile F:\PROGRA~1\iccavr\include\delay.h
 0062                   .blkb 2
                        .area idata
 0062 0304              .byte 3,4
                        .area data(ram, con, rel)
 0064                   .dbfile F:\PROGRA~1\iccavr\include\delay.h
 0064                   .blkb 2
                        .area idata
 0064 0507              .byte 5,7
                        .area data(ram, con, rel)
 0066                   .dbfile F:\PROGRA~1\iccavr\include\delay.h
 0066                   .blkb 2
                        .area idata
 0066 090B              .byte 9,11
                        .area data(ram, con, rel)
 0068                   .dbfile F:\PROGRA~1\iccavr\include\delay.h
 0068                   .blkb 2
                        .area idata
 0068 0E10              .byte 14,16
                        .area data(ram, con, rel)
 006A                   .dbfile F:\PROGRA~1\iccavr\include\delay.h
 006A                   .blkb 2
                        .area idata
 006A 1317              .byte 19,23
                        .area data(ram, con, rel)
 006C                   .dbfile F:\PROGRA~1\iccavr\include\delay.h
 006C                   .blkb 2
                        .area idata
 006C 1A1E              .byte 26,30
                        .area data(ram, con, rel)
 006E                   .dbfile F:\PROGRA~1\iccavr\include\delay.h
 006E                   .blkb 2
                        .area idata
 006E 2226              .byte 34,38
                        .area data(ram, con, rel)
 0070                   .dbfile F:\PROGRA~1\iccavr\include\delay.h
 0070                   .blkb 2
                        .area idata
 0070 2B30              .byte 43,48
                        .area data(ram, con, rel)
 0072                   .dbfile F:\PROGRA~1\iccavr\include\delay.h
 0072                   .blkb 2
                        .area idata
 0072 3439              .byte 52,57
                        .area data(ram, con, rel)
 0074                   .dbfile F:\PROGRA~1\iccavr\include\delay.h
 0074                   .blkb 2
                        .area idata
 0074 3F44              .byte 63,'D
                        .area data(ram, con, rel)
 0076                   .dbfile F:\PROGRA~1\iccavr\include\delay.h
 0076                   .blkb 2
                        .area idata
 0076 4A4F              .byte 'J,'O
                        .area data(ram, con, rel)
 0078                   .dbfile F:\PROGRA~1\iccavr\include\delay.h
 0078                   .blkb 2
                        .area idata
 0078 555B              .byte 'U,91
                        .area data(ram, con, rel)
 007A                   .dbfile F:\PROGRA~1\iccavr\include\delay.h
 007A                   .blkb 2
                        .area idata
 007A 6167              .byte 'a,'g
                        .area data(ram, con, rel)
 007C                   .dbfile F:\PROGRA~1\iccavr\include\delay.h
 007C                   .blkb 2
                        .area idata
 007C 6D74              .byte 'm,'t
                        .area data(ram, con, rel)
 007E                   .dbfile F:\PROGRA~1\iccavr\include\delay.h
 007E                   .blkb 2
                        .area idata
 007E 7A80              .byte 'z,128
                        .area data(ram, con, rel)
 0080                   .dbfile F:\PROGRA~1\iccavr\include\delay.h
 0080                   .dbfile E:\DMAVR-~3\PWM_CON\PWM_CON.C
 0080                   .dbsym e auc_SinParam _auc_SinParam A[128:128]c
 0080           _x_SW::
 0080                   .blkb 1
                        .area idata
 0080 08                .byte 8
                        .area data(ram, con, rel)
 0081                   .dbfile E:\DMAVR-~3\PWM_CON\PWM_CON.C
 0081                   .dbsym e x_SW _x_SW c
 0081           _X_LUT::
 0081                   .blkb 1
                        .area idata
 0081 00                .byte 0
                        .area data(ram, con, rel)
 0082                   .dbfile E:\DMAVR-~3\PWM_CON\PWM_CON.C
 0082                   .dbsym e X_LUT _X_LUT c
                        .area text(rom, con, rel)
 00AE                   .dbfile E:\DMAVR-~3\PWM_CON\PWM_CON.C
 00AE                   .dbfunc e system_init _system_init fV
                        .even
 00AE           _system_init::
 00AE                   .dbline -1
 00AE                   .dbline 54
 00AE           ; //DMAVR-M16的定时器实现快速PWM输出示例程序，定时器0溢出中断的方式
 00AE           ; //输出PWM波形驱动发光二极管，亮度由暗到灭，呈闪烁状态
 00AE           ; //样值采取正弦波公式，示例如下
 00AE           ; //正弦波采样值计算公式
 00AE           ; //                    f(x)=128+127*sin(2*3.1415*x/127) x=[0....127]
 00AE           ; //PWM输出也可通过控制LED发光来直观的看到效果，亮度持续的变化
 00AE           ; //可以通过选跳线帽选择是通过LED直接查看还是通过滤波器查看实际波形
 00AE           ; //编译环境 ICCAVR 7.16A
 00AE           ; //系统时钟7.3728MHZ，设置熔丝位为外部高频石英晶体振荡，启动时间4.1ms
 00AE           ; //作者：阿迪 www.avrgcc.com
 00AE           ; //日期：2010.01.14
 00AE           ; 
 00AE           ; //***********************************************************************
 00AE           ; //                    包含文件
 00AE           ; //***********************************************************************
 00AE           ; 
 00AE           ; #include <string.h>
 00AE           ; #include <stdio.h>
 00AE           ; #include <delay.h>
 00AE           ; #include <iom128v.h>
 00AE           ; 
 00AE           ; //***********************************************************************
 00AE           ; //                    定义变量区
 00AE           ; //***********************************************************************
 00AE           ; #define f_count         254                              //0CR0寄存器初始值
 00AE           ; #define timer_clk       0x07
 00AE           ; 
 00AE           ; #define uchar           unsigned char
 00AE           ; #define uint            unsigned int
 00AE           ; 
 00AE           ; #define Data_IO               PORTA                //数码管数据口
 00AE           ; #define Data_DDR        DDRA                 //数码管数据口方向寄存器
 00AE           ; #define D_LE0         PORTD &= ~(1 << PD4) //数码管段控制位为0，锁存端口数据
 00AE           ; #define D_LE1           PORTD |= (1 << PD4)  //数码管段控制位为1，锁存器输出与端口一致
 00AE           ; #define W_LE0         PORTD &= ~(1 << PD5) //数码管位控制位为0
 00AE           ; #define W_LE1           PORTD |= (1 << PD5)  //数码管位控制位为1
 00AE           ; 
 00AE           ; uchar auc_SinParam[128] = {
 00AE           ; 128,134,140,147,153,159,165,171,177,182,188,193,198,204,208,213,
 00AE           ; 218,222,226,230,233,237,240,242,245,247,249,251,252,253,254,254,
 00AE           ; 254,254,253,252,251,250,248,246,244,241,238,235,232,228,224,220,
 00AE           ; 215,211,206,201,196,191,185,179,174,168,162,156,150,144,137,131,
 00AE           ; 125,119,112,106,100,94,88,82,77,71,65,60,55,50,45,41,
 00AE           ; 36,32,28,24,21,18,15,12,10,8,6,5,4,3,2,2,
 00AE           ; 2,2,3,4,5,7,9,11,14,16,19,23,26,30,34,38,
 00AE           ; 43,48,52,57,63,68,74,79,85,91,97,103,109,116,122,128};        // 128点正弦波样本值
 00AE           ; 
 00AE           ; uchar x_SW = 8,X_LUT = 0;
 00AE           ; 
 00AE           ; //*************************************************************************
 00AE           ; //                    初始化子程序
 00AE           ; //*************************************************************************
 00AE           ; void system_init()                                   //IO口初始化
 00AE           ; {
 00AE                   .dbline 56
 00AE           ;   
 00AE           ;   PORTB=0xff;                                       //PB设置为输出
 00AE 8FEF              ldi R24,255
 00B0 88BB              out 0x18,R24
 00B2                   .dbline 57
 00B2           ;   DDRB=0xff;                                        //上拉电阻无效
 00B2 87BB              out 0x17,R24
 00B4                   .dbline 59
 00B4           ;   
 00B4           ;   D_LE1;                                                      //关掉数码管，以免显示乱码                   
 00B4 949A              sbi 0x12,4
 00B6                   .dbline 60
 00B6           ;   W_LE1;                     
 00B6 959A              sbi 0x12,5
 00B8                   .dbline 61
 00B8           ;   Data_IO=0xFF;                                               //关数码管            
 00B8 8BBB              out 0x1b,R24
 00BA                   .dbline 62
 00BA           ;   W_LE0; 
 00BA 9598              cbi 0x12,5
 00BC                   .dbline -2
 00BC           L19:
 00BC                   .dbline 0 ; func end
 00BC 0895              ret
 00BE                   .dbend
 00BE                   .dbfunc e timer0_init _timer0_init fV
                        .even
 00BE           _timer0_init::
 00BE                   .dbline -1
 00BE                   .dbline 66
 00BE           ; }
 00BE           ; 
 00BE           ; void timer0_init()                                 //定时器初始化
 00BE           ; {
 00BE                   .dbline 67
 00BE           ;   TCCR0=0x68|timer_clk;                            //快读PWM模式，OC0输出，分频
 00BE 8FE6              ldi R24,111
 00C0 83BF              out 0x33,R24
 00C2                   .dbline 68
 00C2           ;   OCR0=128;                                        //OCR0比较匹配寄存器值
 00C2 80E8              ldi R24,128
 00C4 81BF              out 0x31,R24
 00C6                   .dbline 69
 00C6           ;   TIFR=0x01;                                       //清中断标志位
 00C6 81E0              ldi R24,1
 00C8 86BF              out 0x36,R24
 00CA                   .dbline 70
 00CA           ;   TIMSK=0x01;                                      //使能定时器0溢出中断
 00CA 87BF              out 0x37,R24
 00CC                   .dbline -2
 00CC           L20:
 00CC                   .dbline 0 ; func end
 00CC 0895              ret
 00CE                   .dbend
                        .area vector(rom, abs)
                        .org 64
 0040 0C946700          jmp _TIMER0_ISR
                        .area text(rom, con, rel)
 00CE                   .dbfile E:\DMAVR-~3\PWM_CON\PWM_CON.C
 00CE                   .dbfunc e TIMER0_ISR _TIMER0_ISR fV
                        .even
 00CE           _TIMER0_ISR::
 00CE 2A92              st -y,R2
 00D0 3A92              st -y,R3
 00D2 8A93              st -y,R24
 00D4 9A93              st -y,R25
 00D6 EA93              st -y,R30
 00D8 FA93              st -y,R31
 00DA 2FB6              in R2,0x3f
 00DC 2A92              st -y,R2
 00DE                   .dbline -1
 00DE                   .dbline 80
 00DE           ; }
 00DE           ; 
 00DE           ; 
 00DE           ; //*************************************************************************
 00DE           ; //            定时器0中断服务子程序
 00DE           ; //*************************************************************************
 00DE           ; 
 00DE           ; #pragma interrupt_handler  TIMER0_ISR:iv_TIM0_OVF
 00DE           ; void TIMER0_ISR()             
 00DE           ; {
 00DE                   .dbline 81
 00DE           ;     X_LUT += x_SW;                                                     // 新样点指针
 00DE 20908000          lds R2,_x_SW
 00E2 30908100          lds R3,_X_LUT
 00E6 320C              add R3,R2
 00E8 30928100          sts _X_LUT,R3
 00EC                   .dbline 82
 00EC           ;       if (X_LUT > 127) X_LUT -= 128;                   // 样点指针调整
 00EC 8FE7              ldi R24,127
 00EE 232C              mov R2,R3
 00F0 8315              cp R24,R3
 00F2 20F4              brsh L22
 00F4           X3:
 00F4                   .dbline 82
 00F4 832D              mov R24,R3
 00F6 8058              subi R24,128
 00F8 80938100          sts _X_LUT,R24
 00FC           L22:
 00FC                   .dbline 83
 00FC           ;       OCR0 =auc_SinParam[X_LUT];                                       // 取样点指针到比较匹配寄存器
 00FC 80E0              ldi R24,<_auc_SinParam
 00FE 90E0              ldi R25,>_auc_SinParam
 0100 E0918100          lds R30,_X_LUT
 0104 FF27              clr R31
 0106 E80F              add R30,R24
 0108 F91F              adc R31,R25
 010A 2080              ldd R2,z+0
 010C 21BE              out 0x31,R2
 010E                   .dbline -2
 010E           L21:
 010E                   .dbline 0 ; func end
 010E 2990              ld R2,y+
 0110 2FBE              out 0x3f,R2
 0112 F991              ld R31,y+
 0114 E991              ld R30,y+
 0116 9991              ld R25,y+
 0118 8991              ld R24,y+
 011A 3990              ld R3,y+
 011C 2990              ld R2,y+
 011E 1895              reti
 0120                   .dbend
 0120                   .dbfunc e main _main fV
                        .even
 0120           _main::
 0120                   .dbline -1
 0120                   .dbline 91
 0120           ; }
 0120           ; 
 0120           ; //*************************************************************************
 0120           ; //            主程序
 0120           ; //*************************************************************************
 0120           ; 
 0120           ; void main(void)
 0120           ; {
 0120                   .dbline 92
 0120           ;   system_init();                               //系统初始化.PB3输出PWM波形
 0120 C6DF              xcall _system_init
 0122                   .dbline 93
 0122           ;   timer0_init();                               //定时器0初始化，完成PWM相关配置
 0122 CDDF              xcall _timer0_init
 0124                   .dbline 94
 0124           ;   SREG|=0x80;                                  //开启全局中断
 0124 7894              bset 7
 0126           L25:
 0126                   .dbline 96
 0126           ;   while(1)
 0126           ;   {
 0126                   .dbline 97
 0126           ;   }
 0126           L26:
 0126                   .dbline 95
 0126 FFCF              xjmp L25
 0128           X4:
 0128                   .dbline -2
 0128           L24:
 0128                   .dbline 0 ; func end
 0128 0895              ret
 012A                   .dbend
 012A           ; }
