C51 COMPILER V7.07   MMP                                                                   10/27/2009 00:27:38 PAGE 1   


C51 COMPILER V7.07, COMPILATION OF MODULE MMP
OBJECT MODULE PLACED IN mmp.OBJ
COMPILER INVOKED BY: d:\Keil\C51\BIN\C51.EXE mmp.c BROWSE DEBUG OBJECTEXTEND

stmt level    source

   1          code unsigned char gImage_mmp[12288] = { /* 0X10,0X10,0X00,0X60,0X00,0X40,0X01,0X1B, */
   2          0XF7,0XBE,0XE7,0X1B,0XDE,0XFB,0XF7,0XBE,0XF7,0XDF,0XD7,0X1C,0XC6,0X5A,0XC6,0X7A,
   3          0XDF,0X3C,0XEF,0XBE,0XF7,0XFF,0XDF,0X1C,0XDE,0XFB,0XDE,0XFA,0XC6,0X17,0XD6,0X57,
   4          0XF6,0XD8,0XFE,0XF8,0XDD,0XD3,0XB4,0X6E,0XDD,0XB3,0XDD,0XB3,0XB4,0X6D,0XEE,0X35,
   5          0XEE,0X55,0XF6,0X76,0XFE,0XD8,0XBC,0XF1,0XF6,0X97,0XE6,0X36,0XDD,0XF6,0X8B,0XCD,
   6          0XBD,0X32,0X93,0XED,0X7B,0X4B,0X7B,0X2A,0X83,0X4B,0X8B,0XAC,0X83,0X2A,0X72,0XC9,
   7          0X5A,0X06,0X8B,0X8C,0X59,0XE6,0X6A,0X88,0X62,0X27,0X6A,0X67,0X62,0X26,0X5A,0X06,
   8          0X6A,0XC9,0X62,0XA9,0X39,0X43,0X49,0XA5,0X5A,0X27,0X51,0XA5,0X6A,0X88,0X6A,0X88,
   9          0X62,0X06,0X7A,0XEA,0X6A,0X67,0X59,0XE5,0X72,0X88,0X93,0XCC,0X7B,0X09,0XA4,0X4E,
  10          0X8B,0X6A,0X93,0XAB,0X8B,0X8B,0XB4,0XD0,0X9B,0XEC,0XD5,0XD4,0XF6,0XD8,0XF7,0X3A,
  11          0XF7,0X3A,0XFF,0X9C,0XFF,0XDE,0XDE,0XFA,0XFF,0XFF,0XFF,0XFF,0XEF,0X9E,0XEF,0XBE,
  12          0XF7,0X9D,0XEF,0X7C,0XEF,0X5C,0XC6,0X37,0XC6,0X17,0XBD,0XF6,0XD6,0XDA,0XE7,0X1B,
  13          0XFF,0XFF,0XFF,0XFF,0XDF,0X1C,0XBE,0X17,0XBE,0X17,0XCE,0XDA,0XE7,0X7D,0XF7,0XDF,
  14          0XFF,0XDE,0XEF,0X7D,0XEF,0X5C,0XEF,0X9E,0XF7,0XBE,0XDF,0X5D,0XD6,0XDB,0XCE,0XBB,
  15          0XEF,0XBE,0XDF,0X3C,0XFF,0XFF,0XFF,0XFF,0XDE,0XFB,0XE7,0X1B,0XE7,0X1A,0XDE,0X98,
  16          0XEE,0XB8,0XCD,0X72,0XBC,0XD0,0XDD,0XD3,0XDD,0XD3,0XCD,0X11,0XD5,0X52,0XC5,0X10,
  17          0XD5,0X92,0XEE,0X35,0XEE,0X56,0XDD,0XF5,0XDD,0XF5,0XE6,0X77,0XEE,0X98,0X83,0X6C,
  18          0X93,0XED,0X8B,0X8C,0X6A,0XA8,0X6A,0XC9,0X72,0XE9,0X62,0X67,0X6A,0X88,0X62,0X26,
  19          0X6A,0X67,0X83,0X4B,0X49,0X43,0X62,0X47,0X72,0XA9,0X7A,0XEA,0X93,0X8C,0X39,0X02,
  20          0X5A,0X27,0X5A,0X67,0X31,0X23,0X39,0X64,0X49,0XA5,0X49,0X84,0X6A,0X68,0X6A,0X68,
  21          0X59,0XC5,0X62,0X06,0X59,0XE5,0X49,0X84,0X51,0XA4,0X83,0X4A,0X83,0X4A,0XA4,0X4E,
  22          0X7B,0X09,0X6A,0X66,0X7B,0X09,0X9C,0X0D,0X8B,0X8B,0X8B,0XAB,0XB4,0XF1,0XCD,0XD5,
  23          0XFF,0X5B,0XFF,0XDD,0XEF,0X3B,0XFF,0XFF,0XEF,0X5D,0XF7,0XDE,0XFF,0XFF,0XCE,0XBA,
  24          0XDE,0XFB,0XDE,0XDA,0XCE,0X58,0XAD,0X54,0XB5,0X95,0XCE,0X78,0XE7,0X5C,0XEF,0X7C,
  25          0XF7,0XBE,0XF7,0XDE,0XEF,0X9E,0XDE,0XFB,0XCE,0X9A,0XD7,0X1B,0XEF,0XBE,0XF7,0XFF,
  26          0XFF,0XDE,0XF7,0XBE,0XEF,0X7D,0XEF,0X7D,0XEF,0X9E,0XEF,0X9E,0XE7,0X5D,0XD7,0X1C,
  27          0XE7,0X7D,0XE7,0X9E,0XF7,0XBE,0XE7,0X5C,0XE7,0X1B,0XE7,0X3B,0XEF,0X3B,0XFF,0XBD,
  28          0XF6,0XF9,0X9B,0XCC,0XCD,0X93,0XCD,0X72,0XBC,0XCF,0XD5,0X92,0XAC,0X4D,0XBC,0XCF,
  29          0XAC,0X4E,0XC4,0XF0,0XB4,0X8F,0XEE,0X97,0XB4,0XB0,0XCD,0X73,0XDE,0X16,0X72,0XEA,
  30          0X72,0XEA,0X83,0X6C,0X51,0XE6,0X52,0X06,0X5A,0X06,0X41,0X64,0X62,0X88,0X6A,0XA8,
  31          0X5A,0X26,0X49,0X84,0X62,0X47,0X62,0X27,0X62,0X07,0X72,0X89,0X5A,0X06,0X20,0X60,
  32          0X49,0XA5,0X5A,0X47,0X41,0XA5,0X41,0X84,0X41,0X43,0X41,0X43,0X5A,0X06,0X51,0XA5,
  33          0X62,0X26,0X51,0XC5,0X51,0XC5,0X49,0X63,0X39,0X01,0X6A,0X87,0X83,0X6A,0X93,0XCC,
  34          0X7B,0X09,0X41,0X41,0X62,0X25,0X83,0X29,0X8B,0X8B,0X62,0X46,0X8B,0X8B,0XA4,0X8F,
  35          0XCD,0XD5,0XFF,0X9C,0XEF,0X3B,0XF7,0X7C,0XD6,0XDA,0XD6,0XDA,0XC6,0X79,0XC6,0X58,
  36          0XBD,0XF7,0XBE,0X17,0XAD,0X74,0XA5,0X13,0XB5,0XB5,0XEF,0X5C,0XFF,0XFF,0XF7,0XDE,
  37          0XF7,0XDE,0XE7,0X3C,0XE7,0X3C,0XEF,0X7D,0XEF,0X7D,0XF7,0XDE,0XFF,0XFF,0XEF,0X9D,
  38          0XF7,0XBE,0XF7,0X9D,0XEF,0X7D,0XEF,0X7D,0XEF,0X9E,0XEF,0X9E,0XE7,0X7E,0XE7,0X7D,
  39          0XEF,0XBE,0XFF,0XFF,0XFF,0XFF,0XE7,0X3C,0XF7,0X7D,0XF7,0X9D,0XEF,0X3B,0XFF,0XBD,
  40          0X9C,0X0D,0XBD,0X11,0XBC,0XF1,0X7A,0XE8,0X93,0XAB,0XE6,0X15,0XDD,0XD4,0XC4,0XF0,
  41          0X83,0X09,0X8B,0X6A,0X6A,0X46,0XD5,0XD4,0X93,0XCD,0X8B,0X6C,0XA4,0X70,0X6A,0XA9,
  42          0X62,0X68,0X7B,0X4B,0X52,0X06,0X49,0XA5,0X51,0XC5,0X39,0X23,0X5A,0X06,0X6A,0XA9,
  43          0X6A,0X68,0X49,0XA4,0X72,0XA9,0X72,0XA9,0X51,0XC5,0X51,0XA5,0X38,0XE2,0X41,0X64,
  44          0X28,0XE2,0X49,0XE6,0X4A,0X06,0X49,0XC5,0X39,0X23,0X39,0X23,0X49,0X84,0X39,0X02,
  45          0X5A,0X26,0X59,0XE6,0X51,0XC5,0X41,0X43,0X39,0X01,0X52,0X05,0X73,0X09,0X83,0X6A,
  46          0X83,0X09,0X38,0XC0,0X49,0X42,0X62,0X05,0X8B,0X6B,0X72,0XA7,0X7B,0X29,0X8B,0X8B,
  47          0XA4,0X6F,0XCE,0X16,0XF7,0X5B,0XC5,0XF6,0XC6,0X17,0XBE,0X17,0X94,0XF3,0XBE,0X17,
  48          0XA5,0X54,0XAD,0X95,0XAD,0X74,0XBE,0X17,0XCE,0X79,0XF7,0XFE,0XFF,0XFF,0XF7,0XDE,
  49          0XF7,0XFF,0XD6,0XFB,0XDF,0X3C,0XF7,0XDE,0XF7,0XFF,0XFF,0XFF,0XFF,0XFF,0XE7,0X7D,
  50          0XF7,0XDE,0XEF,0X7C,0XEF,0X7D,0XF7,0XBE,0XF7,0XDF,0XE7,0X7D,0XE7,0X5D,0XEF,0X9E,
  51          0XEF,0XBF,0XF7,0XFF,0XFF,0XFF,0XFF,0XFE,0XE6,0XFA,0XE6,0XFA,0XDE,0X98,0XAC,0XF1,
  52          0X9C,0X4E,0X93,0XEC,0X7B,0X29,0X7A,0XE9,0XAC,0X6E,0XBC,0XD0,0XAC,0X4E,0XCD,0X93,
  53          0X6A,0X46,0X72,0XA8,0X49,0X63,0X9C,0X0E,0X83,0X4B,0X5A,0X27,0X7B,0X2B,0X6A,0XA8,
  54          0X51,0XE5,0X6A,0X88,0X62,0X67,0X51,0XC5,0X51,0XE5,0X41,0X63,0X30,0XE2,0X49,0X84,
  55          0X62,0X47,0X72,0XEA,0X30,0XC1,0X62,0X27,0X51,0XC5,0X39,0X02,0X51,0XC5,0X5A,0X06,
C51 COMPILER V7.07   MMP                                                                   10/27/2009 00:27:38 PAGE 2   

  56          0X10,0X40,0X31,0X23,0X41,0XC5,0X41,0XC5,0X31,0X23,0X39,0X23,0X49,0XA4,0X39,0X22,
  57          0X39,0X43,0X49,0XA4,0X41,0X83,0X39,0X02,0X41,0X63,0X51,0XC4,0X62,0X87,0X7B,0X29,
  58          0X7A,0XE8,0X51,0X62,0X49,0X42,0X49,0X62,0X6A,0X46,0X83,0X09,0X72,0XE8,0X72,0XC8,
  59          0XB4,0XF1,0XAC,0XF1,0XD6,0X37,0XBD,0XB5,0XA5,0X33,0XBE,0X17,0XB5,0XB6,0XAD,0XB6,
  60          0XAD,0X95,0XB5,0XF7,0XBE,0X38,0XE7,0X3C,0XE7,0X5C,0XF7,0XBE,0XEF,0X7D,0XEF,0XBE,
  61          0XF7,0XBE,0XE7,0X5C,0XFF,0XFF,0XFF,0XFF,0XF7,0XDE,0XEF,0X9D,0XFF,0XFF,0XF7,0XDE,
  62          0XFF,0XDE,0XEF,0X9D,0XEF,0X9E,0XFF,0XFF,0XFF,0XFF,0XE7,0X7D,0XDF,0X5D,0XEF,0X9E,
  63          0XE7,0X5D,0XF7,0XFF,0XF7,0X9E,0XE6,0XFB,0XCE,0X37,0XBD,0XB5,0XAC,0XF2,0X7B,0X6B,
  64          0X9C,0X2E,0X7B,0X29,0X8B,0XAB,0X6A,0X87,0X83,0X2A,0XBD,0X11,0X93,0XAC,0X7A,0XE9,
  65          0X51,0XC4,0X62,0X47,0X51,0XA4,0X62,0X47,0X6A,0XA9,0X49,0XC5,0X62,0X68,0X62,0X68,
  66          0X41,0X84,0X51,0XC5,0X52,0X06,0X41,0X84,0X49,0XA4,0X49,0X84,0X30,0XE2,0X41,0X63,
  67          0X39,0X22,0X6A,0X88,0X28,0XC1,0X49,0XA4,0X41,0X43,0X41,0X64,0X41,0X23,0X41,0X64,
  68          0X20,0XC1,0X29,0X02,0X41,0XC5,0X41,0XC5,0X31,0X02,0X31,0X23,0X41,0XA4,0X41,0X84,
  69          0X28,0XE1,0X41,0X84,0X41,0X63,0X39,0X22,0X51,0XE5,0X49,0XC4,0X62,0X67,0X6A,0XA8,
  70          0X72,0X87,0X72,0X66,0X6A,0X25,0X51,0X62,0X49,0X42,0X7A,0XC8,0X62,0X46,0X6A,0X67,
  71          0X9C,0X4E,0XCD,0XF5,0XA4,0XB0,0XCE,0X36,0XAD,0X33,0XB5,0XD5,0XC6,0X78,0XCE,0X99,
  72          0XCE,0XBA,0XCE,0XBA,0XDF,0X1C,0XF7,0XFF,0XEF,0XDE,0XEF,0X7D,0XE7,0X5C,0XEF,0XBE,
  73          0XF7,0XBE,0XEF,0X7D,0XFF,0XFF,0XFF,0XFF,0XF7,0XBD,0XEF,0X7D,0XF7,0XBE,0XF7,0X9D,
  74          0XF7,0XBE,0XF7,0XBE,0XF7,0XDF,0XFF,0XFF,0XFF,0XFF,0XEF,0XBE,0XEF,0X9E,0XEF,0XBE,
  75          0XEF,0X7D,0XFF,0XFF,0XE7,0X3C,0XD6,0X78,0XCE,0X37,0XAC,0XF1,0X94,0X0E,0X8B,0XED,
  76          0X6A,0XC8,0X6A,0XA8,0X51,0XC4,0X7B,0X09,0X7B,0X09,0X83,0X4A,0XAC,0X90,0X62,0X47,
  77          0X49,0XC5,0X49,0X84,0X51,0XE6,0X41,0X64,0X52,0X06,0X49,0XA5,0X49,0XC6,0X52,0X27,
  78          0X39,0X63,0X49,0XA4,0X41,0X64,0X39,0X43,0X39,0X43,0X41,0X43,0X49,0X84,0X41,0X84,
  79          0X30,0XE2,0X41,0X43,0X5A,0X47,0X51,0XE6,0X41,0X43,0X51,0XE6,0X28,0X80,0X39,0X43,
  80          0X31,0X43,0X20,0XE2,0X39,0XA5,0X49,0XE6,0X31,0X22,0X28,0XE2,0X39,0X63,0X41,0XA4,
  81          0X31,0X22,0X39,0X43,0X41,0X84,0X41,0XA4,0X51,0XE5,0X49,0XA4,0X6A,0XA8,0X5A,0X26,
  82          0X61,0XE5,0X72,0X66,0X7A,0XA8,0X59,0XA3,0X49,0X21,0X6A,0X66,0X59,0XE5,0X6A,0X87,
  83          0X72,0XC8,0XCD,0XD4,0X94,0X2E,0XD6,0X77,0XC5,0XF5,0XB5,0XB4,0XC6,0X57,0XE7,0X5C,
  84          0XDF,0X3C,0XD7,0X1C,0XE7,0X5D,0XEF,0X9E,0XF7,0XDF,0XE7,0X9D,0XE7,0X9D,0XEF,0X9D,
  85          0XE7,0X5D,0XE7,0X5D,0XEF,0X9D,0XF7,0XDE,0XFF,0XDE,0XF7,0XBE,0XF7,0X9D,0XEF,0X7C,
  86          0XEF,0X7D,0XF7,0XDE,0XFF,0XFF,0XF7,0XDF,0XF7,0XDF,0XF7,0XFF,0XF7,0XFF,0XF7,0XBE,
  87          0XF7,0XDF,0XF7,0X9D,0XEF,0X5C,0XEF,0X3B,0XBD,0X94,0X8C,0X0E,0X8B,0XED,0X7B,0X4A,
  88          0X5A,0X26,0X62,0X67,0X5A,0X26,0X5A,0X26,0X5A,0X06,0X72,0XE9,0X8B,0XAC,0X6A,0XC9,
  89          0X52,0X06,0X28,0XC1,0X51,0XE6,0X41,0X84,0X49,0XC6,0X49,0XA5,0X39,0X44,0X52,0X27,
  90          0X39,0X23,0X49,0XC5,0X39,0X43,0X49,0XA4,0X39,0X43,0X30,0XC1,0X49,0X84,0X28,0XA1,
  91          0X41,0X43,0X28,0XA1,0X49,0X84,0X51,0XE6,0X41,0X43,0X39,0X43,0X41,0X63,0X39,0X43,
  92          0X29,0X02,0X10,0X40,0X31,0X23,0X49,0XE6,0X31,0X23,0X28,0XE1,0X31,0X23,0X39,0X84,
  93          0X39,0X43,0X28,0XC1,0X41,0X83,0X49,0XE5,0X49,0XA4,0X41,0X83,0X73,0X2A,0X59,0XE5,
  94          0X49,0X42,0X59,0XA4,0X72,0X87,0X51,0X83,0X51,0X63,0X6A,0X26,0X59,0XE5,0X72,0XC8,
  95          0X62,0X87,0X83,0XAC,0X9C,0X4F,0XDE,0X97,0XD6,0X77,0XC6,0X36,0XD6,0XB9,0XCE,0XB9,
  96          0XD6,0XFB,0XCE,0XBA,0XD6,0XFC,0XD6,0XDB,0XEF,0XBE,0XE7,0X9E,0XEF,0XBE,0XDF,0X3C,
  97          0XCE,0X9A,0XE7,0X5D,0XFF,0XFF,0XFF,0XFF,0XFF,0XFF,0XF7,0XBE,0XF7,0XBE,0XFF,0XFF,
  98          0XD6,0XDA,0XEF,0X7D,0XFF,0XFF,0XFF,0XFF,0XFF,0XFF,0XF7,0XFF,0XEF,0XBE,0XE7,0X7D,
  99          0XFF,0XFF,0XF7,0XBD,0XFF,0XBD,0XFF,0X9C,0XB5,0X53,0X73,0X09,0X93,0XED,0X49,0XA4,
 100          0X49,0XC4,0X49,0XA4,0X30,0XE1,0X18,0X40,0X62,0X88,0X9C,0X2F,0X7B,0X2B,0X7B,0X6B,
 101          0X5A,0X47,0X41,0X84,0X39,0X23,0X39,0X44,0X41,0X84,0X41,0X65,0X39,0X44,0X39,0X64,
 102          0X49,0XC5,0X20,0X60,0X49,0XA5,0X41,0X64,0X28,0XC1,0X28,0XC1,0X39,0X63,0X39,0X23,
 103          0X28,0XE1,0X20,0X60,0X41,0X84,0X52,0X06,0X31,0X02,0X28,0XE1,0X41,0X84,0X39,0X64,
 104          0X39,0XA5,0X20,0XC1,0X18,0XA1,0X31,0X64,0X39,0X84,0X29,0X22,0X28,0XE2,0X29,0X02,
 105          0X28,0XE1,0X39,0X43,0X41,0X83,0X31,0X02,0X28,0XA0,0X62,0X87,0X6A,0X88,0X51,0XE5,
 106          0X49,0X42,0X38,0XC0,0X61,0XE5,0X61,0XE5,0X49,0X22,0X51,0XA4,0X59,0XE4,0X5A,0X05,
 107          0X72,0XE8,0X6A,0XA8,0XA4,0XD0,0X9C,0X8F,0XD6,0X57,0XF7,0X9C,0XD6,0XB8,0XD6,0XFA,
 108          0XDF,0X3C,0XCE,0XDB,0XDF,0X3D,0XE7,0X9E,0XDF,0X1C,0XCE,0X9A,0XD6,0XDB,0XDF,0X1C,
 109          0XDF,0X1C,0XE7,0X5C,0XE7,0X3C,0XEF,0X9D,0XD6,0XBA,0XD6,0XBA,0XDE,0XFB,0XFF,0XFF,
 110          0XE7,0X3C,0XEF,0X7D,0XEF,0X9E,0XEF,0X9E,0XEF,0X9E,0XEF,0X9E,0XDF,0X3C,0XD6,0XDB,
 111          0XDF,0X1B,0XF7,0X9D,0XFF,0XBD,0XE6,0XD9,0X83,0X8C,0X73,0X29,0X72,0XE8,0X51,0XE4,
 112          0X49,0X83,0X49,0XA4,0X28,0XA0,0X28,0XA0,0X93,0XEE,0X9C,0X2E,0X8B,0XAD,0X83,0X8C,
 113          0X73,0X2B,0X52,0X07,0X31,0X03,0X30,0XE2,0X39,0X44,0X41,0X85,0X41,0X64,0X31,0X23,
 114          0X41,0X64,0X31,0X02,0X41,0X84,0X39,0X63,0X39,0X43,0X31,0X22,0X28,0XE1,0X39,0X43,
 115          0X31,0X02,0X28,0XA1,0X39,0X23,0X41,0XA4,0X31,0X02,0X31,0X02,0X39,0X43,0X31,0X43,
 116          0X41,0X85,0X31,0X64,0X20,0XC1,0X29,0X23,0X4A,0X06,0X39,0XA5,0X28,0XE1,0X28,0XE2,
 117          0X28,0XE1,0X28,0XE1,0X39,0X63,0X39,0X63,0X49,0XA4,0X62,0X88,0X5A,0X46,0X51,0XC4,
C51 COMPILER V7.07   MMP                                                                   10/27/2009 00:27:38 PAGE 3   

 118          0X41,0X22,0X30,0X80,0X51,0X84,0X59,0XE5,0X51,0X83,0X5A,0X05,0X5A,0X05,0X59,0XE5,
 119          0X72,0XC8,0X49,0XC4,0X94,0X4E,0XB5,0X73,0XDE,0XD8,0XEF,0X7B,0XB5,0XD5,0XEF,0X9C,
 120          0XDF,0X3C,0XCE,0XDB,0XD7,0X1C,0XDF,0X3D,0XD6,0XFB,0XD7,0X1C,0XE7,0X5D,0XDF,0X3C,
 121          0XE7,0X5D,0XF7,0XDF,0XEF,0X9E,0XEF,0X9E,0XDF,0X1B,0XE7,0X5D,0XE7,0X5C,0XEF,0X9E,
 122          0XEF,0X9D,0XEF,0X7D,0XE7,0X5D,0XE7,0X5D,0XEF,0X9E,0XEF,0XBE,0XE7,0X7D,0XDF,0X1C,
 123          0XDE,0XFB,0XF7,0X9D,0XFF,0XDD,0XB5,0X53,0X62,0X87,0X7B,0X4A,0X5A,0X25,0X59,0XE4,
 124          0X39,0X01,0X41,0X63,0X18,0X40,0X49,0XC4,0XB4,0XF2,0XA4,0X90,0X8B,0XCD,0X83,0X8C,
 125          0X8B,0XEE,0X6A,0XEA,0X41,0XA5,0X30,0XE2,0X31,0X03,0X41,0X64,0X41,0X64,0X39,0X23,
 126          0X31,0X03,0X41,0X84,0X39,0X43,0X39,0X43,0X49,0XE6,0X41,0X84,0X20,0X60,0X39,0X43,
 127          0X39,0X43,0X28,0XE2,0X28,0XE2,0X31,0X23,0X31,0X23,0X31,0X02,0X31,0X02,0X31,0X22,
 128          0X39,0X64,0X41,0XA5,0X20,0XC2,0X20,0XA1,0X4A,0X06,0X41,0XE6,0X20,0XC1,0X20,0XC1,
 129          0X31,0X22,0X28,0XE1,0X28,0XE1,0X39,0X43,0X51,0XE5,0X5A,0X47,0X49,0XA4,0X51,0XC5,
 130          0X49,0X84,0X30,0XC1,0X49,0X63,0X62,0X26,0X62,0X26,0X6A,0X67,0X62,0X46,0X5A,0X05,
 131          0X51,0XE5,0X49,0XC4,0X62,0XA8,0X94,0X4F,0XBD,0XB4,0XFF,0XBC,0XCE,0X57,0XDE,0XD9,
 132          0XD6,0XDB,0XCE,0XBB,0XDF,0X3D,0XDF,0X3D,0XCE,0XBB,0XDF,0X3C,0XEF,0X9E,0XD6,0XFB,
 133          0XCE,0XBB,0XDF,0X3D,0XD6,0XFB,0XCE,0XBA,0XC6,0X59,0XD6,0XFB,0XCE,0X9A,0XBE,0X18,
 134          0XF7,0XDF,0XEF,0X9E,0XE7,0X7D,0XE7,0X7D,0XEF,0XBE,0XF7,0XDF,0XF7,0XDF,0XEF,0X9E,
 135          0XF7,0XDE,0XF7,0X9D,0XF7,0X5B,0X83,0XAC,0X6A,0XC8,0X7B,0X09,0X5A,0X04,0X49,0X82,
 136          0X38,0XE0,0X30,0XE1,0X20,0X60,0X8B,0XAC,0XB4,0XF1,0XBD,0X53,0X8B,0XCD,0X8B,0XCD,
 137          0X93,0XEE,0X83,0XAD,0X6A,0XCA,0X49,0XA5,0X31,0X03,0X31,0X03,0X39,0X44,0X39,0X43,
 138          0X30,0XE2,0X41,0X84,0X31,0X02,0X41,0X64,0X49,0XC5,0X49,0XA5,0X20,0X80,0X31,0X23,
 139          0X31,0X23,0X31,0X23,0X28,0XE1,0X28,0XE2,0X39,0X43,0X31,0X23,0X28,0XE1,0X31,0X23,
 140          0X31,0X23,0X39,0X85,0X28,0XE2,0X18,0X81,0X31,0X43,0X39,0X85,0X29,0X02,0X20,0XE1,
 141          0X31,0X43,0X31,0X22,0X28,0XC1,0X41,0X64,0X51,0XE5,0X62,0X67,0X39,0X22,0X49,0XA4,
 142          0X5A,0X06,0X39,0X22,0X41,0X43,0X5A,0X05,0X62,0X26,0X62,0X26,0X5A,0X06,0X51,0XE5,
 143          0X31,0X01,0X5A,0X67,0X31,0X22,0X62,0XA8,0X7B,0XAC,0XE6,0XF9,0XEF,0X1A,0XD6,0X99,
 144          0XDE,0XFC,0XD6,0XDC,0XE7,0X9E,0XEF,0X9F,0XCE,0XDB,0XD6,0XFC,0XE7,0X5D,0XCE,0X9A,
 145          0XC6,0X7A,0XD6,0XDB,0XC6,0X59,0XBE,0X39,0XB5,0XF7,0XCE,0X9A,0XBE,0X39,0XB5,0XD7,
 146          0XF7,0XFF,0XF7,0XBE,0XEF,0X9E,0XEF,0X9E,0XEF,0X9E,0XEF,0X9E,0XEF,0X9E,0XF7,0X9D,
 147          0XFF,0XDE,0XF7,0X9C,0XC5,0XD5,0X6A,0XC9,0X6A,0XC8,0X62,0X66,0X51,0XC3,0X41,0X21,
 148          0X41,0X42,0X28,0X80,0X51,0XE5,0XB4,0XF1,0XB4,0XD1,0XC5,0X94,0X9C,0X2F,0X8B,0XEE,
 149          0X8B,0XCE,0X8B,0XEE,0X83,0X8C,0X62,0X88,0X41,0X85,0X39,0X23,0X39,0X23,0X39,0X23,
 150          0X31,0X03,0X39,0X23,0X28,0XC1,0X41,0X64,0X39,0X43,0X41,0X84,0X31,0X02,0X28,0XE2,
 151          0X28,0XC1,0X31,0X23,0X28,0XE2,0X28,0XE2,0X39,0X64,0X31,0X23,0X20,0XC1,0X31,0X23,
 152          0X31,0X23,0X29,0X03,0X31,0X23,0X28,0XE2,0X18,0X60,0X28,0XE2,0X39,0X84,0X31,0X23,
 153          0X20,0XA1,0X39,0X63,0X31,0X02,0X5A,0X47,0X5A,0X06,0X72,0XE9,0X30,0XE1,0X39,0X22,
 154          0X51,0XE6,0X39,0X43,0X31,0X02,0X41,0X63,0X41,0X84,0X41,0X63,0X41,0X84,0X41,0X83,
 155          0X39,0X22,0X5A,0X26,0X39,0X63,0X62,0XA8,0X62,0XA8,0XAD,0X32,0XC5,0XF6,0XEF,0X7C,
 156          0XFF,0XFF,0XDF,0X1C,0XD6,0XFC,0XD6,0XFC,0XC6,0X7A,0XC6,0X7A,0XCE,0XBB,0XC6,0X59,
 157          0XC6,0X59,0XC6,0X59,0XB5,0XF8,0XBE,0X39,0XB5,0XF8,0XC6,0X7A,0XC6,0X7A,0XCE,0X9B,
 158          0XEF,0X9E,0XEF,0X9E,0XEF,0X9E,0XEF,0XBE,0XEF,0X9E,0XEF,0X9E,0XEF,0X9E,0XF7,0XBE,
 159          0XEF,0X7C,0XEF,0X5B,0X94,0X4F,0X72,0XE9,0X5A,0X46,0X5A,0X04,0X49,0X62,0X49,0X41,
 160          0X41,0X42,0X28,0X80,0X8B,0X8B,0XB4,0XF1,0XB4,0XF1,0XB4,0XF1,0XA4,0X90,0X8B,0XED,
 161          0X8B,0XCD,0X8B,0XCE,0X83,0X8C,0X73,0X0A,0X62,0X68,0X51,0XE5,0X41,0X43,0X30,0XE2,
 162          0X41,0X44,0X31,0X02,0X28,0XC1,0X41,0X64,0X31,0X02,0X39,0X23,0X39,0X64,0X20,0XA1,
 163          0X20,0XA1,0X31,0X02,0X29,0X02,0X29,0X02,0X39,0X63,0X31,0X23,0X20,0XE1,0X29,0X02,
 164          0X31,0X23,0X28,0XA2,0X39,0X64,0X39,0X44,0X10,0X40,0X20,0XA1,0X41,0XC5,0X39,0X84,
 165          0X20,0X80,0X39,0X43,0X39,0X23,0X5A,0X26,0X41,0X64,0X62,0X67,0X30,0XC1,0X39,0X02,
 166          0X49,0XE6,0X41,0XC5,0X31,0X23,0X39,0X43,0X39,0X43,0X39,0X43,0X49,0XA4,0X49,0XA4,
 167          0X41,0X84,0X41,0X84,0X52,0X26,0X62,0X88,0X62,0XA8,0XA4,0XB1,0X9C,0X70,0XD6,0X99,
 168          0XFF,0XFF,0XCE,0XBB,0XAD,0X96,0XA5,0X55,0XA5,0X76,0XAD,0XB7,0XB5,0XD7,0XB5,0XD7,
 169          0XB5,0XF8,0XB5,0XD7,0XAD,0X96,0XBE,0X39,0XB5,0XF8,0XBE,0X59,0XC6,0X7A,0XDF,0X3D,
 170          0XEF,0X7D,0XE7,0X7D,0XE7,0X7E,0XEF,0XBE,0XEF,0XBF,0XEF,0XBE,0XF7,0XDF,0XFF,0XFF,
 171          0XEF,0X5C,0XDE,0XB9,0X83,0XCD,0X6A,0XA8,0X5A,0X25,0X5A,0X04,0X49,0X41,0X41,0X20,
 172          0X38,0XC0,0X49,0X83,0X9C,0X0D,0XAC,0X8F,0XB4,0XD1,0X9C,0X4F,0XA4,0X90,0X8B,0XCD,
 173          0X93,0XEE,0X8B,0XAD,0X83,0X8C,0X7B,0X6C,0X73,0X0B,0X62,0X88,0X51,0XC5,0X41,0X64,
 174          0X49,0X84,0X39,0X43,0X31,0X02,0X39,0X23,0X39,0X23,0X30,0XE2,0X41,0X84,0X20,0XA1,
 175          0X20,0XA1,0X28,0XE2,0X28,0XE1,0X28,0XE2,0X31,0X43,0X29,0X22,0X20,0XE1,0X20,0XE2,
 176          0X30,0XE3,0X20,0X81,0X31,0X23,0X39,0X85,0X28,0XC2,0X20,0XA1,0X31,0X23,0X39,0X64,
 177          0X28,0XE2,0X31,0X02,0X41,0X64,0X41,0X84,0X30,0XC1,0X39,0X02,0X30,0XC1,0X39,0X02,
 178          0X49,0XC5,0X4A,0X06,0X39,0X64,0X39,0X63,0X41,0X84,0X41,0X84,0X49,0XE5,0X49,0XC5,
 179          0X39,0X43,0X41,0XA4,0X49,0XE5,0X49,0XE5,0X6A,0XEA,0X94,0X2F,0XA4,0XB1,0XAD,0X13,
C51 COMPILER V7.07   MMP                                                                   10/27/2009 00:27:38 PAGE 4   

 180          0XCE,0X59,0XC6,0X59,0XAD,0X96,0X9D,0X34,0XA5,0X76,0XAD,0X96,0XAD,0X97,0XB5,0XF8,
 181          0XC6,0X5A,0XC6,0X5A,0XBE,0X59,0XD6,0XFC,0XC6,0X9B,0XCE,0XDC,0XCE,0XDC,0XDF,0X7E,
 182          0XF7,0XDF,0XEF,0X9E,0XE7,0X7E,0XEF,0XBE,0XEF,0XBE,0XEF,0X9E,0XEF,0X9D,0XF7,0XBD,
 183          0XF7,0X9D,0XCE,0X16,0X8B,0XED,0X51,0XE5,0X6A,0X87,0X59,0XE4,0X49,0X41,0X30,0X80,
 184          0X28,0X80,0X7A,0XE9,0X9B,0XEC,0XAC,0X8F,0XAC,0XB0,0XA4,0X6F,0XA4,0X90,0X8B,0XEE,
 185          0X94,0X0E,0X8B,0XCE,0X8B,0XCD,0X8B,0XCD,0X83,0X6C,0X6A,0XA9,0X62,0X47,0X5A,0X27,
 186          0X49,0XA5,0X49,0XA5,0X39,0X23,0X30,0XE2,0X41,0X84,0X28,0XC1,0X39,0X43,0X28,0XC1,
 187          0X28,0XE1,0X20,0XC1,0X20,0XC1,0X20,0XE2,0X29,0X02,0X29,0X23,0X20,0XE2,0X18,0XA1,
 188          0X20,0XA2,0X18,0X81,0X20,0XC2,0X39,0X44,0X31,0X64,0X18,0XA1,0X18,0X60,0X29,0X02,
 189          0X31,0X23,0X20,0XC1,0X52,0X06,0X41,0X84,0X39,0X02,0X20,0X40,0X28,0X80,0X28,0XA1,
 190          0X39,0X44,0X49,0XE6,0X31,0X23,0X31,0X23,0X39,0X64,0X39,0X63,0X49,0XA5,0X39,0X43,
 191          0X20,0X80,0X52,0X06,0X31,0X02,0X52,0X06,0X73,0X2B,0X62,0X88,0XBD,0X94,0XAD,0X33,
 192          0X9C,0XF3,0XD6,0XBA,0XDF,0X1C,0XCE,0X79,0XCE,0X7A,0XC6,0X59,0XBE,0X18,0XCE,0XBB,
 193          0XCE,0XBB,0XD6,0XFC,0XD6,0XFC,0XDF,0X7E,0XD6,0XFC,0XD7,0X1D,0XCE,0XDC,0XD7,0X1C,
 194          0XEF,0X9E,0XE7,0X5D,0XE7,0X5D,0XEF,0XBE,0XEF,0XBF,0XEF,0X9E,0XEF,0X9D,0XFF,0XBD,
 195          0XF7,0X3B,0XBD,0X73,0X6A,0XA8,0X59,0XE5,0X6A,0X66,0X59,0XE4,0X41,0X21,0X30,0XC0,
 196          0X39,0X01,0X7B,0X09,0X9C,0X0E,0X9C,0X2E,0XAC,0X6F,0XA4,0X90,0X94,0X0E,0X8B,0XED,
 197          0X93,0XEE,0X8B,0XEE,0X8B,0XCD,0X8B,0XAD,0X83,0X8C,0X83,0X4C,0X7B,0X2B,0X72,0XEA,
 198          0X62,0X68,0X52,0X07,0X41,0X85,0X39,0X44,0X39,0X43,0X31,0X23,0X28,0XE2,0X20,0XA1,
 199          0X28,0XE1,0X29,0X02,0X29,0X02,0X20,0XC1,0X20,0XE2,0X29,0X44,0X29,0X24,0X18,0XC2,
 200          0X20,0XE3,0X10,0X81,0X10,0X81,0X20,0XE2,0X29,0X43,0X21,0X02,0X18,0XC1,0X18,0X80,
 201          0X31,0X84,0X52,0X47,0X31,0X63,0X29,0X02,0X31,0X02,0X18,0X40,0X20,0X80,0X30,0XE2,
 202          0X28,0XE2,0X49,0XE6,0X31,0X44,0X28,0XC1,0X30,0XE2,0X39,0X23,0X49,0XC5,0X5A,0X47,
 203          0X30,0XE1,0X28,0XC1,0X41,0X84,0X28,0XC0,0X62,0X87,0X94,0X4E,0X8C,0X0D,0XF7,0X7B,
 204          0XBD,0XB5,0X94,0X91,0XCE,0X59,0XDE,0XFB,0XDE,0XFB,0XCE,0X79,0XD6,0X9A,0XDF,0X1C,
 205          0XE7,0X5D,0XD6,0XDC,0XCE,0XBB,0XD7,0X1C,0XD7,0X1C,0XCE,0XDB,0XCE,0XFB,0XD7,0X3C,
 206          0XEF,0X7D,0XEF,0X7D,0XEF,0XBE,0XF7,0XDF,0XEF,0XBF,0XEF,0X9E,0XF7,0XBE,0XFF,0XFE,
 207          0XEE,0XD9,0XAC,0X90,0X62,0X46,0X59,0XE4,0X62,0X26,0X51,0XA4,0X39,0X22,0X30,0XC1,
 208          0X41,0X43,0X83,0X0A,0X9C,0X0E,0X9C,0X0D,0X9C,0X2E,0X9C,0X4F,0X94,0X0E,0X93,0XED,
 209          0X8B,0XED,0X8B,0XCD,0X8B,0XCD,0X8B,0XCD,0X8B,0XAD,0X83,0X8C,0X83,0X4C,0X7B,0X2B,
 210          0X72,0XCA,0X62,0X69,0X51,0XE7,0X41,0X85,0X39,0X64,0X39,0X43,0X31,0X02,0X31,0X02,
 211          0X20,0XC1,0X28,0XE1,0X20,0XC2,0X18,0XA1,0X20,0XE2,0X29,0X24,0X29,0X24,0X18,0XC3,
 212          0X21,0X24,0X18,0XC2,0X10,0X81,0X18,0XC1,0X21,0X22,0X21,0X22,0X18,0XE1,0X18,0XA0,
 213          0X29,0X42,0X42,0X05,0X31,0X42,0X29,0X01,0X29,0X02,0X18,0X60,0X18,0X80,0X28,0XC2,
 214          0X31,0X03,0X49,0XE7,0X39,0X64,0X28,0XE2,0X30,0XE2,0X39,0X23,0X41,0X84,0X41,0X84,
 215          0X51,0XE5,0X20,0X60,0X41,0X63,0X41,0X83,0X39,0X42,0X73,0X09,0X9C,0X6E,0XEF,0X19,
 216          0XD6,0X78,0XCE,0X58,0XAD,0X54,0XC5,0XF7,0XF7,0X9E,0XDE,0XDA,0XE7,0X1C,0XE7,0X3C,
 217          0XDF,0X1C,0XDF,0X3C,0XDF,0X3C,0XDF,0X3C,0XD7,0X1C,0XD6,0XFB,0XCE,0XFB,0XCE,0XFB,
 218          0XE7,0X5D,0XEF,0X9D,0XF7,0XDF,0XF7,0XDF,0XE7,0X7E,0XDF,0X3C,0XEF,0X7D,0XFF,0XFE,
 219          0XEF,0X1A,0X94,0X0D,0X62,0X26,0X62,0X25,0X5A,0X05,0X49,0X63,0X38,0XE1,0X28,0X80,
 220          0X59,0XE5,0X83,0X4B,0X9B,0XEE,0X93,0XCD,0X93,0XCD,0X94,0X0D,0X93,0XED,0X8B,0XED,
 221          0X8B,0XED,0X8B,0XED,0X8B,0XCD,0X8B,0XCD,0X8B,0XCE,0X8B,0XAD,0X83,0X8D,0X83,0X6C,
 222          0X7B,0X2C,0X72,0XEA,0X62,0X68,0X51,0XE6,0X49,0XA5,0X41,0X64,0X39,0X43,0X39,0X43,
 223          0X28,0XC1,0X20,0XC1,0X20,0XA1,0X20,0XA1,0X20,0XE2,0X29,0X03,0X29,0X03,0X21,0X03,
 224          0X29,0X44,0X21,0X02,0X10,0XA1,0X10,0X80,0X18,0XE1,0X29,0X22,0X21,0X02,0X20,0XC1,
 225          0X20,0XE1,0X31,0X83,0X29,0X02,0X21,0X02,0X29,0X02,0X18,0X80,0X18,0X60,0X20,0XA1,
 226          0X20,0XC2,0X41,0XA6,0X39,0X64,0X31,0X03,0X39,0X23,0X41,0X84,0X49,0XA5,0X39,0X43,
 227          0X51,0XE5,0X30,0XE1,0X39,0X22,0X41,0XA4,0X28,0XE1,0X5A,0X67,0XA4,0XD0,0XEF,0X19,
 228          0XDE,0X98,0XE6,0XFA,0XC5,0XF7,0XC6,0X17,0XEF,0X5D,0XDE,0XDB,0XE7,0X1C,0XD6,0XDB,
 229          0XDF,0X1C,0XE7,0X5D,0XDF,0X5D,0XD6,0XDB,0XC6,0XBA,0XCE,0XDB,0XCE,0XFB,0XCE,0XDB,
 230          0XEF,0X7D,0XEF,0XBE,0XF7,0XFF,0XEF,0XDF,0XDF,0X5D,0XD7,0X1B,0XE7,0X3C,0XFF,0XBD,
 231          0XEF,0X1A,0X83,0X8B,0X5A,0X05,0X6A,0X66,0X51,0XC4,0X41,0X22,0X30,0XC0,0X28,0X80,
 232          0X6A,0X88,0X83,0X4B,0X93,0XCD,0X93,0XAC,0X8B,0XCD,0X94,0X0D,0X94,0X0E,0X8B,0XED,
 233          0X8B,0XED,0X8B,0XED,0X8B,0XEE,0X8B,0XEE,0X8B,0XCE,0X8B,0XCE,0X8B,0XAD,0X83,0X8D,
 234          0X7B,0X2B,0X72,0XEA,0X6A,0XA9,0X62,0X48,0X51,0XE6,0X49,0XA4,0X41,0X63,0X39,0X43,
 235          0X39,0X22,0X28,0XE1,0X20,0XC1,0X20,0XC1,0X20,0XC2,0X20,0XC2,0X28,0XE2,0X29,0X03,
 236          0X29,0X23,0X29,0X23,0X20,0XE2,0X10,0X80,0X18,0XA1,0X21,0X02,0X29,0X22,0X21,0X02,
 237          0X18,0XA0,0X29,0X22,0X21,0X02,0X20,0XE2,0X29,0X23,0X20,0XC1,0X18,0X60,0X18,0X81,
 238          0X20,0X81,0X39,0X84,0X39,0X44,0X31,0X03,0X41,0X64,0X51,0XE6,0X5A,0X07,0X39,0X43,
 239          0X39,0X02,0X52,0X06,0X39,0X22,0X31,0X01,0X52,0X26,0X5A,0X87,0X9C,0X6E,0XEE,0XF9,
 240          0XEF,0X1A,0XD6,0X78,0XEF,0X5C,0XDE,0XDA,0XCE,0X59,0XE7,0X3C,0XE7,0X1C,0XD6,0XBA,
 241          0XE7,0X3D,0XDF,0X3D,0XDF,0X1C,0XD6,0XDB,0XCE,0XBA,0XCE,0XBA,0XCE,0XDA,0XCE,0XDA,
C51 COMPILER V7.07   MMP                                                                   10/27/2009 00:27:38 PAGE 5   

 242          0XF7,0XDE,0XF7,0XFE,0XF7,0XFF,0XF7,0XDF,0XE7,0X9D,0XE7,0X5D,0XEF,0X7C,0XF7,0X9D,
 243          0XDE,0X77,0X6A,0XA8,0X51,0XC4,0X62,0X45,0X51,0XA3,0X39,0X01,0X30,0XC0,0X30,0XE1,
 244          0X72,0XC9,0X83,0X2B,0X8B,0XAC,0X93,0XCD,0X94,0X0E,0XA4,0X6F,0XA4,0X70,0X94,0X2E,
 245          0X94,0X0E,0X8C,0X0E,0X8B,0XEE,0X8B,0XEE,0X8B,0XEE,0X8B,0XCD,0X8B,0XAD,0X8B,0X8D,
 246          0X7B,0X0B,0X7B,0X0A,0X7A,0XEA,0X72,0XC9,0X62,0X88,0X5A,0X06,0X49,0XA4,0X41,0X63,
 247          0X41,0X83,0X39,0X22,0X28,0XE1,0X28,0XC1,0X20,0XA1,0X20,0XA1,0X20,0XC2,0X28,0XE2,
 248          0X20,0XC2,0X29,0X23,0X29,0X23,0X20,0XC1,0X18,0XA0,0X20,0XE1,0X29,0X02,0X29,0X02,
 249          0X18,0XA0,0X20,0XC0,0X20,0XE1,0X21,0X02,0X29,0X23,0X29,0X02,0X18,0X81,0X18,0X81,
 250          0X28,0XE2,0X39,0X64,0X39,0X44,0X31,0X23,0X39,0X44,0X49,0XC6,0X52,0X06,0X30,0XE2,
 251          0X30,0XE2,0X5A,0X47,0X39,0X43,0X31,0X22,0X7B,0X6B,0X52,0X05,0X7B,0X6B,0XC5,0XD5,
 252          0XF7,0X7C,0XDE,0XB9,0XEF,0X5C,0XDE,0XDA,0XCE,0X79,0XF7,0X9E,0XF7,0XBE,0XEF,0X7D,
 253          0XE7,0X3D,0XD6,0XFC,0XD6,0XFC,0XDF,0X5D,0XDF,0X5D,0XCE,0XFB,0XCE,0XBA,0XCE,0XDA,
 254          0XFF,0XFE,0XF7,0XDE,0XEF,0XBE,0XEF,0XBE,0XEF,0XBE,0XEF,0XBE,0XF7,0XBD,0XF7,0X9D,
 255          0XD6,0X36,0X62,0X87,0X51,0XE4,0X62,0X45,0X49,0X83,0X39,0X01,0X28,0XA0,0X39,0X22,
 256          0X72,0XE9,0X7B,0X2A,0X8B,0XCD,0X9C,0X4F,0XA4,0X90,0XAC,0XF1,0XAC,0XF1,0X9C,0X4F,
 257          0X94,0X0E,0X8C,0X0E,0X8B,0XEE,0X8B,0XEE,0X8B,0XEE,0X8B,0XCD,0X8B,0XAD,0X8B,0X8D,
 258          0X8B,0X6C,0X8B,0X6C,0X8B,0X6C,0X83,0X4B,0X7A,0XEA,0X6A,0X88,0X5A,0X06,0X49,0XC4,
 259          0X41,0X63,0X39,0X43,0X31,0X02,0X28,0XC1,0X28,0XA1,0X28,0XA1,0X28,0XA1,0X28,0XC1,
 260          0X20,0XA1,0X29,0X02,0X31,0X43,0X29,0X02,0X20,0XC1,0X20,0XC0,0X20,0XE1,0X29,0X01,
 261          0X20,0XC1,0X18,0XA0,0X20,0XE2,0X21,0X02,0X29,0X03,0X29,0X43,0X18,0XC2,0X18,0XA1,
 262          0X28,0XC2,0X31,0X23,0X31,0X02,0X31,0X23,0X39,0X44,0X49,0XA5,0X51,0XE6,0X30,0XE2,
 263          0X39,0X02,0X39,0X43,0X39,0X42,0X52,0X26,0X7B,0X4B,0X39,0X63,0X6B,0X09,0XA4,0XF1,
 264          0XC5,0XF6,0XF7,0X9D,0XE6,0XFB,0XEF,0X3C,0XEF,0X5C,0XE7,0X3C,0XF7,0X9E,0XFF,0XFF,
 265          0XEF,0X9E,0XDE,0XFC,0XCE,0XBB,0XD7,0X1C,0XDF,0X1C,0XCE,0XDB,0XCE,0XDB,0XD7,0X3C,
 266          0XFF,0XDE,0XF7,0XBD,0XEF,0X7D,0XE7,0X7D,0XEF,0X9E,0XF7,0XBE,0XF7,0X9D,0XF7,0X7C,
 267          0XCE,0X15,0X62,0XA7,0X5A,0X05,0X5A,0X25,0X49,0X62,0X30,0XE0,0X20,0X80,0X41,0X63,
 268          0X7B,0X2A,0X83,0X4B,0X9C,0X4F,0XB5,0X12,0XB4,0XF2,0XB5,0X12,0XAC,0XF2,0X94,0X4F,
 269          0X94,0X0E,0X8C,0X0E,0X8B,0XEE,0X8B,0XEE,0X8B,0XEE,0X8B,0XEE,0X8B,0XCD,0X8B,0XAD,
 270          0X93,0XCD,0X8B,0X8C,0X83,0X2B,0X7A,0XE9,0X6A,0XA8,0X62,0X47,0X51,0XC5,0X41,0X84,
 271          0X39,0X22,0X41,0X43,0X39,0X43,0X31,0X02,0X30,0XE2,0X30,0XE2,0X30,0XE2,0X28,0XA1,
 272          0X28,0XA1,0X28,0XC1,0X31,0X02,0X31,0X22,0X29,0X02,0X20,0XC0,0X20,0XC0,0X28,0XE1,
 273          0X29,0X02,0X18,0X80,0X20,0XE2,0X20,0XE2,0X20,0XE2,0X31,0X44,0X20,0XC2,0X18,0XC2,
 274          0X20,0XA1,0X20,0XA1,0X28,0XC1,0X39,0X43,0X41,0X64,0X49,0XA5,0X52,0X06,0X39,0X23,
 275          0X28,0XA1,0X39,0X23,0X41,0X84,0X6A,0XE9,0X5A,0X46,0X41,0X84,0X7B,0X4B,0XA4,0XB0,
 276          0XB5,0X74,0XEF,0X5B,0XE7,0X1B,0XFF,0XDE,0XEF,0X5D,0XD6,0X9A,0XD6,0XBB,0XEF,0X9E,
 277          0XEF,0XBF,0XE7,0X5D,0XDF,0X1C,0XD6,0XFC,0XD6,0XFB,0XD6,0XFB,0XD7,0X1C,0XDF,0X5D,
 278          0XFF,0XFE,0XF7,0XDE,0XEF,0X9D,0XE7,0X7D,0XEF,0X9D,0XEF,0XBE,0XF7,0X9D,0XF7,0X7C,
 279          0XBD,0X73,0X5A,0X46,0X51,0XE4,0X51,0XC4,0X41,0X42,0X30,0XE0,0X20,0X80,0X49,0XA4,
 280          0X83,0X4B,0X8B,0XAD,0XAC,0XD2,0XC5,0X94,0XBD,0X33,0XAC,0XF2,0XA4,0XB1,0X94,0X0E,
 281          0X94,0X0E,0X8C,0X0E,0X8B,0XEE,0X93,0XEE,0X93,0XEE,0X93,0XEE,0X93,0XEE,0X93,0XCD,
 282          0X8B,0X8C,0X83,0X0A,0X72,0X88,0X62,0X06,0X51,0XC5,0X49,0X84,0X39,0X22,0X30,0XC1,
 283          0X30,0XC1,0X41,0X43,0X41,0X64,0X39,0X23,0X39,0X23,0X41,0X23,0X39,0X03,0X28,0XA1,
 284          0X30,0XC1,0X28,0XC1,0X28,0XC1,0X31,0X22,0X31,0X02,0X28,0XC1,0X20,0XA0,0X20,0XC1,
 285          0X31,0X22,0X18,0X80,0X20,0XE1,0X20,0XC1,0X20,0XC2,0X31,0X64,0X20,0XE2,0X20,0XC2,
 286          0X20,0XC1,0X20,0XA1,0X28,0XC1,0X41,0X84,0X41,0X84,0X49,0XA5,0X52,0X06,0X39,0X23,
 287          0X20,0X40,0X62,0X47,0X5A,0X47,0X6A,0XC9,0X39,0X43,0X52,0X26,0X7B,0X6B,0XA4,0XD1,
 288          0XEF,0X3B,0XCE,0X58,0XE7,0X1B,0XF7,0XBD,0XCE,0X79,0XDE,0XFB,0XCE,0X79,0XD6,0XDB,
 289          0XDF,0X3D,0XEF,0X9E,0XF7,0XFF,0XF7,0XDF,0XEF,0XBE,0XE7,0X9E,0XDF,0X5C,0XD7,0X1B,
 290          0XEF,0X9C,0XEF,0X5C,0XE7,0X5C,0XEF,0X7D,0XEF,0X9D,0XE7,0X7D,0XEF,0X7C,0XF7,0X9C,
 291          0XC5,0XD5,0X62,0X67,0X6A,0X87,0X51,0XC4,0X39,0X01,0X31,0X01,0X20,0X80,0X49,0XC5,
 292          0X7B,0X4B,0X9C,0X2F,0XBD,0X33,0XAC,0XB1,0X9C,0X70,0XA4,0X90,0X94,0X0E,0X8B,0XCD,
 293          0X8B,0XCD,0X94,0X2E,0X94,0X0E,0X8B,0XEE,0X9C,0X2F,0X8B,0XCD,0X7B,0X4B,0X83,0X4B,
 294          0X7A,0XCA,0X6A,0X27,0X59,0XC5,0X51,0XA5,0X49,0X64,0X49,0X64,0X49,0XA4,0X49,0XA5,
 295          0X51,0XE6,0X62,0X47,0X62,0X68,0X5A,0X27,0X51,0XE6,0X49,0X85,0X49,0X64,0X51,0XC6,
 296          0X39,0X02,0X28,0XA1,0X28,0XA1,0X39,0X23,0X39,0X22,0X28,0XE1,0X28,0XE1,0X20,0XA0,
 297          0X28,0XE1,0X20,0XC1,0X18,0XA0,0X18,0XA1,0X20,0XC2,0X29,0X03,0X29,0X03,0X20,0XE2,
 298          0X29,0X02,0X28,0XE2,0X31,0X22,0X39,0X64,0X49,0XA5,0X41,0X84,0X41,0X43,0X39,0X23,
 299          0X28,0XC1,0X5A,0X27,0X62,0XA8,0X51,0XE5,0X52,0X06,0X49,0XE5,0XAD,0X12,0X94,0X2E,
 300          0XFF,0XDD,0XD6,0XB9,0XD6,0X99,0XE7,0X1B,0XDE,0XDA,0XE7,0X5C,0XD6,0XDB,0XEF,0X7D,
 301          0XE7,0X7E,0XEF,0XBF,0XF7,0XDF,0XF7,0XFF,0XF7,0XFF,0XF7,0XFF,0XEF,0XBE,0XE7,0X5D,
 302          0XF7,0X9D,0XEF,0X9D,0XEF,0XBD,0XF7,0XDE,0XEF,0XBE,0XEF,0X7D,0XEF,0X5C,0XF7,0X5C,
 303          0XBD,0X73,0X62,0X87,0X5A,0X25,0X49,0XA3,0X30,0XE0,0X30,0XE1,0X18,0X40,0X49,0XC5,
C51 COMPILER V7.07   MMP                                                                   10/27/2009 00:27:38 PAGE 6   

 304          0X8B,0XAD,0X94,0X0F,0XAC,0X91,0X9C,0X2F,0X93,0XEE,0X94,0X2F,0X93,0XEE,0X94,0X0E,
 305          0X94,0X2F,0X8B,0XEE,0X8B,0XCD,0X83,0X8C,0X83,0X6C,0X8B,0XAD,0X8B,0X8D,0X7A,0XEA,
 306          0X6A,0X68,0X6A,0X48,0X59,0XC5,0X51,0XA5,0X5A,0X07,0X5A,0X06,0X5A,0X06,0X6A,0X89,
 307          0X83,0X4C,0X72,0XEA,0X72,0XCA,0X6A,0X68,0X51,0XA5,0X51,0XA6,0X6A,0X48,0X6A,0X48,
 308          0X59,0XC6,0X49,0X84,0X39,0X23,0X39,0X23,0X41,0X43,0X39,0X22,0X39,0X22,0X31,0X01,
 309          0X20,0XA0,0X20,0XC1,0X28,0XE1,0X20,0XE2,0X20,0XC2,0X20,0XE2,0X20,0XE2,0X29,0X02,
 310          0X29,0X02,0X28,0XE2,0X31,0X02,0X39,0X43,0X41,0X84,0X41,0X84,0X39,0X23,0X30,0XE2,
 311          0X30,0XC1,0X51,0XE5,0X52,0X06,0X49,0XC5,0X5A,0X67,0X5A,0X67,0XAD,0X12,0X8C,0X2E,
 312          0XE7,0X3B,0XDE,0XFA,0XCE,0X79,0XDE,0XFB,0XDE,0XDB,0XE7,0X3C,0XDF,0X1C,0XEF,0X9E,
 313          0XEF,0X9E,0XF7,0XDF,0XF7,0XDF,0XEF,0XBF,0XEF,0X9E,0XEF,0X9E,0XEF,0X9E,0XE7,0X9D,
 314          0XFF,0XDE,0XFF,0XDE,0XFF,0XDE,0XF7,0XFF,0XF7,0XDE,0XEF,0X9E,0XF7,0X9D,0XFF,0XBD,
 315          0XAC,0XD1,0X6A,0XA8,0X49,0XC4,0X49,0XA4,0X38,0XE1,0X39,0X22,0X18,0X40,0X5A,0X27,
 316          0XA4,0X50,0X9C,0X2F,0X9C,0X30,0X8B,0XCE,0X83,0X6C,0X83,0X6C,0X7B,0X4B,0X83,0XAD,
 317          0X94,0X0E,0XA4,0X90,0X8B,0XCD,0X7B,0X0B,0X8B,0X8D,0X8B,0X8D,0X72,0XC9,0X72,0XA9,
 318          0X62,0X07,0X59,0XC5,0X6A,0X68,0X7A,0XEA,0X6A,0X89,0X72,0XEA,0X8B,0XAD,0X83,0X8D,
 319          0X8B,0XAD,0XA4,0X50,0XA4,0X30,0X93,0XCF,0X93,0XCE,0X7A,0XCA,0X51,0XA6,0X59,0XA6,
 320          0X59,0XE6,0X51,0XE6,0X49,0X64,0X39,0X02,0X39,0X22,0X39,0X22,0X31,0X01,0X31,0X02,
 321          0X28,0XC0,0X28,0XC1,0X28,0XE1,0X28,0XE1,0X28,0XE2,0X20,0XE2,0X20,0XC2,0X20,0XC2,
 322          0X29,0X02,0X29,0X02,0X31,0X22,0X39,0X43,0X41,0X84,0X41,0X84,0X39,0X43,0X31,0X02,
 323          0X30,0XE2,0X49,0XC5,0X51,0XE5,0X49,0XC5,0X5A,0X67,0X5A,0X68,0XA4,0XB0,0X8C,0X0E,
 324          0XC6,0X16,0XEF,0X9C,0XDF,0X1B,0XF7,0XDE,0XFF,0XFF,0XF7,0XBE,0XEF,0X9E,0XF7,0XDF,
 325          0XFF,0XFF,0XF7,0XBF,0XEF,0X7E,0XE7,0X5D,0XE7,0X7E,0XEF,0XBE,0XEF,0XBE,0XE7,0X7D,
 326          0XEF,0X7C,0XEF,0X5C,0XEF,0X5C,0XE7,0X3C,0XE7,0X3C,0XE7,0X5D,0XF7,0X9E,0XFF,0XDE,
 327          0XC5,0XB5,0X94,0X0E,0X5A,0X06,0X51,0XE5,0X39,0X22,0X39,0X23,0X18,0X20,0X5A,0X27,
 328          0X93,0XCE,0X83,0X2C,0X83,0X4C,0X7B,0X4C,0X7B,0X2C,0X7B,0X4C,0X7B,0X4C,0X8B,0XCE,
 329          0X83,0X8D,0X7B,0X0B,0X93,0XCE,0X9C,0X0E,0X83,0X2B,0X83,0X4C,0X8B,0X8C,0X72,0X68,
 330          0X82,0XEA,0X82,0XEB,0X6A,0X28,0X6A,0X69,0X9B,0XEF,0X93,0XEF,0X72,0XEB,0X72,0XEB,
 331          0X6A,0XAA,0X51,0XE7,0X5A,0X08,0X62,0X29,0X59,0XC7,0X72,0XAA,0X9B,0XCF,0X9B,0XAE,
 332          0X6A,0X48,0X62,0X48,0X59,0XE6,0X49,0X84,0X5A,0X06,0X5A,0X47,0X41,0X84,0X39,0X22,
 333          0X39,0X43,0X31,0X01,0X28,0XC1,0X28,0XE1,0X31,0X02,0X31,0X23,0X29,0X02,0X28,0XE2,
 334          0X29,0X02,0X31,0X22,0X39,0X43,0X39,0X63,0X41,0X84,0X41,0X84,0X41,0X64,0X39,0X43,
 335          0X30,0XE2,0X51,0XC5,0X52,0X06,0X51,0XE6,0X5A,0X47,0X5A,0X47,0X9C,0X90,0XA4,0XD1,
 336          0X94,0X90,0XEF,0X5C,0XD6,0XB9,0XEF,0X9D,0XFF,0XFF,0XE7,0X5C,0XE7,0X5D,0XEF,0X7D,
 337          0XF7,0XFF,0XE7,0X5D,0XD6,0XDB,0XD6,0XDB,0XE7,0X7D,0XF7,0XDF,0XEF,0X9E,0XDF,0X1C,
 338          0XEF,0X5C,0XEF,0X5C,0XEF,0X5D,0XE7,0X5D,0XE7,0X5D,0XEF,0X9E,0XFF,0XDF,0XFF,0XFF,
 339          0XD6,0X17,0XAC,0XB1,0X51,0XE6,0X51,0XC5,0X41,0X43,0X39,0X43,0X20,0X80,0X5A,0X68,
 340          0X62,0X48,0X49,0X85,0X49,0X85,0X49,0XA6,0X51,0XC6,0X51,0XE7,0X52,0X07,0X6A,0XAA,
 341          0X7B,0X4C,0X93,0XCE,0X93,0XAD,0X8B,0X8D,0X8B,0X6C,0X7A,0XCA,0X72,0X68,0X83,0X0B,
 342          0X7A,0XAA,0X83,0X0B,0XA4,0X50,0XA4,0X30,0X6A,0X69,0X49,0XA7,0X51,0XE8,0X41,0X86,
 343          0X41,0X66,0X5A,0X09,0X51,0XC7,0X51,0XA7,0X6A,0X49,0X62,0X08,0X51,0X66,0X61,0XE8,
 344          0X72,0XAA,0X6A,0X89,0X6A,0X68,0X41,0X44,0X39,0X02,0X49,0X84,0X49,0XC5,0X62,0X67,
 345          0X49,0XC4,0X39,0X63,0X31,0X22,0X31,0X02,0X31,0X02,0X31,0X02,0X31,0X22,0X31,0X43,
 346          0X31,0X22,0X39,0X63,0X41,0X84,0X39,0X63,0X39,0X63,0X41,0X63,0X41,0X64,0X41,0X63,
 347          0X30,0XE2,0X49,0X84,0X49,0XA5,0X49,0XC5,0X52,0X06,0X52,0X26,0X9C,0X4F,0XBD,0X94,
 348          0X8C,0X4F,0XEF,0X7C,0XC6,0X58,0XD6,0XBA,0XDF,0X1B,0XCE,0X99,0XDF,0X1C,0XE7,0X3D,
 349          0XEF,0X5E,0XDF,0X1C,0XD6,0XDB,0XDE,0XFC,0XE7,0X5D,0XEF,0X7E,0XE7,0X3C,0XD6,0XDB,
 350          0XF7,0X9D,0XFF,0XBE,0XFF,0XDF,0XFF,0XDF,0XFF,0XFF,0XFF,0XFF,0XFF,0XFF,0XFF,0XDE,
 351          0XE6,0XDA,0XB5,0X12,0X51,0XC5,0X41,0X84,0X39,0X23,0X28,0XC2,0X28,0XA1,0X52,0X07,
 352          0X5A,0X28,0X49,0X65,0X41,0X45,0X41,0X65,0X49,0X85,0X49,0XA6,0X51,0XC6,0X6A,0X89,
 353          0X93,0XAE,0X7A,0XEB,0X93,0XAD,0X9C,0X0F,0X7A,0XCA,0X82,0XEA,0XA3,0XEE,0X93,0X6D,
 354          0X9B,0XEF,0X93,0XAE,0X62,0X28,0X41,0X24,0X49,0X86,0X51,0XC7,0X51,0XC8,0X62,0X8B,
 355          0X5A,0X09,0X49,0XA7,0X5A,0X09,0X62,0X4A,0X59,0XC8,0X62,0X08,0X72,0X6A,0X61,0XE8,
 356          0X7B,0X0B,0X6A,0X69,0X83,0X2C,0X7A,0XEA,0X72,0XC9,0X73,0X0A,0X52,0X06,0X41,0X84,
 357          0X41,0X83,0X41,0X83,0X41,0X83,0X39,0X43,0X28,0XE1,0X20,0X80,0X28,0XE1,0X39,0X63,
 358          0X39,0X43,0X39,0X83,0X39,0X63,0X39,0X43,0X39,0X22,0X39,0X63,0X41,0X43,0X39,0X23,
 359          0X39,0X23,0X41,0X63,0X31,0X22,0X39,0X63,0X49,0XA5,0X49,0XC5,0X83,0XAD,0XB5,0X53,
 360          0X9C,0XD1,0XF7,0XDD,0XD6,0XDA,0XDF,0X3B,0XE7,0X5C,0XD6,0XBA,0XDE,0XFB,0XDF,0X1C,
 361          0XE7,0X3D,0XE7,0X5D,0XEF,0X9E,0XEF,0X9E,0XE7,0X5D,0XDF,0X1C,0XDF,0X1C,0XE7,0X3C,
 362          0XF7,0X9D,0XF7,0XBE,0XF7,0XBF,0XF7,0XBF,0XF7,0XDF,0XFF,0XDF,0XF7,0X9E,0XEF,0X3C,
 363          0XFF,0XFE,0XCD,0XD5,0X5A,0X27,0X49,0X84,0X41,0X64,0X30,0XE2,0X41,0X65,0X5A,0X48,
 364          0X62,0X28,0X51,0XA6,0X51,0XC7,0X51,0XC7,0X59,0XE7,0X5A,0X07,0X51,0XE7,0X6A,0X69,
 365          0X6A,0X68,0X72,0XCA,0X83,0X4C,0X93,0X6D,0X9B,0XCE,0XB4,0X70,0XB4,0X91,0XA4,0X0F,
C51 COMPILER V7.07   MMP                                                                   10/27/2009 00:27:38 PAGE 7   

 366          0X62,0X08,0X59,0XC7,0X6A,0X49,0X6A,0X6A,0X5A,0X09,0X5A,0X4A,0X5A,0X2A,0X41,0X87,
 367          0X41,0X87,0X51,0XC9,0X49,0X87,0X41,0X46,0X59,0XC8,0X61,0XE8,0X61,0XE9,0X72,0X8B,
 368          0X49,0X86,0X72,0XCA,0XE6,0X58,0XEE,0X99,0XA4,0X4F,0X7B,0X0A,0X5A,0X26,0X5A,0X26,
 369          0X41,0X83,0X41,0X83,0X49,0XA4,0X49,0XA4,0X39,0X42,0X28,0XC1,0X28,0XC1,0X39,0X43,
 370          0X39,0X63,0X39,0X63,0X31,0X02,0X28,0XE1,0X39,0X22,0X41,0X84,0X41,0X64,0X39,0X02,
 371          0X39,0X43,0X41,0X64,0X39,0X43,0X41,0X84,0X41,0X84,0X41,0X84,0X7B,0X4B,0XC5,0XB5,
 372          0X9C,0XD1,0XEF,0X9C,0XE7,0X3B,0XEF,0XBD,0XF7,0XBE,0XDF,0X3C,0XD6,0XDB,0XD6,0XDB,
 373          0XE7,0X3D,0XEF,0X7E,0XEF,0XBF,0XF7,0XBF,0XE7,0X7D,0XDF,0X1C,0XDF,0X3C,0XE7,0X7D,
 374          0XFF,0XFF,0XFF,0XFF,0XFF,0XFF,0XF7,0XDF,0XFF,0XFF,0XFF,0XFF,0XFF,0XDF,0XF7,0X5D,
 375          0XF7,0X5C,0XB5,0X33,0X5A,0X07,0X51,0XC6,0X6A,0XA9,0X6A,0XA9,0X94,0X0F,0XB4,0XF3,
 376          0XBD,0X34,0XB4,0XB2,0XB4,0XD3,0XA4,0X51,0X93,0XCF,0X83,0X4C,0X6A,0X89,0X6A,0X89,
 377          0X72,0XCA,0X7B,0X0B,0X9B,0XEE,0XA4,0X0F,0X9B,0XCE,0XB4,0X91,0XA3,0XEF,0X59,0X85,
 378          0X62,0X08,0X6A,0X49,0X62,0X09,0X59,0XE8,0X5A,0X29,0X52,0X09,0X41,0X87,0X39,0X26,
 379          0X39,0X46,0X31,0X05,0X31,0X05,0X39,0X05,0X39,0X05,0X51,0X87,0X6A,0X4A,0X7A,0XAC,
 380          0X8B,0X6E,0X51,0XC6,0X7A,0XEB,0X7A,0XEA,0X5A,0X06,0X6A,0X68,0X5A,0X06,0X49,0X84,
 381          0X5A,0X06,0X49,0XC4,0X49,0XA4,0X5A,0X05,0X5A,0X06,0X49,0X84,0X39,0X22,0X31,0X01,
 382          0X41,0X83,0X31,0X22,0X28,0XC0,0X28,0XA0,0X39,0X43,0X51,0XE5,0X49,0XC5,0X39,0X22,
 383          0X30,0XE2,0X41,0XA4,0X49,0XC5,0X52,0X26,0X49,0XE5,0X49,0XE5,0X8B,0XEE,0XEF,0X1A,
 384          0XAD,0X74,0XF7,0XBD,0XEF,0X7C,0XF7,0XDE,0XF7,0XDE,0XEF,0X9E,0XE7,0X5D,0XEF,0X7D,
 385          0XE7,0X5D,0XDF,0X1C,0XDF,0X1C,0XE7,0X3D,0XE7,0X5D,0XE7,0X3D,0XDF,0X1C,0XDF,0X3C,
 386          0XFF,0XFF,0XFF,0XFF,0XFF,0XFF,0XDF,0X1C,0XF7,0XDF,0XE7,0X5D,0XFF,0XFF,0XEF,0X3C,
 387          0XE6,0XDB,0XAD,0X14,0X83,0X6D,0X94,0X0F,0X6A,0XAA,0X5A,0X07,0X59,0XE7,0X62,0X69,
 388          0X5A,0X28,0X5A,0X28,0X6A,0XAA,0X73,0X0B,0X8B,0XAE,0XA4,0X71,0X9C,0X50,0XA4,0X71,
 389          0X8B,0XCE,0X83,0X4C,0X8B,0X8D,0X8B,0X6D,0X93,0XAE,0X72,0X89,0X6A,0X48,0X61,0XE7,
 390          0X6A,0X29,0X61,0XE9,0X6A,0X4A,0X72,0XAB,0X5A,0X09,0X41,0X66,0X39,0X46,0X39,0X66,
 391          0X30,0XE5,0X28,0XC4,0X28,0XC4,0X30,0XE4,0X30,0XC4,0X30,0XC5,0X41,0X47,0X59,0XE9,
 392          0X72,0XAB,0X6A,0X89,0X6A,0X89,0X72,0XCA,0X72,0XCA,0X62,0X47,0X5A,0X06,0X5A,0X06,
 393          0X51,0XC5,0X51,0XC5,0X51,0XA4,0X49,0X63,0X51,0X84,0X59,0XE5,0X59,0XC5,0X49,0X84,
 394          0X41,0X63,0X41,0X63,0X39,0X42,0X39,0X01,0X41,0X42,0X49,0XC4,0X49,0XC4,0X41,0X42,
 395          0X41,0XA4,0X41,0X83,0X39,0X43,0X49,0XC5,0X41,0XA5,0X52,0X27,0XAC,0XD1,0XDE,0X98,
 396          0X94,0XB1,0XFF,0XFF,0XC6,0X58,0XEF,0XBE,0XFF,0XFF,0XE7,0X7D,0XDF,0X1C,0XEF,0X9E,
 397          0XEF,0X7E,0XDF,0X3D,0XE7,0X3E,0XEF,0X7E,0XE7,0X5D,0XE7,0X3D,0XE7,0X3D,0XDE,0XFC,
 398          0XEF,0X7D,0XE7,0X7D,0XF7,0XBE,0XE7,0X5D,0XFF,0XFF,0XE7,0X3D,0XFF,0XDF,0XE7,0X1C,
 399          0XFF,0X9E,0X9C,0X92,0X73,0X0C,0X49,0XC7,0X5A,0X28,0X41,0X44,0X62,0X28,0X83,0X2C,
 400          0X62,0X49,0X5A,0X49,0X5A,0X28,0X5A,0X69,0X49,0XC6,0X5A,0X48,0X49,0XE7,0X5A,0X69,
 401          0X51,0XE6,0X5A,0X48,0X83,0X4C,0X8B,0X8D,0X93,0XCE,0X72,0XCA,0X6A,0X49,0X59,0XE7,
 402          0X62,0X09,0X6A,0X29,0X6A,0X6B,0X6A,0X4A,0X51,0XA7,0X49,0X67,0X51,0XC8,0X52,0X09,
 403          0X39,0X46,0X31,0X05,0X31,0X05,0X31,0X05,0X39,0X05,0X30,0XE5,0X41,0X26,0X49,0XA7,
 404          0X62,0X29,0X5A,0X08,0X62,0X49,0X72,0XCA,0X7A,0XEA,0X6A,0X89,0X62,0X47,0X62,0X47,
 405          0X51,0XA5,0X59,0XC5,0X51,0XA4,0X49,0X63,0X49,0X43,0X51,0X63,0X59,0XA4,0X59,0XC4,
 406          0X51,0X84,0X49,0XA4,0X49,0X63,0X41,0X62,0X49,0X83,0X51,0XE4,0X49,0XC4,0X41,0X62,
 407          0X41,0X62,0X41,0XA3,0X39,0X63,0X49,0XC4,0X49,0XC5,0X49,0XE6,0X94,0X0E,0XC5,0XD5,
 408          0XCE,0X78,0XEF,0X9D,0XDF,0X1B,0XF7,0XDE,0XDF,0X1C,0XDF,0X3C,0XD6,0XDB,0XEF,0X7E,
 409          0XEF,0X7E,0XDF,0X1D,0XE7,0X3D,0XE7,0X5E,0XE7,0X3D,0XDF,0X1D,0XDF,0X1D,0XD6,0XFC,
 410          0XF7,0XDF,0XEF,0X7D,0XF7,0XBE,0XEF,0X9E,0XFF,0XFF,0XE7,0X5D,0XFF,0XDF,0XE7,0X1C,
 411          0XC6,0X18,0X94,0X31,0X83,0X8E,0X51,0XE7,0X72,0XCB,0X59,0XE7,0X5A,0X07,0X7A,0XCB,
 412          0X72,0XCB,0X62,0X8A,0X51,0XE7,0X5A,0X48,0X39,0X45,0X52,0X08,0X52,0X07,0X7B,0X6D,
 413          0X72,0XEB,0X62,0X89,0X7B,0X0B,0X93,0XCE,0X93,0XCE,0X62,0X48,0X51,0X86,0X51,0X66,
 414          0X51,0X46,0X59,0X87,0X59,0XC8,0X49,0X46,0X30,0X83,0X30,0X83,0X41,0X05,0X41,0X26,
 415          0X39,0X05,0X30,0XE4,0X30,0XC4,0X39,0X05,0X41,0X05,0X38,0XE5,0X41,0X06,0X49,0X67,
 416          0X51,0XC7,0X51,0XA6,0X59,0XE7,0X6A,0X89,0X7A,0XCA,0X72,0XA9,0X6A,0X68,0X6A,0X47,
 417          0X59,0XE6,0X62,0X05,0X59,0XE5,0X51,0XA4,0X49,0X22,0X41,0X02,0X49,0X63,0X59,0XC5,
 418          0X51,0XC5,0X51,0XC4,0X51,0XC4,0X51,0XE4,0X59,0XE5,0X51,0XE4,0X41,0X83,0X39,0X41,
 419          0X39,0X21,0X49,0XA4,0X41,0XA4,0X49,0XE5,0X52,0X26,0X51,0XE6,0X7B,0X2B,0XA4,0XD1,
 420          0XA4,0XF2,0XE7,0X3C,0XE7,0X3C,0XFF,0XFF,0XF7,0X9E,0XEF,0X9E,0XDF,0X1C,0XE7,0X3D,
 421          0XEF,0X7E,0XDF,0X1C,0XDE,0XFC,0XDF,0X1D,0XDE,0XFC,0XDF,0X1C,0XDF,0X1C,0XD6,0XDB,
 422          0XFF,0XFF,0XEF,0XBE,0XEF,0X9E,0XE7,0X7D,0XF7,0XDF,0XF7,0XBE,0XFF,0XFF,0XEF,0X5D,
 423          0XB5,0X75,0XBD,0XB6,0X8B,0XCF,0X5A,0X49,0X49,0XA6,0X51,0XC7,0X49,0X65,0X62,0X49,
 424          0X72,0XCB,0X51,0XE8,0X41,0X85,0X41,0X86,0X30,0XE3,0X39,0X24,0X31,0X04,0X5A,0X48,
 425          0XA4,0X51,0X62,0X69,0X62,0X48,0X93,0XEF,0XA4,0X10,0X59,0XE7,0X38,0XE3,0X49,0X45,
 426          0X49,0X05,0X51,0X46,0X59,0X87,0X51,0X66,0X40,0XC4,0X38,0XA3,0X41,0X05,0X49,0X25,
 427          0X51,0X87,0X51,0XA7,0X59,0XC8,0X61,0XE9,0X61,0XC9,0X59,0XA8,0X61,0XC9,0X6A,0X2A,
C51 COMPILER V7.07   MMP                                                                   10/27/2009 00:27:38 PAGE 8   

 428          0X59,0XE8,0X59,0XC7,0X59,0XE7,0X6A,0X69,0X7A,0XCA,0X72,0XC9,0X6A,0X88,0X6A,0X47,
 429          0X6A,0X67,0X6A,0X47,0X62,0X26,0X59,0XE5,0X49,0X63,0X38,0XE1,0X41,0X02,0X51,0X84,
 430          0X51,0X84,0X51,0XA4,0X59,0XE5,0X62,0X46,0X6A,0X67,0X5A,0X25,0X51,0XC4,0X49,0X83,
 431          0X39,0X21,0X51,0XE4,0X49,0XC4,0X52,0X26,0X62,0X88,0X5A,0X47,0X6A,0XC9,0X94,0X2F,
 432          0X73,0X6C,0XFF,0XFF,0XDE,0XDA,0XE7,0X1B,0XF7,0X9D,0XDE,0XFB,0XEF,0X5D,0XE7,0X5D,
 433          0XEF,0X7E,0XDF,0X1C,0XDE,0XFC,0XDF,0X1C,0XDF,0X3C,0XDF,0X3D,0XE7,0X5D,0XDF,0X3C,
 434          0XE7,0X3C,0XDF,0X3C,0XE7,0X3C,0XDF,0X1C,0XE7,0X5D,0XF7,0XBF,0XFF,0XFF,0XCE,0X39,
 435          0XAD,0X55,0XCE,0X38,0X83,0X8E,0X62,0X8A,0X51,0XC7,0X59,0XE7,0X51,0XA6,0X72,0X8A,
 436          0X6A,0XAA,0X41,0X66,0X49,0X86,0X41,0X66,0X49,0XC7,0X31,0X03,0X28,0XA2,0X31,0X03,
 437          0X72,0XEB,0X41,0X85,0X51,0XC7,0X9C,0X30,0XAC,0X71,0X72,0X8A,0X49,0X65,0X61,0XE7,
 438          0X59,0X66,0X51,0X05,0X59,0X66,0X69,0XE8,0X61,0XA7,0X59,0X87,0X61,0XC8,0X6A,0X09,
 439          0X7A,0X6A,0X82,0XAB,0X8A,0XCC,0X82,0XCC,0X7A,0X4A,0X71,0XE9,0X72,0X0A,0X7A,0X4A,
 440          0X72,0X49,0X6A,0X28,0X62,0X28,0X72,0X89,0X7A,0XCA,0X7A,0XEA,0X7A,0XC9,0X72,0X88,
 441          0X72,0XA8,0X6A,0X67,0X62,0X46,0X62,0X26,0X51,0XC4,0X41,0X22,0X38,0XE1,0X41,0X02,
 442          0X49,0X43,0X49,0X43,0X51,0XA5,0X62,0X26,0X6A,0X67,0X6A,0X67,0X6A,0X67,0X6A,0X87,
 443          0X49,0XA3,0X52,0X05,0X51,0XC4,0X51,0XE4,0X62,0X87,0X62,0X87,0X6A,0XC9,0X94,0X2E,
 444          0X52,0X68,0XDE,0XB9,0XD6,0X98,0XE7,0X1B,0XF7,0X7D,0XDE,0XFB,0XEF,0X5D,0XEF,0X7E,
 445          0XF7,0X9E,0XE7,0X3C,0XDF,0X1C,0XE7,0X5D,0XE7,0X7D,0XEF,0X9E,0XF7,0XDF,0XEF,0XDE,
 446          0XD6,0XDA,0XDF,0X3C,0XE7,0X7D,0XE7,0X3C,0XD6,0XBB,0XDE,0XDB,0XCE,0X7A,0X83,0XCF,
 447          0XC5,0XD7,0XC5,0XF7,0X9C,0X51,0X6A,0XAA,0X6A,0XAA,0X39,0X03,0X30,0X82,0X38,0XE3,
 448          0X49,0X65,0X18,0X00,0X28,0X82,0X20,0X41,0X41,0X65,0X28,0XC3,0X31,0X03,0X39,0X24,
 449          0X5A,0X48,0X62,0X49,0X7B,0X0C,0XA4,0X71,0X9C,0X10,0X7B,0X0C,0X62,0X08,0X6A,0X49,
 450          0X69,0XE7,0X51,0X25,0X59,0X45,0X69,0XC7,0X69,0XE8,0X69,0XE7,0X72,0X29,0X7A,0X6A,
 451          0X7A,0X4A,0X82,0XAB,0X8A,0XCC,0X82,0X8B,0X7A,0X29,0X71,0XC8,0X71,0XE9,0X72,0X29,
 452          0X72,0X6A,0X72,0X49,0X72,0X49,0X72,0X89,0X7A,0XCA,0X82,0XEA,0X7A,0XC9,0X72,0XA9,
 453          0X72,0X88,0X6A,0X67,0X62,0X46,0X62,0X46,0X62,0X25,0X51,0XA3,0X39,0X02,0X30,0XC1,
 454          0X49,0X64,0X49,0X64,0X49,0X64,0X51,0X84,0X51,0XA4,0X59,0XE5,0X62,0X26,0X6A,0X67,
 455          0X5A,0X05,0X5A,0X05,0X51,0XE4,0X49,0X83,0X51,0XE4,0X5A,0X46,0X6A,0XC8,0X9C,0X4F,
 456          0X6B,0X2B,0X7B,0X8D,0XD6,0X57,0XFF,0XBD,0XF7,0X5C,0XF7,0X7D,0XE7,0X1C,0XF7,0X9E,
 457          0XEF,0X7D,0XE7,0X1C,0XDF,0X1C,0XE7,0X5D,0XE7,0X5D,0XE7,0X7D,0XEF,0XDE,0XEF,0XDE,
 458          0XDE,0XFB,0XE7,0X5D,0XEF,0XBE,0XEF,0X9E,0XCE,0X79,0XCE,0X79,0XC6,0X18,0X83,0XCF,
 459          0X8C,0X30,0X83,0XEF,0XA4,0X92,0X41,0X65,0X5A,0X28,0X49,0X65,0X49,0X65,0X59,0XE7,
 460          0X59,0XE7,0X38,0XC4,0X41,0X04,0X30,0XC3,0X49,0X66,0X41,0X45,0X49,0X86,0X51,0XE7,
 461          0X72,0XCB,0X83,0X6D,0X93,0XEF,0XA4,0X71,0X8B,0X6D,0X7A,0XEB,0X62,0X28,0X6A,0X49,
 462          0X72,0X49,0X61,0XC7,0X61,0XC7,0X6A,0X08,0X72,0X08,0X72,0X49,0X7A,0X8A,0X82,0X6A,
 463          0X7A,0X6A,0X82,0X8A,0X8A,0X8B,0X8A,0X8B,0X82,0X6A,0X82,0X6A,0X82,0X6A,0X82,0X8B,
 464          0X7A,0X6A,0X7A,0X8A,0X7A,0X8A,0X7A,0XAA,0X82,0XEB,0X83,0X0B,0X82,0XEA,0X7A,0XE9,
 465          0X72,0XA8,0X72,0X87,0X6A,0X87,0X6A,0X67,0X62,0X66,0X5A,0X05,0X41,0X42,0X30,0XA0,
 466          0X51,0X84,0X59,0XA5,0X51,0X85,0X49,0X43,0X41,0X22,0X49,0X63,0X51,0XA3,0X49,0XA3,
 467          0X5A,0X05,0X51,0XE4,0X62,0X45,0X49,0XC4,0X41,0X62,0X51,0XE4,0X6A,0XA7,0X94,0X0D,
 468          0XD6,0X16,0X7B,0X6C,0XBD,0XB5,0XE6,0XDA,0XDE,0XB9,0XEF,0X5C,0XDE,0XBA,0XF7,0X9E,
 469          0XEF,0X5D,0XDF,0X1B,0XDF,0X1C,0XE7,0X3C,0XDF,0X1B,0XDF,0X3B,0XE7,0X7D,0XE7,0X9D,
 470          0XD6,0XDB,0XDE,0XFB,0XE7,0X7D,0XEF,0X9E,0XCE,0X9A,0XDE,0XFC,0XF7,0X9E,0XCE,0X39,
 471          0X94,0X72,0XAD,0X14,0XF7,0X3D,0X5A,0X49,0X5A,0X08,0X62,0X48,0X49,0X45,0X59,0XC7,
 472          0X62,0X08,0X59,0XC7,0X6A,0X49,0X6A,0X6A,0X6A,0X49,0X62,0X29,0X59,0XE7,0X62,0X69,
 473          0X62,0X49,0X72,0XCB,0X83,0X2C,0XA4,0X30,0X8B,0X6D,0X7A,0XEB,0X62,0X08,0X6A,0X48,
 474          0X61,0XE7,0X61,0XC6,0X69,0XE7,0X6A,0X07,0X72,0X28,0X7A,0X89,0X82,0XCA,0X7A,0X69,
 475          0X82,0X8A,0X82,0X6A,0X82,0X6A,0X82,0X6A,0X8A,0X8A,0X8A,0XAB,0X8A,0XAB,0X8A,0X8B,
 476          0X82,0XCB,0X82,0XEB,0X8B,0X0C,0X8B,0X2C,0X8B,0X4C,0X8B,0X4C,0X8B,0X2B,0X83,0X0A,
 477          0X7A,0XE9,0X7A,0XE9,0X7A,0XC8,0X72,0XA7,0X6A,0X87,0X62,0X46,0X49,0X83,0X30,0XA0,
 478          0X49,0X43,0X59,0XA5,0X59,0XC6,0X51,0X64,0X49,0X43,0X51,0X84,0X49,0X83,0X41,0X42,
 479          0X51,0XC4,0X51,0XC4,0X6A,0XA7,0X62,0X45,0X41,0X62,0X49,0XA3,0X62,0X66,0X83,0X8B,
 480          0XD6,0X57,0X94,0X2F,0XA4,0XD1,0XCE,0X37,0XFF,0X9D,0XFF,0XDE,0XE7,0X1B,0XEF,0X7D,
 481          0XEF,0X7D,0XE7,0X3C,0XE7,0X5D,0XE7,0X5C,0XDF,0X1B,0XD7,0X1B,0XE7,0X5C,0XE7,0X7C,
 482          0XDF,0X1C,0XDF,0X3C,0XDF,0X3C,0XDF,0X1C,0XDF,0X1C,0XFF,0XDF,0XF7,0XBF,0XC5,0XF8,
 483          0XD6,0X7A,0XDE,0X9A,0XE6,0X9A,0X5A,0X49,0X30,0XC3,0X62,0X28,0X41,0X44,0X72,0X8A,
 484          0X8B,0X2D,0X6A,0X49,0X83,0X0C,0X82,0XEC,0X62,0X08,0X72,0XAA,0X49,0X86,0X6A,0XAA,
 485          0X83,0X2C,0X6A,0X89,0XD5,0XF7,0XAC,0X91,0X72,0XAA,0X62,0X28,0X72,0XCA,0X6A,0X89,
 486          0X62,0X27,0X6A,0X07,0X62,0X07,0X62,0X07,0X72,0X48,0X7A,0X89,0X7A,0X89,0X72,0X28,
 487          0X82,0XAA,0X82,0X8A,0X82,0X89,0X82,0XAA,0X8A,0XCB,0X8A,0XEB,0X8A,0XEB,0X92,0XEC,
 488          0X93,0X4D,0X9B,0X6E,0X9B,0X8E,0X9B,0X8D,0X93,0X4C,0X8B,0X4B,0X8B,0X4B,0X93,0X8B,
 489          0X83,0X09,0X83,0X09,0X83,0X09,0X7A,0XE8,0X6A,0X87,0X62,0X26,0X49,0X83,0X39,0X01,
C51 COMPILER V7.07   MMP                                                                   10/27/2009 00:27:38 PAGE 9   

 490          0X49,0X43,0X51,0X85,0X59,0XA5,0X51,0X84,0X51,0X84,0X51,0XA4,0X49,0X83,0X41,0X42,
 491          0X49,0XA3,0X51,0XC4,0X72,0XC8,0X62,0X66,0X49,0XA3,0X30,0XE0,0X72,0XE8,0X8B,0XEC,
 492          0XA4,0XB0,0XB5,0X33,0XBD,0X94,0XCE,0X37,0XCE,0X37,0XE7,0X1B,0XFF,0XFF,0XD6,0X79,
 493          0XE7,0X1B,0XE7,0X1B,0XE7,0X3C,0XE7,0X5C,0XDF,0X3C,0XDF,0X1B,0XDF,0X3B,0XDF,0X3B,
 494          0XE7,0X7D,0XE7,0X5C,0XEF,0X9E,0XEF,0XBE,0XE7,0X5D,0XF7,0XBF,0XF7,0X9E,0XC5,0XF8,
 495          0XB5,0X75,0XEF,0X3C,0XFF,0XBF,0X7B,0X4D,0X30,0XE3,0X49,0X85,0X51,0XA6,0X6A,0X28,
 496          0X7A,0XAB,0X8B,0X0C,0X7A,0XAB,0X6A,0X49,0X7A,0XCB,0X6A,0X48,0X5A,0X08,0X7B,0X0C,
 497          0X62,0X28,0XA4,0X50,0XCD,0XB5,0X93,0XCE,0X8B,0X8D,0X7A,0XEA,0X6A,0X69,0X62,0X48,
 498          0X6A,0X68,0X72,0XA9,0X72,0XA9,0X6A,0X68,0X6A,0X07,0X6A,0X27,0X72,0X68,0X7A,0X89,
 499          0X7A,0X69,0X7A,0X89,0X82,0XAA,0X8A,0XEB,0X8B,0X0B,0X8B,0X0C,0X93,0X2C,0X8B,0X2C,
 500          0X93,0X4D,0X9B,0X6D,0X9B,0X8E,0X9B,0X8D,0X93,0X6D,0X93,0X6C,0X93,0X6B,0X93,0X6B,
 501          0X83,0X2A,0X83,0X2A,0X83,0X09,0X7A,0XE9,0X72,0XA8,0X6A,0X66,0X51,0XA4,0X41,0X02,
 502          0X38,0XE2,0X49,0X23,0X51,0X84,0X51,0XA4,0X51,0XA4,0X51,0XA4,0X49,0X83,0X41,0X62,
 503          0X49,0XA3,0X41,0X62,0X62,0X66,0X73,0X08,0X5A,0X45,0X39,0X21,0X72,0XE8,0XB5,0X11,
 504          0XAD,0X12,0X94,0X4F,0XAC,0XF2,0XEE,0XFA,0XCE,0X17,0XCE,0X38,0XD6,0X79,0XFF,0XDE,
 505          0XE7,0X1C,0XDE,0XFB,0XD6,0XDA,0XDE,0XFB,0XDF,0X3C,0XE7,0X7C,0XDF,0X5C,0XD7,0X1B,
 506          0XEF,0X9D,0XDF,0X1B,0XF7,0XDF,0XFF,0XFF,0XF7,0XBE,0XFF,0XFF,0XFF,0XFF,0XDE,0XDB,
 507          0XA4,0XD3,0XF7,0X5D,0XFF,0XBF,0XAC,0XD3,0X30,0XE3,0X41,0X24,0X51,0XC6,0X72,0X8A,
 508          0X82,0XAB,0X93,0X4D,0X7A,0X6A,0X6A,0X29,0X82,0XEB,0X62,0X07,0X83,0X2C,0X7B,0X0B,
 509          0X7B,0X0B,0XD5,0XD6,0XCD,0X95,0X93,0XCE,0X8B,0X8D,0X72,0XCA,0X6A,0X89,0X6A,0X88,
 510          0X72,0XC9,0X72,0XC9,0X72,0XA8,0X6A,0X68,0X6A,0X68,0X72,0XA9,0X7A,0XCA,0X82,0XCA,
 511          0X82,0XEA,0X8B,0X2B,0X93,0X4C,0X93,0X6C,0X93,0X6C,0X93,0X6C,0X93,0X8D,0X93,0X8D,
 512          0X9B,0XAE,0X9B,0XAE,0X9B,0XAE,0X9B,0X8D,0X9B,0X8D,0X93,0X6C,0X93,0X6C,0X93,0X6B,
 513          0X8B,0X4A,0X8B,0X4A,0X83,0X29,0X83,0X09,0X7A,0XE9,0X72,0X87,0X59,0XC4,0X41,0X22,
 514          0X38,0XC1,0X41,0X02,0X49,0X63,0X51,0XA4,0X51,0XA4,0X49,0X83,0X49,0X83,0X51,0XA3,
 515          0X51,0XC4,0X49,0XA3,0X5A,0X25,0X83,0X4A,0X5A,0X46,0X41,0X62,0X62,0X66,0XB5,0X11,
 516          0XCE,0X36,0X8C,0X2F,0XB5,0X74,0XC5,0XF6,0XDE,0XDA,0XD6,0X99,0XDE,0XBA,0XE7,0X1C,
 517          0XEF,0X7D,0XEF,0X7D,0XE7,0X3C,0XDF,0X1B,0XDF,0X1B,0XE7,0X5C,0XDF,0X5C,0XD7,0X1B,
 518          0XEF,0XBE,0XD6,0XBA,0XEF,0XBE,0XFF,0XFF,0XEF,0X9E,0XFF,0XFF,0XFF,0XFF,0XFF,0XBF,
 519          0XC5,0XF7,0XF7,0X5D,0XF7,0X1C,0XD5,0XF8,0X39,0X04,0X49,0X65,0X49,0X65,0X8B,0X4D,
 520          0X93,0X4D,0X82,0XCB,0X7A,0X8A,0X8B,0X0C,0X7A,0XAA,0X72,0X89,0XAC,0X50,0X72,0XCA,
 521          0XAC,0XB1,0XC5,0X33,0XC5,0X74,0XB4,0XF2,0X7B,0X2B,0X6A,0X88,0X7B,0X0A,0X72,0XC9,
 522          0X7A,0XEA,0X72,0XC9,0X72,0X88,0X72,0X88,0X7A,0XC9,0X82,0XEA,0X82,0XEA,0X82,0XEA,
 523          0X8B,0X2B,0X93,0X6C,0X9B,0X8D,0X93,0X8D,0X93,0X8D,0X93,0XAD,0X9B,0XCE,0X9B,0XEE,
 524          0XAC,0X50,0XA4,0X10,0X9B,0XAE,0X9B,0X8D,0X93,0X6D,0X93,0X8C,0X93,0X8C,0X93,0X8C,
 525          0X93,0X6B,0X8B,0X4A,0X8B,0X2A,0X83,0X09,0X83,0X09,0X7A,0XA8,0X61,0XE5,0X41,0X22,
 526          0X41,0X22,0X41,0X02,0X41,0X42,0X49,0X83,0X49,0X83,0X49,0X62,0X49,0XA3,0X5A,0X05,
 527          0X51,0XC3,0X51,0XE3,0X5A,0X05,0X73,0X09,0X49,0XC3,0X41,0X83,0X49,0XE4,0X94,0X2E,
 528          0XDE,0XB8,0XAD,0X53,0XC6,0X16,0XB5,0XB5,0XF7,0X7D,0XF7,0XBE,0XF7,0X9E,0XCE,0X58,
 529          0XD6,0X9A,0XDE,0XFB,0XDE,0XFB,0XCE,0X79,0XBE,0X38,0XC6,0X58,0XCE,0X99,0XCE,0XB9,
 530          0XF7,0XDE,0XD6,0XDA,0XEF,0XBE,0XFF,0XFF,0XE7,0X5D,0XEF,0X9E,0XF7,0XBE,0XF7,0X9E,
 531          0XEF,0X1C,0XE6,0XFB,0XFF,0X5D,0XD6,0X18,0X51,0XC7,0X41,0X45,0X41,0X04,0X9B,0XAE,
 532          0X9B,0X6D,0X82,0XAA,0X82,0XAA,0X9B,0X6D,0X82,0XCB,0X9B,0XAE,0XA4,0X2F,0X7B,0X0A,
 533          0XB4,0XD2,0X93,0XAD,0XAC,0XB1,0XBD,0X12,0X83,0X6C,0X7B,0X2A,0X7B,0X2A,0X6A,0X88,
 534          0X6A,0X88,0X7A,0XC9,0X83,0X0A,0X83,0X0A,0X7A,0XC9,0X7A,0XA9,0X82,0XEA,0X8B,0X2B,
 535          0X9B,0X8D,0XA4,0X0E,0XB4,0X50,0XB4,0X70,0XB4,0X70,0XB4,0XB1,0XB4,0XD1,0XB4,0XD2,
 536          0XAC,0X30,0XA3,0XEF,0X9B,0XAE,0X9B,0XAD,0X9B,0XAD,0X9B,0XAC,0X93,0X8C,0X93,0X8B,
 537          0X93,0X6B,0X93,0X6A,0X8B,0X2A,0X83,0X29,0X83,0X09,0X7A,0XA7,0X61,0XC5,0X41,0X22,
 538          0X49,0X42,0X41,0X22,0X41,0X42,0X49,0X63,0X41,0X62,0X41,0X41,0X49,0X82,0X52,0X04,
 539          0X49,0X82,0X41,0X61,0X49,0XC3,0X73,0X09,0X41,0X83,0X49,0XC4,0X49,0XC4,0X94,0X2E,
 540          0XBD,0XB4,0XC6,0X16,0XB5,0X94,0XEF,0X7C,0XDE,0XFA,0XF7,0X9D,0XE7,0X3C,0XDF,0X1B,
 541          0XBD,0XF8,0XC6,0X59,0XCE,0X79,0XBE,0X38,0XB5,0XF7,0XBE,0X38,0XC6,0X99,0XCE,0XBA,
 542          0XF7,0XBE,0XDE,0XFB,0XF7,0XFF,0XFF,0XFF,0XEF,0X9E,0XF7,0X9E,0XE7,0X3C,0XF7,0X7E,
 543          0XE6,0XDB,0XD6,0X38,0XFF,0X9E,0XC5,0X96,0X7B,0X0C,0X41,0X24,0X49,0X65,0X9B,0XCE,
 544          0X93,0X4D,0X9B,0X2C,0X8A,0XEB,0X93,0X2C,0X9B,0X8D,0XB4,0X70,0X8B,0X4C,0X9B,0XCD,
 545          0XB4,0XB1,0X93,0XAD,0X93,0XEE,0X8B,0XAC,0X93,0XCD,0X8B,0XAC,0X73,0X0A,0X62,0X67,
 546          0X6A,0X67,0X6A,0X67,0X7A,0XA8,0X82,0XEA,0X8B,0X2B,0X8B,0X2B,0X93,0X2B,0X93,0X4C,
 547          0XAC,0X2F,0XBC,0XB1,0XCD,0X33,0XCD,0X33,0XC5,0X33,0XC5,0X33,0XBD,0X12,0XB4,0XB1,
 548          0X9B,0XCE,0X9B,0XAE,0X9B,0XCE,0X9B,0XEE,0XA3,0XEE,0X9B,0XCD,0X93,0X8C,0X93,0X6B,
 549          0X93,0X6B,0X93,0X6B,0X8B,0X4A,0X8B,0X2A,0X83,0X09,0X7A,0X87,0X59,0XC4,0X41,0X01,
 550          0X41,0X01,0X41,0X42,0X49,0X62,0X49,0X82,0X41,0X62,0X39,0X41,0X41,0X62,0X49,0XC3,
 551          0X52,0X04,0X31,0X00,0X49,0XE4,0X83,0X8B,0X49,0XC4,0X41,0XA4,0X49,0XC4,0X94,0X6F,
C51 COMPILER V7.07   MMP                                                                   10/27/2009 00:27:38 PAGE 10  

 552          0X94,0XB0,0XBD,0XF6,0XB5,0XB5,0XDF,0X1B,0XCE,0X78,0XC6,0X58,0XCE,0X79,0XCE,0X79,
 553          0XD6,0XBB,0XCE,0X9A,0XCE,0X79,0XCE,0X9A,0XCE,0XBA,0XD6,0XDB,0XD6,0XDB,0XD6,0XDA,
 554          0XEF,0XBE,0XE7,0X3C,0XF7,0XFF,0XF7,0XDF,0XF7,0XBF,0XF7,0XBF,0XDE,0XFB,0XFF,0XBF,
 555          0XE6,0XFB,0XCE,0X38,0XEE,0XDB,0XDE,0X38,0XA4,0X71,0X49,0X65,0X51,0X86,0XA3,0XEF,
 556          0XA3,0X8E,0XA3,0X8E,0X9B,0X4C,0X93,0X0B,0XA3,0XCE,0XA3,0XEE,0X83,0X0B,0XA4,0X2E,
 557          0XB4,0XB0,0XAC,0X6F,0X93,0XED,0X83,0X6B,0X9C,0X4E,0X8B,0X8B,0X8B,0X8C,0X7A,0XE9,
 558          0X7A,0XE9,0X72,0X47,0X6A,0X27,0X7A,0XA9,0X93,0X4C,0XA3,0XAD,0XA3,0X8D,0X9B,0X6D,
 559          0XAB,0XCE,0XB4,0X50,0XB4,0X91,0XB4,0X70,0XAC,0X70,0XAC,0X70,0XA4,0X0F,0X93,0XAD,
 560          0X9B,0XEF,0X9B,0XEF,0XA3,0XEF,0XA4,0X0E,0XA3,0XEE,0X9B,0XED,0X9B,0XAC,0X93,0X8B,
 561          0X93,0X6B,0X93,0X8B,0X93,0X6B,0X8B,0X4A,0X82,0XE9,0X72,0X67,0X59,0XA4,0X49,0X01,
 562          0X39,0X01,0X41,0X62,0X49,0X83,0X41,0X62,0X41,0X41,0X41,0X62,0X49,0XA3,0X51,0XE3,
 563          0X62,0X86,0X39,0X41,0X6A,0XC8,0X94,0X0C,0X41,0XA3,0X39,0X42,0X49,0XC4,0X8C,0X0D,
 564          0X8C,0X90,0XAD,0X94,0XC6,0X78,0XB5,0XD5,0XCE,0X79,0XBE,0X37,0XCE,0XBA,0XBE,0X18,
 565          0XE7,0X7D,0XDE,0XFC,0XD6,0XDB,0XDF,0X1C,0XE7,0X5D,0XDF,0X3C,0XDE,0XFB,0XDE,0XFB,
 566          0XF7,0XDF,0XEF,0X7D,0XF7,0XDF,0XE7,0X3C,0XE7,0X7D,0XEF,0X7D,0XCE,0X9A,0XF7,0X9E,
 567          0XFF,0XFF,0XE7,0X1C,0XC5,0XB6,0XFF,0X9E,0XC5,0X75,0X5A,0X28,0X41,0X45,0XA4,0X10,
 568          0XB4,0X50,0XA3,0X8D,0XA3,0XAE,0X9B,0X6C,0X9B,0X8C,0X82,0XEA,0X93,0XAC,0X9B,0XCD,
 569          0XA4,0X2E,0XA4,0X6F,0XA4,0X8F,0XB4,0XD0,0XBD,0X11,0X83,0X2A,0XAC,0XAF,0X93,0XAC,
 570          0X8B,0X4B,0X82,0XE9,0X7A,0XA9,0X82,0XC9,0X8B,0X0A,0X93,0X2B,0X9B,0X6C,0XA3,0XAD,
 571          0X9B,0X8D,0XA3,0XCD,0XA3,0XCD,0X9B,0XAD,0X9B,0XCD,0XA4,0X0E,0XA4,0X0E,0X9B,0XCD,
 572          0XB4,0X70,0XAC,0X50,0XAC,0X2F,0XA4,0X0E,0X9B,0XED,0X9B,0XCD,0X9B,0XED,0X9B,0XED,
 573          0X93,0X8B,0X93,0X8B,0X93,0X8B,0X93,0X4A,0X82,0XE9,0X72,0X66,0X59,0XA4,0X49,0X01,
 574          0X41,0X21,0X49,0X83,0X49,0X83,0X41,0X41,0X39,0X21,0X49,0XA3,0X5A,0X24,0X62,0X65,
 575          0X62,0X66,0X41,0XA3,0X83,0XAB,0X8B,0XEC,0X31,0X01,0X31,0X22,0X49,0XE5,0X7B,0X8B,
 576          0X94,0XB0,0XAD,0X74,0XCE,0XB9,0XC6,0X78,0XCE,0X99,0XDF,0X1B,0XD6,0XDB,0XEF,0XBE,
 577          0XEF,0XBF,0XEF,0X9E,0XEF,0XBE,0XFF,0XFF,0XFF,0XFF,0XEF,0XBE,0XEF,0XBE,0XFF,0XFF,
 578          0XFF,0XFF,0XF7,0XDE,0XEF,0X9E,0XEF,0X7D,0XEF,0X9E,0XE7,0X9D,0XE7,0X7D,0XE7,0X5D,
 579          0XE7,0X5D,0XFF,0XFF,0XD6,0X79,0XE6,0XBA,0XD6,0X38,0X6A,0XCA,0X5A,0X48,0X93,0XCE,
 580          0X9B,0XAE,0XA4,0X0F,0XB4,0X70,0XAC,0X0E,0X9B,0X8C,0X9B,0XCC,0XAC,0X2E,0XA4,0X2D,
 581          0XAC,0X8E,0XAC,0X8E,0XBD,0X31,0XAC,0XCF,0XA4,0X4E,0XCD,0X72,0XA4,0X2D,0XCD,0X32,
 582          0XC4,0XF1,0XAC,0X2E,0X8B,0X4A,0X82,0XE9,0X93,0X4A,0X93,0X8B,0X9B,0XAC,0XA4,0X0D,
 583          0XA3,0XCD,0XA3,0XED,0XAC,0X0E,0XAC,0X2E,0XAC,0X2E,0XAC,0X4E,0XAC,0X4E,0XAC,0X4E,
 584          0XAC,0X4E,0XAC,0X2E,0XA4,0X0D,0XA4,0X0D,0XA4,0X0D,0XA3,0XED,0XA3,0XEC,0X9B,0XCC,
 585          0X9B,0XCC,0X93,0X8A,0X8B,0X4A,0X93,0X6A,0X83,0X09,0X6A,0X46,0X59,0X83,0X51,0X62,
 586          0X49,0X42,0X41,0X42,0X49,0X62,0X49,0X42,0X39,0X01,0X41,0X42,0X51,0XE4,0X5A,0X25,
 587          0X51,0XC4,0X41,0X83,0X8B,0XAC,0X49,0XC4,0X39,0X42,0X39,0X42,0X49,0XC5,0X5A,0X88,
 588          0X83,0XED,0XC6,0X36,0XC6,0X17,0XCE,0X79,0XE7,0X5D,0XD6,0XDB,0XDF,0X1C,0XEF,0X9E,
 589          0XCE,0XDA,0XDF,0X5C,0XCE,0XBA,0XC6,0X79,0XBE,0X38,0XEF,0X9E,0XEF,0XBE,0XE7,0X7E,
 590          0XFF,0XDE,0XFF,0XDE,0XF7,0XDE,0XEF,0XBE,0XE7,0X9D,0XDF,0X5D,0XDF,0X3C,0XD7,0X1C,
 591          0XEF,0XDE,0XF7,0XBE,0XF7,0X7D,0XEF,0X5C,0XE6,0XDA,0X9C,0X50,0X62,0XA9,0XAC,0XD2,
 592          0XAC,0X70,0X9B,0XEE,0X9B,0XCD,0XAC,0X0E,0XC4,0XD1,0XD5,0X52,0XC4,0XF0,0X9C,0X0C,
 593          0XAC,0XAE,0XBD,0X10,0XCD,0XB2,0XBD,0X30,0X9C,0X0C,0X7B,0X08,0X72,0X66,0X72,0X66,
 594          0X9B,0XCC,0XC4,0XD0,0XBC,0X8F,0X8B,0X2A,0X7A,0XC8,0X93,0X8B,0XAC,0X2D,0XAC,0X4E,
 595          0XA4,0X0D,0XA4,0X0D,0XAC,0X2D,0XAC,0X2D,0XAC,0X2D,0XAC,0X2D,0XAC,0X4E,0XAC,0X6E,
 596          0XB4,0X6E,0XAC,0X4D,0XAC,0X2D,0XA4,0X0D,0XA4,0X0C,0XA3,0XEC,0X9B,0XCC,0X9B,0XAB,
 597          0X9B,0XAB,0X93,0X6A,0X8B,0X4A,0X93,0X6A,0X83,0X08,0X6A,0X45,0X59,0XA3,0X51,0X62,
 598          0X49,0X42,0X49,0X42,0X49,0X62,0X41,0X22,0X38,0XE0,0X41,0X01,0X51,0XA4,0X51,0XC4,
 599          0X49,0X83,0X41,0X83,0X5A,0X26,0X39,0X42,0X39,0X63,0X31,0X22,0X49,0XE5,0X4A,0X05,
 600          0X8C,0X4F,0XC6,0X36,0XD6,0XB9,0XC6,0X38,0XBD,0XF8,0XC6,0X39,0XC6,0X7A,0XB5,0XD7,
 601          0X95,0X14,0XA5,0X74,0X95,0X33,0XAD,0XB5,0XBE,0X38,0XEF,0XBE,0XE7,0X7E,0XD6,0XFC,
 602          0XE7,0X5C,0XEF,0X7D,0XF7,0XBE,0XF7,0XBE,0XEF,0X9E,0XE7,0X7D,0XE7,0X5D,0XE7,0X5D,
 603          0XDF,0X3C,0XD6,0XDA,0XFF,0XFF,0XEF,0X5C,0XEF,0X1B,0XBD,0X54,0X49,0XC6,0X8B,0XAD,
 604          0X9B,0XEE,0XB4,0X90,0XCD,0X53,0XCD,0X32,0XBC,0XB0,0XB4,0X4E,0XB4,0X8F,0XBC,0XF0,
 605          0XA4,0X4D,0XB4,0XCF,0XBD,0X10,0XBD,0X51,0XA4,0X6D,0X62,0X25,0X7A,0X87,0X51,0X62,
 606          0X6A,0X46,0XB4,0X6F,0XCD,0X32,0XA3,0XCC,0X8B,0X29,0X9B,0XAB,0X9B,0XCC,0X93,0X8B,
 607          0XA4,0X0D,0XAC,0X2D,0XAC,0X2D,0XAC,0X2D,0XAC,0X2D,0XAC,0X2D,0XB4,0X6E,0XB4,0X8F,
 608          0XB4,0X8E,0XB4,0X6E,0XAC,0X4D,0XAC,0X2D,0XA4,0X0D,0XA3,0XEC,0X9B,0XCC,0X9B,0XAB,
 609          0X9B,0XAB,0X93,0X6A,0X93,0X6A,0X8B,0X4A,0X82,0XE8,0X6A,0X25,0X59,0XA3,0X51,0X82,
 610          0X49,0X22,0X49,0X42,0X49,0X62,0X41,0X21,0X38,0XC0,0X41,0X22,0X51,0XC4,0X59,0XE5,
 611          0X41,0X63,0X49,0XA4,0X20,0X80,0X28,0XC1,0X41,0X84,0X31,0X22,0X52,0X06,0X39,0X84,
 612          0XA5,0X12,0XA5,0X32,0XCE,0X78,0XD6,0X99,0XB5,0XD7,0XBD,0XF8,0XBE,0X18,0XAD,0X96,
 613          0XAD,0XD6,0XAD,0XD6,0XAD,0XB6,0XBE,0X78,0XD6,0XFB,0XF7,0XDF,0XE7,0X9E,0XDF,0X3D,
C51 COMPILER V7.07   MMP                                                                   10/27/2009 00:27:38 PAGE 11  

 614          0XE7,0X1C,0XE7,0X5D,0XEF,0X7D,0XEF,0X9E,0XEF,0X9E,0XEF,0XBE,0XEF,0XBE,0XEF,0XDF,
 615          0XE7,0X5D,0XDE,0XFB,0XFF,0XFF,0XE7,0X1C,0XF7,0X5C,0XDE,0X79,0X52,0X28,0X62,0X88,
 616          0XA4,0X6F,0XBC,0XF1,0XCD,0X53,0XCD,0X12,0XBC,0X8F,0XAC,0X0D,0XAC,0X0D,0XB4,0X8E,
 617          0XAC,0X6E,0X9C,0X2C,0X9C,0X2C,0XC5,0X51,0XC5,0X31,0XA4,0X0C,0XBC,0XAF,0X93,0X4A,
 618          0X8B,0X2A,0XA3,0XED,0XA3,0XCD,0X8B,0X09,0X82,0XE9,0X93,0X4A,0X9B,0XAB,0X9B,0XCC,
 619          0XA3,0XED,0XA4,0X0D,0XAC,0X2D,0XAC,0X2D,0XAC,0X4E,0XAC,0X4E,0XB4,0X8F,0XB4,0X8F,
 620          0XB4,0X8F,0XB4,0X6E,0XAC,0X4E,0XAC,0X2D,0XAC,0X2D,0XA4,0X0C,0XA3,0XEC,0X9B,0XCB,
 621          0X9B,0XAB,0X93,0X8B,0X93,0X8A,0X8B,0X4A,0X7A,0XC8,0X6A,0X25,0X59,0XA3,0X51,0X83,
 622          0X49,0X42,0X49,0X62,0X49,0X63,0X41,0X21,0X38,0XC0,0X41,0X42,0X59,0XE5,0X5A,0X05,
 623          0X41,0X43,0X49,0X84,0X10,0X00,0X20,0XA0,0X41,0X84,0X39,0X63,0X49,0XE5,0X41,0XA4,
 624          0XA5,0X12,0XA5,0X12,0XCE,0X78,0XCE,0X99,0XC6,0X39,0XD6,0XBB,0XC6,0X7A,0XC6,0X79,
 625          0XD6,0XFB,0XD6,0XFA,0XD6,0XFA,0XD7,0X1B,0XD6,0XFB,0XDF,0X1C,0XDF,0X5D,0XE7,0X9E,
 626          0XF7,0XBF,0XEF,0X9E,0XEF,0X7E,0XEF,0X7E,0XEF,0X9E,0XEF,0XBF,0XEF,0XDF,0XEF,0XBF,
 627          0XF7,0XBF,0XEF,0X9E,0XFF,0XDF,0XDE,0XBA,0XEF,0X3C,0XEF,0X3C,0X83,0XAE,0X49,0XA5,
 628          0XB4,0XB0,0XB4,0XB0,0XAC,0X6F,0XAC,0X2E,0XBC,0X8F,0XBC,0X6E,0XAC,0X2D,0XAC,0X4D,
 629          0XAC,0X6E,0X8B,0X8A,0X8B,0X6A,0XB4,0XAF,0XAC,0X6E,0XBC,0XD0,0XC4,0XD0,0XAC,0X2E,
 630          0XA3,0XED,0X9B,0XAC,0X8B,0X0A,0X7A,0XC8,0X8B,0X2A,0X93,0X6B,0X93,0X8B,0XA3,0XCD,
 631          0X9B,0XCC,0XA3,0XEC,0XA4,0X0D,0XAC,0X4E,0XB4,0X6E,0XB4,0X6E,0XB4,0X8F,0XBC,0XAF,
 632          0XB4,0X8E,0XB4,0X6E,0XAC,0X4E,0XAC,0X4D,0XAC,0X2D,0XAC,0X0D,0XA4,0X0C,0XA3,0XEC,
 633          0XA3,0XCC,0X9B,0XAB,0X93,0X8B,0X8B,0X49,0X7A,0XC7,0X6A,0X25,0X59,0XC3,0X51,0X83,
 634          0X51,0X63,0X51,0X83,0X49,0X83,0X41,0X01,0X38,0XE1,0X49,0X83,0X62,0X26,0X5A,0X05,
 635          0X39,0X42,0X39,0X22,0X18,0X40,0X20,0X80,0X39,0X43,0X41,0X84,0X41,0XA4,0X52,0X26,
 636          0X8C,0X4F,0XCE,0X77,0XF7,0X9D,0XBE,0X17,0XC6,0X18,0XE7,0X3D,0XD6,0XDB,0XCE,0XDB,
 637          0XC6,0X9A,0XC6,0X99,0XC6,0XB9,0XC6,0X99,0XBE,0X58,0XBE,0X18,0XC6,0X7A,0XD7,0X1C,
 638          0XF7,0XBF,0XEF,0X9E,0XEF,0X7E,0XEF,0X7E,0XEF,0XBF,0XF7,0XDF,0XF7,0XDF,0XF7,0XDF,
 639          0XE7,0X5D,0XF7,0XBF,0XEF,0X5D,0XE6,0XFB,0XEF,0X1C,0XEF,0X1C,0XA4,0XB2,0X20,0X81,
 640          0X93,0XED,0XB4,0XAF,0XB4,0X8F,0XAC,0X2D,0XB4,0X4E,0XB4,0X4E,0XAC,0X2D,0XBC,0X8F,
 641          0XAC,0X6E,0X93,0XAA,0X93,0XAB,0XA4,0X2D,0X93,0X8B,0XAC,0X4E,0XA3,0XAC,0XA3,0XED,
 642          0X8B,0X2A,0X93,0X8B,0X93,0X6B,0X8B,0X2A,0X93,0X8C,0X9B,0XAC,0X93,0X6B,0X8B,0X4A,
 643          0X9B,0XAB,0X9B,0XCC,0XA4,0X0D,0XAC,0X4E,0XB4,0X6E,0XB4,0X8F,0XB4,0X8F,0XBC,0XAF,
 644          0XB4,0X6E,0XB4,0X6E,0XAC,0X4D,0XAC,0X4D,0XAC,0X2D,0XAC,0X2D,0XA4,0X0D,0XA4,0X0C,
 645          0XA3,0XEC,0X9B,0XAB,0X93,0X6A,0X8B,0X29,0X7A,0XA7,0X6A,0X25,0X59,0XC4,0X51,0X83,
 646          0X49,0X22,0X49,0X62,0X49,0X63,0X41,0X22,0X41,0X42,0X62,0X46,0X72,0XC8,0X62,0X67,
 647          0X39,0X22,0X20,0X80,0X28,0XC1,0X20,0X80,0X31,0X23,0X39,0X63,0X41,0X84,0X5A,0X67,
 648          0X94,0X6F,0XEF,0X7B,0XFF,0XFF,0XD6,0XBA,0XD6,0XDB,0XDE,0XFC,0XCE,0X7A,0XE7,0X5D,
 649          0XDF,0X3C,0XCE,0XFA,0XD7,0X1B,0XCE,0XDA,0XD6,0XFB,0XC6,0X9A,0XCE,0X9A,0XCE,0X9B,
 650          0XE7,0X3D,0XE7,0X5D,0XEF,0X7E,0XEF,0X9F,0XF7,0XDF,0XF7,0XDF,0XF7,0XFF,0XF7,0XDF,
 651          0XE7,0X7E,0XF7,0XBE,0XF7,0X9E,0XFF,0XDF,0XF7,0X7D,0XF7,0X7D,0XD6,0X38,0X41,0X85,
 652          0X7B,0X2A,0XAC,0X6E,0XB4,0X8E,0XAC,0X2D,0XBC,0X6E,0XBC,0X8F,0XB4,0X2D,0XB4,0X4D,
 653          0XBC,0XAF,0XAC,0X4D,0XAC,0X4D,0X9C,0X0C,0X9B,0XAB,0XA3,0XED,0X9B,0X8C,0XA3,0XCD,
 654          0X8B,0X4B,0X93,0X8C,0X8B,0X4B,0X82,0XE9,0X8B,0X2A,0X93,0X6B,0X9B,0XAC,0XA3,0XCD,
 655          0X9B,0XAC,0XA3,0XEC,0XAC,0X0D,0XAC,0X2E,0XB4,0X4E,0XB4,0X6E,0XB4,0X8E,0XBC,0X8F,
 656          0XB4,0X6E,0XB4,0X6E,0XAC,0X4D,0XAC,0X4D,0XAC,0X2D,0XAC,0X2D,0XA4,0X0C,0XA4,0X0C,
 657          0X9B,0XCB,0X9B,0X8B,0X8B,0X49,0X82,0XE8,0X7A,0XA7,0X6A,0X45,0X61,0XE4,0X51,0X83,
 658          0X41,0X01,0X49,0X42,0X49,0X63,0X49,0X62,0X51,0XA4,0X6A,0X87,0X6A,0XC8,0X52,0X06,
 659          0X39,0X43,0X18,0X40,0X30,0XE2,0X20,0XA0,0X39,0X43,0X29,0X02,0X41,0X84,0X4A,0X06,
 660          0XC5,0XD5,0XF7,0XBC,0XF7,0XBD,0XEF,0X9D,0XFF,0XFF,0XD6,0XDB,0XBE,0X39,0XD6,0XFC,
 661          0XDF,0X3C,0XD6,0XFB,0XDF,0X5C,0XDF,0X3B,0XEF,0X9D,0XDF,0X1C,0XD6,0XFC,0XCE,0X9B,
 662          0XD6,0XDB,0XE7,0X3D,0XEF,0X9F,0XF7,0XDF,0XF7,0XDF,0XF7,0XDF,0XEF,0XBF,0XEF,0XBF,
 663          0XEF,0X9F,0XE7,0X5D,0XEF,0X5D,0XFF,0XDF,0XEF,0X3C,0XFF,0XDE,0XFF,0XDF,0X8B,0XEE,
 664          0X41,0X83,0X9B,0XEC,0XBC,0XF0,0XB4,0X6E,0XB4,0X4E,0XB4,0X2D,0XAC,0X0D,0XC4,0XAF,
 665          0XAC,0X2D,0XA3,0XEC,0X93,0XAB,0X7A,0XC8,0X8B,0X4A,0X8B,0X09,0X93,0X2A,0X8B,0X0A,
 666          0X83,0X0A,0X8B,0X2A,0X8B,0X4B,0X93,0X8C,0XA3,0XED,0X93,0X8C,0X93,0X6B,0X9B,0XCC,
 667          0X9B,0XCC,0XA3,0XED,0XAC,0X0D,0XAC,0X2D,0XAC,0X2E,0XB4,0X4E,0XB4,0X6E,0XB4,0X8F,
 668          0XB4,0X6E,0XB4,0X6E,0XAC,0X4D,0XAC,0X4D,0XAC,0X2D,0XAC,0X2D,0XA4,0X0C,0XA3,0XEC,
 669          0X9B,0XAB,0X93,0X6A,0X8B,0X29,0X7A,0XC7,0X72,0X86,0X6A,0X45,0X61,0XE4,0X51,0X83,
 670          0X49,0X42,0X51,0X83,0X51,0XA4,0X41,0X63,0X49,0X83,0X5A,0X26,0X51,0XE5,0X28,0XC1,
 671          0X41,0XA4,0X18,0X60,0X31,0X02,0X28,0XE1,0X39,0X63,0X20,0XA1,0X41,0XA4,0X39,0X84,
 672          0XE6,0XD9,0XFF,0XFE,0XEF,0X5C,0XEF,0X7D,0XFF,0XFF,0XE7,0X5D,0XBE,0X39,0X9D,0X55,
 673          0X9D,0X34,0X9D,0X54,0XB6,0X17,0XB6,0X17,0XCE,0XBA,0XC6,0X79,0XCE,0XBB,0XCE,0X9B,
 674          0XF7,0XDF,0XE7,0X5D,0XDF,0X3D,0XDF,0X1D,0XEF,0X7E,0XF7,0XDF,0XEF,0X9F,0XEF,0X7E,
 675          0XDF,0X1D,0XEF,0X9E,0XEF,0X5D,0XF7,0X9E,0XFF,0XBE,0XE7,0X1B,0XFF,0XFF,0XC5,0XB5,
C51 COMPILER V7.07   MMP                                                                   10/27/2009 00:27:38 PAGE 12  

 676          0X41,0X83,0X7B,0X29,0XA4,0X4E,0XB4,0X8F,0XB4,0X2D,0XB4,0X2D,0XBC,0X8F,0XB4,0X2D,
 677          0X9B,0XCB,0X9B,0XEC,0X93,0X8B,0X83,0X29,0X8B,0X2A,0X82,0XE9,0X82,0XC9,0X8A,0XEA,
 678          0X83,0X0A,0X7A,0XEA,0X83,0X2B,0X7A,0XE9,0X8B,0X4B,0X93,0X6B,0XAC,0X4E,0X9B,0XCC,
 679          0XA4,0X0D,0XAC,0X2E,0XA4,0X0D,0XA4,0X0D,0XB4,0X4E,0XB4,0X4E,0XB4,0X4D,0XB4,0X6E,
 680          0XB4,0X6E,0XB4,0X6D,0XB4,0X4D,0XB4,0X4D,0XAC,0X4D,0XAC,0X2D,0XAC,0X2C,0XAC,0X0C,
 681          0XA3,0XEC,0X8B,0X49,0X7A,0XC7,0X82,0XC7,0X82,0XE8,0X7A,0XA6,0X6A,0X24,0X59,0XC3,
 682          0X59,0XA4,0X49,0X42,0X51,0X84,0X41,0X42,0X49,0X84,0X28,0XC0,0X28,0XE1,0X39,0X63,
 683          0X28,0XE1,0X29,0X02,0X29,0X02,0X28,0XE2,0X28,0XC2,0X28,0XE2,0X31,0X23,0X31,0X43,
 684          0X94,0X90,0XFF,0XDD,0XD6,0X99,0XEF,0X7D,0XCE,0X59,0X9D,0X14,0X84,0X72,0X74,0X10,
 685          0X84,0X92,0X84,0XB1,0X95,0X33,0XA5,0X95,0XCE,0XBA,0XB6,0X18,0XC6,0X5A,0XE7,0X5E,
 686          0XFF,0XFF,0XEF,0X7E,0XE7,0X3D,0XE7,0X5E,0XF7,0XBF,0XEF,0X9F,0XDF,0X1D,0XD6,0XFC,
 687          0XF7,0XBF,0XEF,0X9E,0XDE,0XFC,0XE7,0X5D,0XEF,0X5C,0XE6,0XFB,0XFF,0XBE,0XDE,0X99,
 688          0X49,0XE4,0X72,0XE8,0XB4,0XAF,0XBC,0XD0,0XB4,0X4E,0XB4,0X2E,0XAB,0XEC,0XBC,0X6E,
 689          0XA3,0XEC,0XAC,0X2D,0XA4,0X2D,0X9B,0XCC,0X93,0X8B,0X93,0X6B,0X9B,0X8C,0XA3,0XEE,
 690          0XA3,0XEE,0X93,0XAD,0X7A,0XC9,0X9B,0XCD,0X8B,0X2B,0X8B,0X4B,0XA3,0XED,0XB4,0X6F,
 691          0XA4,0X0D,0XA3,0XED,0XA3,0XCC,0XAC,0X2D,0XBC,0XAF,0XB4,0X6E,0XAC,0X2D,0XB4,0X4E,
 692          0XB4,0X4D,0XB4,0X6D,0XB4,0X6D,0XB4,0X6D,0XB4,0X4D,0XAC,0X2C,0XA4,0X0C,0XA3,0XEC,
 693          0X9B,0X8A,0X93,0X49,0X8B,0X08,0X8B,0X28,0X8B,0X08,0X7A,0XA7,0X6A,0X04,0X59,0XA3,
 694          0X49,0X42,0X49,0X43,0X51,0XC5,0X41,0X43,0X41,0X63,0X30,0XE1,0X31,0X22,0X31,0X42,
 695          0X28,0XE1,0X29,0X02,0X29,0X02,0X28,0XE1,0X28,0XE2,0X31,0X43,0X39,0X84,0X39,0XA5,
 696          0X62,0XC9,0XCE,0X57,0XF7,0X9D,0XFF,0XFF,0XE7,0X3D,0XB5,0XD7,0XAD,0XB7,0XC6,0X59,
 697          0XBE,0X38,0XC6,0X78,0XC6,0X79,0XC6,0X99,0XE7,0X7D,0XDF,0X3D,0XD6,0XFC,0XD6,0XFC,
 698          0XEF,0XBE,0XDF,0X1C,0XCE,0X9A,0XD6,0XBB,0XD6,0XFC,0XC6,0X39,0XAD,0X76,0XA5,0X55,
 699          0XD6,0XDB,0XD6,0XBB,0XDE,0XFC,0XF7,0XBE,0XEF,0X7D,0XEF,0X7D,0XF7,0XBE,0XFF,0XDE,
 700          0X8C,0X2E,0X49,0XA4,0X83,0X6B,0XB4,0XB0,0XAC,0X2E,0XB4,0X4E,0XA3,0XCC,0XB4,0X4E,
 701          0X9B,0XAC,0X93,0X8B,0X83,0X29,0X83,0X29,0X8B,0X2A,0X9B,0XAC,0XA3,0XCD,0XAC,0X2F,
 702          0XB4,0XB1,0XAC,0X4F,0XD5,0X95,0XB4,0X70,0XB4,0X70,0XB4,0X90,0XA4,0X0E,0X9B,0XCD,
 703          0XBC,0X8F,0XB4,0X4E,0XA3,0XED,0XAC,0X0D,0XBC,0X6E,0XB4,0X4E,0XB4,0X2D,0XBC,0X6E,
 704          0XB4,0X4D,0XB4,0X4D,0XB4,0X6D,0XB4,0X6D,0XB4,0X4D,0XAC,0X0C,0XA3,0XEC,0XA3,0XCB,
 705          0X93,0X6A,0X93,0X8A,0X93,0X6A,0X93,0X49,0X8B,0X28,0X7A,0XA7,0X6A,0X24,0X59,0XA3,
 706          0X49,0X22,0X51,0X84,0X5A,0X06,0X41,0X63,0X39,0X22,0X31,0X02,0X39,0X84,0X31,0X22,
 707          0X29,0X22,0X29,0X22,0X28,0XE2,0X18,0XA1,0X20,0XA1,0X31,0X23,0X39,0X64,0X31,0X64,
 708          0X73,0X8C,0XBD,0XD5,0XF7,0X9D,0XEF,0X7C,0XFF,0XDF,0XF7,0XBF,0XD6,0XFC,0XAD,0XD7,
 709          0XE7,0X9D,0XF7,0XFF,0XF7,0XFF,0XEF,0XFE,0XF7,0XFF,0XF7,0XFF,0XC6,0X7A,0X9D,0X35,
 710          0XCE,0X7A,0XCE,0X7A,0XBE,0X18,0XCE,0X9A,0XDF,0X1C,0XCE,0X7A,0XBE,0X18,0XBE,0X18,
 711          0XA5,0X55,0XBD,0XF7,0XE7,0X5D,0XFF,0XFF,0XEF,0X9D,0XF7,0XBD,0XDE,0XFA,0XEF,0X7C,
 712          0XDE,0X98,0X31,0X02,0X5A,0X26,0XBC,0XD1,0XAC,0X2E,0XAC,0X0E,0XB4,0X4E,0XA3,0XCD,
 713          0XA4,0X0D,0X9B,0XAC,0X8B,0X4A,0X93,0XAC,0X8B,0X8B,0X9B,0XED,0X9B,0XCD,0X9B,0XAD,
 714          0XA4,0X2F,0XC4,0XF2,0XA3,0XEE,0X9B,0XCD,0XA4,0X0F,0X9B,0XAD,0XCD,0X33,0X93,0X6B,
 715          0X9B,0XAC,0XAC,0X2E,0XAC,0X2E,0XAC,0X2D,0XB4,0X4E,0XB4,0X4E,0XB4,0X4D,0XB4,0X6E,
 716          0XAC,0X2D,0XB4,0X4D,0XB4,0X4D,0XB4,0X4D,0XAC,0X4D,0XAC,0X2C,0XA3,0XEC,0XA3,0XCB,
 717          0XA3,0XCB,0XA3,0XCB,0X9B,0XAB,0X93,0X49,0X83,0X08,0X7A,0XA7,0X6A,0X25,0X59,0XA3,
 718          0X51,0X83,0X59,0XE5,0X5A,0X06,0X49,0X63,0X30,0XC1,0X28,0XE1,0X41,0XA4,0X31,0X42,
 719          0X29,0X22,0X29,0X22,0X20,0XE2,0X18,0X80,0X18,0XA1,0X31,0X23,0X39,0X44,0X29,0X03,
 720          0X9C,0XB1,0XAD,0X73,0XDE,0XDA,0XF7,0XBE,0XEF,0X5D,0XB5,0XB7,0XA5,0X35,0XAD,0X96,
 721          0XD7,0X1B,0XEF,0XFE,0XEF,0XBE,0XF7,0XFE,0XEF,0XDE,0XFF,0XFF,0XCE,0XBB,0XA5,0X76,
 722          0XB5,0XF7,0XD6,0XDB,0XCE,0X9A,0XE7,0X3D,0XF7,0XDF,0XE7,0X3D,0XDE,0XFC,0XDE,0XFC,
 723          0XC6,0X39,0XD6,0XDB,0XF7,0XDE,0XF7,0XDE,0XE7,0X7C,0XFF,0XFF,0XD6,0XD9,0XDE,0XF9,
 724          0XEF,0X5B,0X73,0X2A,0X62,0X68,0XAC,0X90,0XB4,0X90,0XAC,0X0E,0XB4,0X4F,0XA3,0XCD,
 725          0X9B,0XAC,0X93,0X8B,0X93,0X8B,0XAC,0X8F,0XAC,0X6F,0XC5,0X32,0XC5,0X12,0XC5,0X12,
 726          0XDD,0XD6,0XD5,0XB5,0XA4,0X0F,0XCD,0X74,0X9B,0XAD,0X9B,0XCD,0X6A,0X47,0X59,0XA4,
 727          0X49,0X22,0X83,0X09,0XB4,0X2E,0XB4,0X6E,0XBC,0X8F,0XBC,0XAF,0XBC,0X6E,0XB4,0X2D,
 728          0XAC,0X2D,0XB4,0X2D,0XB4,0X2D,0XB4,0X2D,0XAC,0X2D,0XAC,0X2C,0XAC,0X0C,0XAC,0X0C,
 729          0XAC,0X0C,0XA3,0XEC,0X9B,0XAA,0X93,0X49,0X8B,0X08,0X7A,0XA7,0X6A,0X04,0X59,0X82,
 730          0X51,0X83,0X62,0X06,0X51,0XA5,0X49,0X84,0X28,0XE1,0X20,0XC1,0X39,0X63,0X31,0X43,
 731          0X20,0XE1,0X20,0XE2,0X20,0XC1,0X18,0X81,0X20,0XE2,0X39,0X64,0X39,0X65,0X31,0X43,
 732          0X83,0XED,0XD6,0XB8,0XE7,0X3B,0XD6,0X99,0XB5,0XB7,0XCE,0X7A,0XEF,0X9E,0XDF,0X1C,
 733          0XBE,0X38,0XC6,0X78,0XBE,0X58,0XCE,0XDA,0XD6,0XFB,0XF7,0XFF,0XF7,0XDF,0XEF,0XBF,
 734          0XA5,0X95,0XE7,0X7D,0XE7,0X3C,0XE7,0X5D,0XEF,0XBE,0XDF,0X1C,0XDE,0XFB,0XD6,0XBA,
 735          0XEF,0X7D,0XEF,0X7D,0XDF,0X1B,0XC6,0X37,0XD6,0XD9,0XFF,0XFE,0XEF,0XBC,0XEF,0X7C,
 736          0XFF,0XDD,0XD6,0X57,0X7B,0X4C,0X72,0XEA,0XAC,0X70,0XB4,0X70,0XAC,0X0E,0XA4,0X0E,
 737          0XA4,0X0E,0X7A,0XC8,0X59,0XC4,0X83,0X2A,0X93,0XAC,0XCD,0X93,0XD5,0XB4,0XCD,0X53,
C51 COMPILER V7.07   MMP                                                                   10/27/2009 00:27:38 PAGE 13  

 738          0XB4,0XB1,0XB4,0XD2,0X49,0X44,0X6A,0X48,0X41,0X03,0X28,0X60,0X49,0X23,0X20,0X00,
 739          0X40,0XE1,0X82,0XC9,0XAC,0X2E,0XB4,0X4E,0XBC,0X6F,0XC4,0XAF,0XBC,0X8F,0XBC,0X6E,
 740          0XB4,0X4D,0XB4,0X4D,0XB4,0X2D,0XB4,0X2D,0XB4,0X2D,0XB4,0X2D,0XB4,0X2D,0XB4,0X2D,
 741          0XAC,0X0C,0XA3,0XCB,0X9B,0XAA,0X9B,0X8A,0X93,0X49,0X7A,0XA6,0X61,0XE3,0X51,0X62,
 742          0X49,0X43,0X6A,0X67,0X49,0X84,0X41,0X84,0X31,0X02,0X28,0XC1,0X29,0X22,0X29,0X22,
 743          0X18,0XC1,0X18,0XC1,0X18,0XA1,0X18,0XC1,0X20,0XE2,0X31,0X23,0X31,0X24,0X29,0X23,
 744          0XA4,0XD1,0XF7,0X9C,0XFF,0XFF,0XFF,0XFF,0XFF,0XFF,0XEF,0X9E,0XD6,0XDC,0XA5,0X76,
 745          0XCE,0XBA,0XBE,0X38,0XB6,0X37,0XC6,0X99,0XBE,0X58,0XCE,0XBB,0XDF,0X3D,0XEF,0X9F,
 746          0X94,0XD2,0XEF,0X9D,0XE7,0X5C,0XD6,0XDB,0XE7,0X3C,0XDF,0X3C,0XF7,0XBF,0XEF,0X9E,
 747          0XE7,0X5D,0XE7,0X5C,0XC6,0X58,0X9C,0XF2,0XB5,0XF6,0XE7,0X5B,0XF7,0XDD,0XF7,0XDD,
 748          0XFF,0XFE,0XF7,0X7C,0XAC,0XD2,0X72,0XEA,0X9B,0XEE,0XB4,0X91,0XA3,0XCE,0XAC,0X2F,
 749          0X9B,0XAC,0X51,0XA4,0X18,0X00,0X30,0XA0,0X28,0X80,0X62,0X26,0X62,0X26,0X51,0XA5,
 750          0X38,0XE2,0X28,0X60,0X49,0X44,0X30,0X60,0X49,0X64,0X51,0X84,0X62,0X06,0X51,0X84,
 751          0X7A,0XA8,0X93,0X8B,0XAB,0XED,0XAC,0X0D,0XB4,0X4E,0XBC,0X6E,0XBC,0X8E,0XC4,0XAF,
 752          0XB4,0X4D,0XB4,0X4D,0XB4,0X4D,0XB4,0X6D,0XB4,0X4D,0XB4,0X4D,0XB4,0X4D,0XAC,0X2D,
 753          0XAC,0X0C,0X9B,0XAB,0X9B,0X8A,0X9B,0XAA,0X93,0X29,0X72,0X65,0X61,0XC3,0X61,0XC4,
 754          0X59,0XA4,0X8B,0X4B,0X51,0XA5,0X39,0X22,0X28,0XE1,0X29,0X02,0X29,0X22,0X29,0X02,
 755          0X21,0X02,0X18,0XC1,0X18,0XA1,0X20,0XC1,0X20,0XE2,0X20,0XE2,0X28,0XE2,0X29,0X03,
 756          0X83,0XCD,0XDE,0XF9,0XFF,0XFF,0XCE,0X99,0XDE,0XDB,0XEF,0X9E,0XF7,0XDF,0XDF,0X3D,
 757          0XE7,0X9E,0XC6,0XB9,0XC6,0X99,0XCE,0XB9,0XC6,0X79,0XB6,0X18,0XC6,0X59,0XBE,0X59,
 758          0X8C,0XD2,0XF7,0XDE,0XE7,0X3C,0XBE,0X17,0XC6,0X38,0XD6,0XBA,0XF7,0XDF,0XF7,0XDF,
 759          0XF7,0XDF,0XFF,0XFF,0XEF,0X7D,0XB5,0XD6,0XC6,0X58,0XCE,0XB9,0XEF,0X9C,0XF7,0XDD,
 760          0XF7,0X9D,0XDE,0XB9,0XEE,0XDA,0XBD,0X33,0X9B,0XCE,0XAC,0X2F,0XA3,0XEE,0XB4,0X4F,
 761          0XA4,0X0E,0X83,0X2A,0X6A,0X47,0X7A,0XE9,0X41,0X43,0X5A,0X05,0X59,0XE5,0X59,0XE6,
 762          0X72,0XCA,0X51,0XA5,0X7A,0XAA,0X72,0X89,0X72,0XA9,0X62,0X27,0X6A,0X47,0X8B,0X4B,
 763          0X9B,0XAD,0X9B,0XCC,0XA3,0XAC,0XAC,0X2D,0XBC,0X8F,0XBC,0X6E,0XB4,0X2D,0XB4,0X4E,
 764          0XB4,0X4D,0XB4,0X6D,0XBC,0X6E,0XBC,0X8E,0XBC,0X6E,0XB4,0X6D,0XB4,0X2D,0XAC,0X2C,
 765          0XAC,0X2C,0X9B,0XAA,0X9B,0X6A,0X9B,0X6A,0X82,0XE8,0X6A,0X04,0X61,0XE3,0X72,0X46,
 766          0X6A,0X47,0XAC,0X4F,0X59,0XE6,0X28,0XA1,0X20,0X80,0X31,0X02,0X29,0X43,0X29,0X22,
 767          0X21,0X02,0X18,0XA0,0X18,0XA1,0X20,0XE2,0X29,0X03,0X29,0X03,0X31,0X23,0X39,0X85,
 768          0X84,0X0E,0XB5,0X94,0XFF,0XFE,0XD6,0XDA,0XFF,0XFF,0XDF,0X1C,0XC6,0X7A,0XE7,0X5D,
 769          0XEF,0XBE,0XBE,0X78,0XBE,0X58,0XBE,0X58,0XCE,0XBA,0XC6,0X79,0XDF,0X1C,0XD6,0XDC,
 770          };


MODULE INFORMATION:   STATIC OVERLAYABLE
   CODE SIZE        =   ----    ----
   CONSTANT SIZE    =  12288    ----
   XDATA SIZE       =   ----    ----
   PDATA SIZE       =   ----    ----
   DATA SIZE        =   ----    ----
   IDATA SIZE       =   ----    ----
   BIT SIZE         =   ----    ----
END OF MODULE INFORMATION.


C51 COMPILATION COMPLETE.  0 WARNING(S),  0 ERROR(S)
