                        .module LEDSHOW.C
                        .area text(rom, con, rel)
 0000                   .dbfile E:\DMAVR-~3\LEDSHOW\LEDSHOW.C
 0000                   .dbfile F:\PROGRA~1\iccavr\include\delay.h
 0000                   .dbfunc e delay_1us _delay_1us fV
                        .even
 0000           _delay_1us::
 0000                   .dbline -1
 0000                   .dbline 9
 0000           ; //********************************************************************
 0000           ; /*函 数 名：delay_us
 0000           ; 建立日期：2010年1月28日
 0000           ; 编译环境：ICCAVR7.16A
 0000           ; 函数作用：微秒级的延时程序
 0000           ; 说    明：7.3728M晶振下
 0000           ; ********************************************************************/
 0000           ; void delay_1us(void)                 //1us延时函数，不能连续调用， 
 0000           ; { 
 0000                   .dbline 10
 0000           ;    asm("nop");                       //1时钟周期
 0000 0000              nop
 0002                   .dbline 11
 0002           ;    asm("nop");
 0002 0000              nop
 0004                   .dbline 12
 0004           ;    asm("nop");
 0004 0000              nop
 0006                   .dbline 13
 0006           ;    asm("nop");
 0006 0000              nop
 0008                   .dbline 14
 0008           ;    asm("nop");                       //1T
 0008 0000              nop
 000A                   .dbline 15
 000A           ;    asm("nop");
 000A 0000              nop
 000C                   .dbline -2
 000C           L1:
 000C                   .dbline 0 ; func end
 000C 0895              ret
 000E                   .dbend
 000E                   .dbfunc e delay_3us _delay_3us fV
                        .even
 000E           _delay_3us::
 000E                   .dbline -1
 000E                   .dbline 19
 000E           ; 
 000E           ; }
 000E           ; void delay_3us(void)                 //3us延时函数,,可重复调用不影响精度
 000E           ; { 
 000E                   .dbline 21
 000E           ;    
 000E           ;    asm("nop");
 000E 0000              nop
 0010                   .dbline 22
 0010           ;    asm("nop");
 0010 0000              nop
 0012                   .dbline 23
 0012           ;    asm("nop");                       
 0012 0000              nop
 0014                   .dbline 24
 0014           ;    asm("nop");
 0014 0000              nop
 0016                   .dbline 25
 0016           ;    asm("nop");
 0016 0000              nop
 0018                   .dbline 26
 0018           ;    asm("nop");
 0018 0000              nop
 001A                   .dbline 27
 001A           ;    asm("nop");                       
 001A 0000              nop
 001C                   .dbline 28
 001C           ;    asm("nop");
 001C 0000              nop
 001E                   .dbline 29
 001E           ;    asm("nop");
 001E 0000              nop
 0020                   .dbline 30
 0020           ;    asm("nop");
 0020 0000              nop
 0022                   .dbline 31
 0022           ;    asm("nop");                       
 0022 0000              nop
 0024                   .dbline 32
 0024           ;    asm("nop");
 0024 0000              nop
 0026                   .dbline 33
 0026           ;    asm("nop");
 0026 0000              nop
 0028                   .dbline 34
 0028           ;    asm("nop");
 0028 0000              nop
 002A                   .dbline 35
 002A           ;    asm("nop");                       
 002A 0000              nop
 002C                   .dbline 36
 002C           ;    asm("nop");
 002C 0000              nop
 002E                   .dbline 37
 002E           ;    asm("nop");
 002E 0000              nop
 0030                   .dbline 38
 0030           ;    asm("nop");
 0030 0000              nop
 0032                   .dbline 39
 0032           ;    asm("nop");
 0032 0000              nop
 0034                   .dbline 40
 0034           ;    asm("nop");
 0034 0000              nop
 0036                   .dbline 41
 0036           ;    asm("nop");                       
 0036 0000              nop
 0038                   .dbline -2
 0038           L2:
 0038                   .dbline 0 ; func end
 0038 0895              ret
 003A                   .dbend
 003A                   .dbfunc e delay_10us _delay_10us fV
                        .even
 003A           _delay_10us::
 003A                   .dbline -1
 003A                   .dbline 45
 003A           ; } 
 003A           ; 
 003A           ; void delay_10us(void)                 //10us延时函数,,可重复调用不影响精度
 003A           ; {
 003A                   .dbline 46
 003A           ;    delay_3us();
 003A E9DF              xcall _delay_3us
 003C                   .dbline 47
 003C           ;    delay_3us(); 
 003C E8DF              xcall _delay_3us
 003E                   .dbline 48
 003E           ;    delay_3us();  
 003E                   .dbline -2
 003E           L3:
 003E                   .dbline 0 ; func end
 003E E7CF              xjmp _delay_3us
 0040                   .dbend
 0040                   .dbfunc e delay_50us _delay_50us fV
                        .even
 0040           _delay_50us::
 0040                   .dbline -1
 0040                   .dbline 52
 0040           ; }
 0040           ;   
 0040           ; void delay_50us(void)                 //48us延时函数,,可重复调用不影响精度
 0040           ; { 
 0040                   .dbline 53
 0040           ;    delay_10us();
 0040 FCDF              xcall _delay_10us
 0042                   .dbline 54
 0042           ;    delay_10us(); 
 0042 FBDF              xcall _delay_10us
 0044                   .dbline 55
 0044           ;    delay_10us();
 0044 FADF              xcall _delay_10us
 0046                   .dbline 56
 0046           ;    delay_10us();
 0046                   .dbline -2
 0046           L4:
 0046                   .dbline 0 ; func end
 0046 F9CF              xjmp _delay_10us
 0048                   .dbend
 0048                   .dbfunc e delay_100us _delay_100us fV
                        .even
 0048           _delay_100us::
 0048                   .dbline -1
 0048                   .dbline 59
 0048           ; }
 0048           ; void delay_100us(void)     //exactly 98us延时函数,,可重复调用不影响精度
 0048           ; {
 0048                   .dbline 60
 0048           ;  delay_50us();
 0048 FBDF              xcall _delay_50us
 004A                   .dbline 61
 004A           ;  delay_50us();
 004A                   .dbline -2
 004A           L5:
 004A                   .dbline 0 ; func end
 004A FACF              xjmp _delay_50us
 004C                   .dbend
 004C                   .dbfunc e delay_n100us _delay_n100us fV
 004C           ;         n100us -> R20
                        .even
 004C           _delay_n100us::
 004C 4A93              st -y,R20
 004E 402F              mov R20,R16
 0050                   .dbline -1
 0050                   .dbline 64
 0050           ; }
 0050           ; void delay_n100us(unsigned char n100us)
 0050           ; {
 0050 01C0              xjmp L8
 0052           L7:
 0052                   .dbline 66
 0052           ;  while(n100us--)                          
 0052           ;  delay_100us();
 0052 FADF              xcall _delay_100us
 0054           L8:
 0054                   .dbline 65
 0054 242E              mov R2,R20
 0056 3324              clr R3
 0058 4150              subi R20,1
 005A 2220              tst R2
 005C D1F7              brne L7
 005E           X0:
 005E                   .dbline -2
 005E           L6:
 005E                   .dbline 0 ; func end
 005E 4991              ld R20,y+
 0060 0895              ret
 0062                   .dbsym r n100us 20 c
 0062                   .dbend
 0062                   .dbfunc e delay_1ms _delay_1ms fV
                        .even
 0062           _delay_1ms::
 0062                   .dbline -1
 0062                   .dbline 78
 0062           ; }
 0062           ; /*delay_n100us(2)        250us
 0062           ; delay_n100us(3)          360us
 0062           ; delay_n100us(4)          470us
 0062           ; delay_n100us(5)          580us
 0062           ; delay_n100us(6)          690us
 0062           ; delay_n100us(7)       800us
 0062           ; delay_n100us(8)          900us              主要是由于函数声明及while,,,大概6us
 0062           ; 
 0062           ; */
 0062           ; void delay_1ms()
 0062           ; {
 0062                   .dbline 79
 0062           ;  delay_100us();
 0062 F2DF              xcall _delay_100us
 0064                   .dbline 80
 0064           ;  delay_100us();
 0064 F1DF              xcall _delay_100us
 0066                   .dbline 81
 0066           ;  delay_100us();
 0066 F0DF              xcall _delay_100us
 0068                   .dbline 82
 0068           ;  delay_100us();
 0068 EFDF              xcall _delay_100us
 006A                   .dbline 83
 006A           ;  delay_100us();
 006A EEDF              xcall _delay_100us
 006C                   .dbline 84
 006C           ;  delay_100us();
 006C EDDF              xcall _delay_100us
 006E                   .dbline 85
 006E           ;  delay_100us();
 006E ECDF              xcall _delay_100us
 0070                   .dbline 86
 0070           ;  delay_100us();
 0070 EBDF              xcall _delay_100us
 0072                   .dbline 87
 0072           ;  delay_100us();
 0072 EADF              xcall _delay_100us
 0074                   .dbline 88
 0074           ;  delay_100us();
 0074                   .dbline -2
 0074           L10:
 0074                   .dbline 0 ; func end
 0074 E9CF              xjmp _delay_100us
 0076                   .dbend
 0076                   .dbfunc e delay_nms _delay_nms fV
 0076           ;            nms -> R20,R21
                        .even
 0076           _delay_nms::
 0076 4A93              st -y,R20
 0078 5A93              st -y,R21
 007A A801              movw R20,R16
 007C                   .dbline -1
 007C                   .dbline 98
 007C           ; }
 007C           ; /********************************************************************
 007C           ; 函 数 名：Delay_ms
 007C           ; 建立日期：2010年1月28日
 007C           ; 修改日期：
 007C           ; 函数作用：毫秒级的精确延时程序
 007C           ; 说    明：
 007C           ; ********************************************************************/
 007C           ; void delay_nms(unsigned int nms)
 007C           ; {
 007C 01C0              xjmp L13
 007E           L12:
 007E                   .dbline 100
 007E           ;  while(nms--) 
 007E           ;  delay_1ms();
 007E F1DF              xcall _delay_1ms
 0080           L13:
 0080                   .dbline 99
 0080 1A01              movw R2,R20
 0082 4150              subi R20,1
 0084 5040              sbci R21,0
 0086 2220              tst R2
 0088 D1F7              brne L12
 008A 3320              tst R3
 008C C1F7              brne L12
 008E           X1:
 008E                   .dbline -2
 008E           L11:
 008E                   .dbline 0 ; func end
 008E 5991              ld R21,y+
 0090 4991              ld R20,y+
 0092 0895              ret
 0094                   .dbsym r nms 20 i
 0094                   .dbend
 0094                   .dbfunc e delay_ns _delay_ns fV
 0094           ;             ns -> R20
                        .even
 0094           _delay_ns::
 0094 4A93              st -y,R20
 0096 402F              mov R20,R16
 0098                   .dbline -1
 0098                   .dbline 103
 0098           ; }
 0098           ; void delay_ns(unsigned char ns)
 0098           ; {
 0098 03C0              xjmp L17
 009A           L16:
 009A                   .dbline 105
 009A           ;  while(ns--) 
 009A           ;  delay_nms(1000);
 009A 08EE              ldi R16,1000
 009C 13E0              ldi R17,3
 009E EBDF              xcall _delay_nms
 00A0           L17:
 00A0                   .dbline 104
 00A0 242E              mov R2,R20
 00A2 3324              clr R3
 00A4 4150              subi R20,1
 00A6 2220              tst R2
 00A8 C1F7              brne L16
 00AA           X2:
 00AA                   .dbline -2
 00AA           L15:
 00AA                   .dbline 0 ; func end
 00AA 4991              ld R20,y+
 00AC 0895              ret
 00AE                   .dbsym r ns 20 c
 00AE                   .dbend
                        .area data(ram, con, rel)
 0000                   .dbfile F:\PROGRA~1\iccavr\include\delay.h
 0000           _table::
 0000                   .blkb 2
                        .area idata
 0000 3F06              .byte 63,6
                        .area data(ram, con, rel)
 0002                   .dbfile F:\PROGRA~1\iccavr\include\delay.h
 0002                   .blkb 2
                        .area idata
 0002 5B4F              .byte 91,'O
                        .area data(ram, con, rel)
 0004                   .dbfile F:\PROGRA~1\iccavr\include\delay.h
 0004                   .blkb 2
                        .area idata
 0004 666D              .byte 'f,'m
                        .area data(ram, con, rel)
 0006                   .dbfile F:\PROGRA~1\iccavr\include\delay.h
 0006                   .blkb 2
                        .area idata
 0006 7D07              .byte 125,7
                        .area data(ram, con, rel)
 0008                   .dbfile F:\PROGRA~1\iccavr\include\delay.h
 0008                   .blkb 2
                        .area idata
 0008 7F6F              .byte 127,'o
                        .area data(ram, con, rel)
 000A                   .dbfile F:\PROGRA~1\iccavr\include\delay.h
 000A                   .blkb 2
                        .area idata
 000A 777C              .byte 'w,124
                        .area data(ram, con, rel)
 000C                   .dbfile F:\PROGRA~1\iccavr\include\delay.h
 000C                   .blkb 2
                        .area idata
 000C 395E              .byte 57,94
                        .area data(ram, con, rel)
 000E                   .dbfile F:\PROGRA~1\iccavr\include\delay.h
 000E                   .blkb 2
                        .area idata
 000E 7971              .byte 'y,'q
                        .area data(ram, con, rel)
 0010                   .dbfile F:\PROGRA~1\iccavr\include\delay.h
 0010                   .dbfile E:\DMAVR-~3\LEDSHOW\LEDSHOW.C
 0010                   .dbsym e table _table A[16:16]c
                        .area text(rom, con, rel)
 00AE                   .dbfile E:\DMAVR-~3\LEDSHOW\LEDSHOW.C
 00AE                   .dbfunc e System_Init _System_Init fV
                        .even
 00AE           _System_Init::
 00AE                   .dbline -1
 00AE                   .dbline 50
 00AE           ; //DMAVR-128的8位数码管动态显示程序，显示01234567
 00AE           ; //编译环境 ICCAVR 7.16A
 00AE           ; //系统时钟7.3728MHZ，设置熔丝位为外部高频石英晶体振荡，启动时间4.1ms
 00AE           ; //作者：阿迪 www.avrgcc.com
 00AE           ; //日期：2010.01.14
 00AE           ; //***********************************************************************
 00AE           ; //                    包含文件
 00AE           ; //***********************************************************************
 00AE           ; 
 00AE           ; #include <string.h>
 00AE           ; #include <stdio.h>
 00AE           ; #include <delay.h>
 00AE           ; #include <iom128v.h>
 00AE           ; 
 00AE           ; //***********************************************************************
 00AE           ; //                    定义变量区
 00AE           ; //***********************************************************************
 00AE           ; 
 00AE           ; #define uchar           unsigned char
 00AE           ; #define uint            unsigned int
 00AE           ; 
 00AE           ; #define Data_IO               PORTA                //数据口
 00AE           ; #define Data_DDR        DDRA                 //数据口方向寄存器
 00AE           ; #define D_LE0         PORTD &= ~(1 << PD4) //数码管段控制位为0
 00AE           ; #define D_LE1           PORTD |= (1 << PD4)  //数码管段控制位为1
 00AE           ; #define W_LE0         PORTD &= ~(1 << PD5) //数码管位控制位为0
 00AE           ; #define W_LE1           PORTD |= (1 << PD5)  //数码管位控制位为1
 00AE           ; 
 00AE           ; #define W0                            0xfe                 //数码管各位单独选中时应送的位数据
 00AE           ; #define W1              0xfd
 00AE           ; #define W2                            0xfb
 00AE           ; #define W3              0xf7
 00AE           ; #define W4                            0xef
 00AE           ; #define W5              0xdf
 00AE           ; #define W6                            0xbf
 00AE           ; #define W7              0x7f
 00AE           ; 
 00AE           ; //***********************************************************************
 00AE           ; //                    共阴数码管显示的断码表
 00AE           ; //***********************************************************************
 00AE           ; 
 00AE           ; uchar table[]={0x3f,0x06,0x5b,0x4f,0x66,0x6d,0x7d,
 00AE           ;                0x07,0x7f,0x6f,0x77,0x7c,0x39,0x5e,0x79,0x71};
 00AE           ; 
 00AE           ; //***********************************************************************
 00AE           ; //                    IO端口初始化
 00AE           ; //***********************************************************************
 00AE           ; 
 00AE           ; void System_Init()
 00AE           ; {
 00AE                   .dbline 51
 00AE           ;     Data_IO=0xFF;             //数据口为输出
 00AE 8FEF              ldi R24,255
 00B0 8BBB              out 0x1b,R24
 00B2                   .dbline 52
 00B2           ;     Data_DDR=0xFF;
 00B2 8ABB              out 0x1a,R24
 00B4                   .dbline 54
 00B4           ; 
 00B4           ;     PORTD=0xFF;               //74HC573的控制口，设置为输出
 00B4 82BB              out 0x12,R24
 00B6                   .dbline 55
 00B6           ;     DDRD=0xFF;
 00B6 81BB              out 0x11,R24
 00B8                   .dbline 57
 00B8           ;       
 00B8           ;       PORTB=0xFF;                               //关闭发光二极管
 00B8 88BB              out 0x18,R24
 00BA                   .dbline 58
 00BA           ;       DDRB=0xFF;
 00BA 87BB              out 0x17,R24
 00BC                   .dbline -2
 00BC           L19:
 00BC                   .dbline 0 ; func end
 00BC 0895              ret
 00BE                   .dbend
 00BE                   .dbfunc e Write_LED _Write_LED fV
 00BE           ;              j -> R22
 00BE           ;              i -> R20
                        .even
 00BE           _Write_LED::
 00BE 4A93              st -y,R20
 00C0 6A93              st -y,R22
 00C2                   .dbline -1
 00C2                   .dbline 66
 00C2           ; }
 00C2           ; 
 00C2           ; //***********************************************************************
 00C2           ; //                    74HC573控制数码管动态扫描
 00C2           ; //***********************************************************************
 00C2           ; 
 00C2           ; void Write_LED()
 00C2           ; {
 00C2                   .dbline 68
 00C2           ;    uchar i,j;
 00C2           ;    j=0x01;                    //此数据用来控制位选
 00C2 61E0              ldi R22,1
 00C4                   .dbline 69
 00C4           ;   for(i=0;i<8;i++)
 00C4 4427              clr R20
 00C6 14C0              xjmp L24
 00C8           L21:
 00C8                   .dbline 70
 00C8           ;   {
 00C8                   .dbline 71
 00C8           ;     D_LE1;                    //控制数码管段数据的74HC573的LE管脚置高
 00C8 949A              sbi 0x12,4
 00CA                   .dbline 72
 00CA           ;     W_LE1;                    //控制数码管位的74HC573的LE管脚置高
 00CA 959A              sbi 0x12,5
 00CC                   .dbline 73
 00CC           ;     Data_IO=~j;               //设置要显示的位，也就是哪一个数码管亮
 00CC 262E              mov R2,R22
 00CE 2094              com R2
 00D0 2BBA              out 0x1b,R2
 00D2                   .dbline 74
 00D2           ;     W_LE0;                    //锁存位数据，下面送上段数据以后，就显示出来了
 00D2 9598              cbi 0x12,5
 00D4                   .dbline 75
 00D4           ;       j=(j<<1);
 00D4 660F              lsl R22
 00D6                   .dbline 76
 00D6           ;     Data_IO=table[i];         //送要显示的数据，就是段数据，如显示0送的是0x3f
 00D6 80E0              ldi R24,<_table
 00D8 90E0              ldi R25,>_table
 00DA E42F              mov R30,R20
 00DC FF27              clr R31
 00DE E80F              add R30,R24
 00E0 F91F              adc R31,R25
 00E2 2080              ldd R2,z+0
 00E4 2BBA              out 0x1b,R2
 00E6                   .dbline 77
 00E6           ;     D_LE0;                    //锁存段数据，数码管亮一个时间片刻
 00E6 9498              cbi 0x12,4
 00E8                   .dbline 78
 00E8           ;     delay_nms(1);              //显示一个时间片刻，会影响亮度和闪烁性
 00E8 01E0              ldi R16,1
 00EA 10E0              ldi R17,0
 00EC C4DF              xcall _delay_nms
 00EE                   .dbline 80
 00EE           ; 
 00EE           ;   }
 00EE           L22:
 00EE                   .dbline 69
 00EE 4395              inc R20
 00F0           L24:
 00F0                   .dbline 69
 00F0 4830              cpi R20,8
 00F2 50F3              brlo L21
 00F4           X3:
 00F4                   .dbline -2
 00F4           L20:
 00F4                   .dbline 0 ; func end
 00F4 6991              ld R22,y+
 00F6 4991              ld R20,y+
 00F8 0895              ret
 00FA                   .dbsym r j 22 c
 00FA                   .dbsym r i 20 c
 00FA                   .dbend
 00FA                   .dbfunc e main _main fV
                        .even
 00FA           _main::
 00FA                   .dbline -1
 00FA                   .dbline 88
 00FA           ; }
 00FA           ; 
 00FA           ; //***********************************************************************
 00FA           ; //                    主程序
 00FA           ; //***********************************************************************
 00FA           ; 
 00FA           ; void main(void)
 00FA           ; {
 00FA                   .dbline 90
 00FA           ; 
 00FA           ;      System_Init();             //初始化
 00FA D9DF              xcall _System_Init
 00FC 01C0              xjmp L27
 00FE           L26:
 00FE                   .dbline 93
 00FE           ; 
 00FE           ;  while(1)
 00FE           ;    {
 00FE                   .dbline 94
 00FE           ;      Write_LED();               //调用函数，显示
 00FE DFDF              xcall _Write_LED
 0100                   .dbline 95
 0100           ;    }
 0100           L27:
 0100                   .dbline 92
 0100 FECF              xjmp L26
 0102           X4:
 0102                   .dbline -2
 0102           L25:
 0102                   .dbline 0 ; func end
 0102 0895              ret
 0104                   .dbend
 0104           ; 
 0104           ; }
