

HI-TECH Software PICC Macro Assembler V9.60
                                                      Thu Dec 13 10:04:37 2012


     1                           	processor	16F877A
     2                           	opt	pw 79
     3                           	psect	rdata_1,global,class=BANK1,space=1,delta
      +                          =1
     4                           	psect	idata_1,global,class=CODE,delta=2
     5                           	psect	text1,local,class=CODE,delta=2
     6                           	psect	config,global,class=CONFIG,delta=2
     7                           	psect	text3,local,class=CODE,delta=2
     8                           	psect	rbss_0,global,class=BANK0,space=1,delta=
      +                          1
     9  0000                     
    10  0000                     
    11  0000                     
    12  0000                     
    13  0000                     
    14  0000                     
    15  0000                     
    16  0000                     
    17  0000                     
    18  0000                     
    19                           
    20                           	psect	rdata_1
    21  00A0                     _tab
                     _tab
    22  00A0                     	ds	1
                     	ds	1
    23  00A1                     	ds	1
                     	ds	1
    24  00A2                     	ds	1
                     	ds	1
    25  00A3                     	ds	1
                     	ds	1
    26  00A4                     	ds	1
                     	ds	1
    27  00A5                     	ds	1
                     	ds	1
    28  00A6                     	ds	1
                     	ds	1
    29  00A7                     	ds	1
                     	ds	1
    30  00A8                     	ds	1
                     	ds	1
    31  00A9                     	ds	1
                     	ds	1
    32  00AA                     	ds	1
                     	ds	1
    33  00AB                     	ds	1
                     	ds	1
    34  00AC                     	ds	1
                     	ds	1
    35  00AD                     	ds	1
                     	ds	1
    36  00AE                     	ds	1
                     	ds	1
    37  00AF                     	ds	1
                     	ds	1
    38  00B0                     	ds	1
                     	ds	1
    39  00B1                     	ds	1
                     	ds	1
    40  00B2                     	ds	1
                     	ds	1
    41  00B3                     	ds	1
                     	ds	1
    42  00B4                     	ds	1
                     	ds	1
    43  00B5                     	ds	1
                     	ds	1
    44  00B6                     	ds	1
                     	ds	1
    45  00B7                     	ds	1
                     	ds	1
    46  00B8                     	ds	1
                     	ds	1
    47  00B9                     	ds	1
                     	ds	1
    48  00BA                     	ds	1
    49                           
    50                           	psect	idata_1
    51  0FE5  3450               	retlw	80
    52  0FE6  346C               	retlw	108
    53  0FE7  3465               	retlw	101
    54  0FE8  3461               	retlw	97
    55  0FE9  3473               	retlw	115
    56  0FEA  3465               	retlw	101
    57  0FEB  3420               	retlw	32
    58  0FEC  3477               	retlw	119
    59  0FED  3472               	retlw	114
    60  0FEE  3469               	retlw	105
    61  0FEF  3474               	retlw	116
    62  0FF0  3465               	retlw	101
    63  0FF1  3420               	retlw	32
    64  0FF2  346F               	retlw	111
    65  0FF3  346E               	retlw	110
    66  0FF4  3420               	retlw	32
    67  0FF5  3474               	retlw	116
    68  0FF6  3468               	retlw	104
    69  0FF7  3465               	retlw	101
    70  0FF8  3420               	retlw	32
    71  0FF9  3462               	retlw	98
    72  0FFA  346F               	retlw	111
    73  0FFB  3461               	retlw	97
    74  0FFC  3472               	retlw	114
    75  0FFD  3464               	retlw	100
    76  0FFE  3421               	retlw	33
    77  0FFF  3400               	retlw	0
    78                           
    79                           	psect	text1
    80  15F0                     _drawpoint
    81                           ;main.c: 87: void drawpoint(unsigned int x,unsi
      +                          gned int y,unsigned int color)
    82  15F0  0183               	clrf	3	;select bank 0
    83  15F1  082A               	movf	?_drawpoint,w
    84  15F2  00CC               	movwf	?_LCD_SetPos
    85  15F3  082B               	movf	?_drawpoint+1,w
    86  15F4  00CD               	movwf	?_LCD_SetPos+1
    87  15F5  3001               	movlw	1
    88  15F6  072A               	addwf	?_drawpoint,w
    89  15F7  00CE               	movwf	?_LCD_SetPos+2
    90  15F8  3000               	movlw	0
    91  15F9  1803               	btfsc	3,0
    92  15FA  3001               	movlw	1
    93  15FB  072B               	addwf	?_drawpoint+1,w
    94  15FC  00CF               	movwf	?_LCD_SetPos+3
    95  15FD  082C               	movf	?_drawpoint+2,w
    96  15FE  00D0               	movwf	?_LCD_SetPos+4
    97  15FF  082D               	movf	?_drawpoint+3,w
    98  1600  00D1               	movwf	?_LCD_SetPos+5
    99  1601  3001               	movlw	1
   100  1602  072C               	addwf	?_drawpoint+2,w
   101  1603  00D2               	movwf	?_LCD_SetPos+6
   102  1604  3000               	movlw	0
   103  1605  1803               	btfsc	3,0
   104  1606  3001               	movlw	1
   105  1607  072D               	addwf	?_drawpoint+3,w
   106  1608  00D3               	movwf	?_LCD_SetPos+7
   107  1609  120A  158A  20A1   	fcall	_LCD_SetPos
   108                           ;main.c: 90: Write_Data_U16(color);
   109  160C  082E               	movf	?_drawpoint+4,w
   110  160D  00CC               	movwf	?_Write_Data_U16
   111  160E  082F               	movf	?_drawpoint+5,w
   112  160F  00CD               	movwf	?_Write_Data_U16+1
   113  1610  120A  158A  207C   	fcall	_Write_Data_U16
   114                           ;main.c: 91: Write_Data_U16(color);
   115  1613  082E               	movf	?_drawpoint+4,w
   116  1614  00CC               	movwf	?_Write_Data_U16
   117  1615  082F               	movf	?_drawpoint+5,w
   118  1616  00CD               	movwf	?_Write_Data_U16+1
   119  1617  120A  158A  207C   	fcall	_Write_Data_U16
   120                           ;main.c: 92: Write_Data_U16(color);
   121  161A  082E               	movf	?_drawpoint+4,w
   122  161B  00CC               	movwf	?_Write_Data_U16
   123  161C  082F               	movf	?_drawpoint+5,w
   124  161D  00CD               	movwf	?_Write_Data_U16+1
   125  161E  120A  158A  207C   	fcall	_Write_Data_U16
      +       160A  118A         
   126                           ;main.c: 93: Write_Data_U16(color);
   127  1623  082E               	movf	?_drawpoint+4,w
   128  1624  00CC               	movwf	?_Write_Data_U16
   129  1625  082F               	movf	?_drawpoint+5,w
   130  1626  00CD               	movwf	?_Write_Data_U16+1
   131  1627  120A  158A  287C   	ljmp	_Write_Data_U16
   132  162A                     _IO_init
   133                           ;main.c: 69: void IO_init(void)
   134  162A  1683               	bsf	3,5
   135  162B  1303               	bcf	3,6	;carry unused
   136  162C  0188               	clrf	8	;volatile
   137                           ;main.c: 72: PORTD=0xff;
   138  162D  30FF               	movlw	-1
   139  162E  1283               	bcf	3,5
   140  162F  0088               	movwf	8	;volatile
   141                           ;main.c: 74: TRISB=0x00;
   142  1630  1683               	bsf	3,5
   143  1631  0186               	clrf	6	;volatile
   144                           ;main.c: 75: PORTB=0xff;
   145  1632  1283               	bcf	3,5
   146  1633  0086               	movwf	6	;volatile
   147                           ;main.c: 77: TRISC=0x00;
   148  1634  1683               	bsf	3,5
   149  1635  0187               	clrf	7	;volatile
   150                           ;main.c: 78: PORTC=0xff;
   151  1636  1283               	bcf	3,5
   152  1637  0087               	movwf	7	;volatile
   153                           ;main.c: 80: }
   154  1638  0008               	return	;W free
   155  1639                     _main
   156                           ;main.c: 102: main()
   157  1639  3028               	movlw	40
   158  163A  1283               	bcf	3,5
   159  163B  1303               	bcf	3,6	;carry unused
   160  163C  00A0               	movwf	_Device_code
   161  163D  3093               	movlw	147
   162  163E  00A1               	movwf	_Device_code+1	;#
   163                           ;main.c: 106: IO_init();
   164  163F  262A               	fcall	_IO_init
   165                           ;main.c: 108: TFT_Initial();
   166  1640  120A  158A  20F5   	fcall	_TFT_Initial
   167                           ;main.c: 109: start_7843();
   168  1643  120A  158A  2067   	fcall	_start_7843
   169                           ;main.c: 111: CLR_Screen(0x001F);
   170  1646  301F               	movlw	31
   171  1647  00AA               	movwf	?_CLR_Screen
   172  1648  01AB               	clrf	?_CLR_Screen+1
   173  1649  160A  118A  257F   	fcall	_CLR_Screen
   174                           ;main.c: 112: LCD_PutString(16,5,tab,0xF81F,0x0
      +                          01F);
   175  164C  3010               	movlw	16
   176  164D  00AA               	movwf	?_LCD_PutString
   177  164E  01AB               	clrf	?_LCD_PutString+1
   178  164F  3005               	movlw	5
   179  1650  00AC               	movwf	?_LCD_PutString+2
   180  1651  01AD               	clrf	?_LCD_PutString+3
   181  1652  30A0               	movlw	_tab
   182  1653  00AE               	movwf	?_LCD_PutString+4
   183  1654  301F               	movlw	31
   184  1655  00AF               	movwf	?_LCD_PutString+5
   185  1656  30F8               	movlw	248
   186  1657  00B0               	movwf	?_LCD_PutString+6
   187  1658  301F               	movlw	31
   188  1659  00B1               	movwf	?_LCD_PutString+7
   189  165A  01B2               	clrf	?_LCD_PutString+8
   190  165B  120A  158A  2654   	fcall	_LCD_PutString
   191  165E                     l6
   192                           ;main.c: 114: while(1)
   193                           ;main.c: 115: {
   194  165E  160A  118A  276E   	fcall	_Getpix
      +       160A  118A         
   195  1663  3A01               	xorlw	1
   196  1664  1D03               	btfss	3,2
   197  1665  2E5E               	goto	l6
   198                           ;main.c: 117: drawpoint(lx,ly,0xF800);
   199  1666  0822               	movf	_lx,w
   200  1667  00AA               	movwf	?_drawpoint
   201  1668  0823               	movf	_lx+1,w
   202  1669  00AB               	movwf	?_drawpoint+1
   203  166A  0824               	movf	_ly,w
   204  166B  00AC               	movwf	?_drawpoint+2
   205  166C  0825               	movf	_ly+1,w
   206  166D  00AD               	movwf	?_drawpoint+3
   207  166E  01AE               	clrf	?_drawpoint+4
   208  166F  30F8               	movlw	248
   209  1670  00AF               	movwf	?_drawpoint+5
   210  1671  25F0  160A  118A   	fcall	_drawpoint
   211  1674  2E5E               	goto	l6
   212                           
   213                           	psect	config
   214                           ;main.c: 105: asm("\tpsect config,class=CONFIG,
      +                          delta=2"); asm("\tdw ""0x3FFD&0x3FFB&0x3F7F");
   215  2007  3F79               	dw	16249	;#
   216                           
   217                           	psect	text3
   218  0000                     
   219  0000                     
   220  0000                     
   221  0000                     
   222  0000                     
   223  0000                     
   224  0000                     
   225  0000                     
   226  0000                     
   227  0000                     
   228  0000                     
   229  0000                     
   230  0000                     
   231  0000                     
   232  0000                     
   233  0000                     
   234  0000                     
   235  0000                     
   236  0000                     
   237  0000                     
   238  0000                     
   239  0000                     
   240  0000                     
   241  0000                     
   242  0000                     
   243  0000                     
   244  0000                     
   245  0000                     
   246  0000                     
   247  0000                     
   248  0000                     
   249  0000                     
   250  0000                     
   251  0000                     
   252  0000                     
   253  0000                     
   254  0000                     
   255  0000                     
   256  0000                     
   257  0000                     
   258  0000                     
   259  0000                     
   260  0000                     
   261  0000                     
   262  0000                     
   263  0000                     
   264  0000                     
   265  0000                     
   266  0000                     
   267  0000                     
   268  0000                     
   269  0000                     
   270  0000                     
   271  0000                     
   272  0000                     
   273  0000                     
   274  0000                     
   275  0000                     
   276  0000                     
   277  0000                     
   278  0000                     
   279  0000                     
   280  0000                     
   281  0000                     
   282  0000                     
   283  0000                     
   284  0000                     
   285  0000                     
   286  0000                     
   287  0000                     
   288  0000                     
   289  0000                     
   290  0000                     
   291  0000                     
   292  0000                     
   293  0000                     
   294  0000                     
   295  0000                     
   296  0000                     
   297  0000                     
   298  0000                     
   299  0000                     
   300  0000                     
   301  0000                     
   302  0000                     
   303  0000                     
   304  0000                     
   305  0000                     
   306  0000                     
   307  0000                     
   308  0000                     
   309  0000                     
   310  0000                     
   311  0000                     
   312  0000                     
   313  0000                     
   314  0000                     
   315  0000                     
   316  0000                     
   317  0000                     
   318  0000                     
   319  0000                     
   320  0000                     
   321  0000                     
   322  0000                     
   323  0000                     
   324  0000                     
   325  0000                     
   326  0000                     
   327  0000                     
   328  0000                     
   329  0000                     
   330  0000                     
   331  0000                     
   332  0000                     
   333  0000                     
   334  0000                     
   335  0000                     
   336  0000                     
   337  0000                     
   338  0000                     
   339  0000                     
   340  0000                     
   341  0000                     
   342  0000                     
   343  0000                     
   344  0000                     
   345  0000                     
   346  0000                     
   347  0000                     
   348  0000                     
   349  0000                     
   350  0000                     
   351  0000                     
   352  0000                     
   353  0000                     
   354  0000                     
   355  0000                     
   356  0000                     
   357  0000                     
   358  0000                     
   359  0000                     
   360  0000                     
   361  0000                     
   362  0000                     
   363  0000                     
   364  0000                     
   365  0000                     
   366  0000                     
   367  0000                     
   368  0000                     
   369  0000                     
   370  0000                     
   371  0000                     
   372  0000                     
   373  0000                     
   374  0000                     
   375  0000                     
   376  0000                     
   377  0000                     
   378  0000                     
   379  0000                     
   380  0000                     
   381  0000                     
   382  0000                     
   383  0000                     
   384  0000                     
   385  0000                     
   386  0000                     
   387  0000                     
   388  0000                     
   389  0000                     
   390  0000                     
   391  0000                     
   392  0000                     
   393  0000                     
   394  0000                     
   395  0000                     
   396  0000                     
   397  0000                     
   398  0000                     
   399  0000                     
   400  0000                     
   401  0000                     
   402  0000                     
   403  0000                     
   404  0000                     
   405  0000                     
   406  0000                     
   407  0000                     
   408  0000                     
   409  0000                     
   410  0000                     
   411  0000                     
   412  0000                     
   413  0000                     
   414  0000                     
   415  0000                     
   416  0000                     
   417  0000                     
   418  0000                     
   419  0000                     
   420  0000                     
   421  0000                     
   422  0000                     
   423  0000                     
   424  0000                     
   425  0000                     
   426  0000                     
   427  0000                     
   428  0000                     
   429  0000                     
   430  0000                     
   431  0000                     
   432  0000                     
   433  0000                     
   434  0000                     
   435  0000                     
   436  0000                     
   437  0000                     
   438  0000                     
   439  0000                     
   440  0000                     
   441  0000                     
   442  0000                     
   443  0000                     
   444  0000                     
   445  0000                     
   446  0000                     
   447  0000                     
   448  0000                     
   449  0000                     
   450  0000                     
   451  0000                     
   452  0000                     
   453  0000                     
   454  0000                     
   455  0000                     
   456  0000                     
   457  0000                     
   458  0000                     
   459  0000                     
   460  0000                     
   461  0000                     
   462  0000                     
   463  0000                     
   464  0000                     
   465  0000                     
   466  0000                     
   467  0000                     
   468  0000                     
   469  0000                     
   470  0000                     
   471  0000                     
   472  0000                     
   473  0000                     
   474  0000                     
   475  0000                     
   476  0000                     
   477  0000                     
   478  0000                     
   479  0000                     
   480  0000                     
   481  0000                     
   482  0000                     
   483  0000                     
   484  0000                     
   485  0000                     
   486  0000                     
   487  0000                     
   488  0000                     
   489  0000                     
   490  0000                     
   491  0000                     
   492  0000                     
   493  0000                     
   494  0000                     
   495                           
   496                           	psect	rbss_0
   497  0020                     _Device_code
                     _Device_code
   498  0020                     	ds	2


HI-TECH Software PICC Macro Assembler V9.60
Symbol Table                                          Thu Dec 13 10:04:37 2012

              l6 165E               _lx 0022               _ly 0024  
    _TFT_Initial 08F5       _start_7843 0867              _tab 00A0  
         _Getpix 176E      _Device_code 0020        _drawpoint 15F0  
    ?_CLR_Screen 002A          _IO_init 162A      ?_LCD_SetPos 004C  
  _LCD_PutString 0E54             _main 1639       _CLR_Screen 157F  
           start 0000       _LCD_SetPos 08A1   ?_LCD_PutString 002A  
 _Write_Data_U16 087C       ?_drawpoint 002A            status 0003  
?_Write_Data_U16 004C  
